<?xml version="1.0" encoding="UTF-8"?>
<!-- Generated by org.testng.reporters.JUnitXMLReporter -->
<testsuite hostname="DESKTOP-1819MVE" ignored="0" name="Test" tests="20" failures="2" timestamp="2021-03-01T09:12:41 IST" time="25.252" errors="0">
  <testcase name="@AfterMethod closeApplication" time="0.002" classname="generic.Precondition">
    <failure type="org.openqa.selenium.NoSuchSessionException" message="Session ID is null. Using WebDriver after calling quit()?
Build info: version: &amp;apos;3.141.59&amp;apos;, revision: &amp;apos;e82be7d358&amp;apos;, time: &amp;apos;2018-11-14T08:17:03&amp;apos;
System info: host: &amp;apos;DESKTOP-1819MVE&amp;apos;, ip: &amp;apos;192.168.1.7&amp;apos;, os.name: &amp;apos;Windows 10&amp;apos;, os.arch: &amp;apos;amd64&amp;apos;, os.version: &amp;apos;10.0&amp;apos;, java.version: &amp;apos;1.8.0_271&amp;apos;
Driver info: driver.version: RemoteWebDriver">
      <![CDATA[org.openqa.selenium.NoSuchSessionException: Session ID is null. Using WebDriver after calling quit()?
Build info: version: '3.141.59', revision: 'e82be7d358', time: '2018-11-14T08:17:03'
System info: host: 'DESKTOP-1819MVE', ip: '192.168.1.7', os.name: 'Windows 10', os.arch: 'amd64', os.version: '10.0', java.version: '1.8.0_271'
Driver info: driver.version: RemoteWebDriver
at org.openqa.selenium.remote.HttpCommandExecutor.execute(HttpCommandExecutor.java:125)
at org.openqa.selenium.remote.service.DriverCommandExecutor.execute(DriverCommandExecutor.java:83)
at org.openqa.selenium.remote.RemoteWebDriver.execute(RemoteWebDriver.java:552)
at org.openqa.selenium.remote.RemoteWebDriver.execute(RemoteWebDriver.java:609)
at org.openqa.selenium.remote.RemoteWebDriver.getScreenshotAs(RemoteWebDriver.java:295)
at generic.Screenshot.capture(Screenshot.java:21)
at generic.Precondition.closeApplication(Precondition.java:159)
at java.util.concurrent.ThreadPoolExecutor.runWorker(Unknown Source)
at java.util.concurrent.ThreadPoolExecutor$Worker.run(Unknown Source)
at java.lang.Thread.run(Unknown Source)
... Removed 17 stack frames]]>
    </failure>
  </testcase> <!-- @AfterMethod closeApplication -->
  <testcase name="@BeforeMethod setUp" time="-1.614570155264E9" classname="generic.Precondition">
    <skipped/>
  </testcase> <!-- @BeforeMethod setUp -->
  <testcase name="@AfterMethod closeApplication" time="-1.614570155279E9" classname="generic.Precondition">
    <skipped/>
  </testcase> <!-- @AfterMethod closeApplication -->
  <testcase name="@BeforeMethod setUp" time="-1.614570155283E9" classname="generic.Precondition">
    <skipped/>
  </testcase> <!-- @BeforeMethod setUp -->
  <testcase name="@AfterMethod closeApplication" time="-1.61457015533E9" classname="generic.Precondition">
    <skipped/>
  </testcase> <!-- @AfterMethod closeApplication -->
  <testcase name="@BeforeMethod setUp" time="-1.614570155335E9" classname="generic.Precondition">
    <skipped/>
  </testcase> <!-- @BeforeMethod setUp -->
  <testcase name="@AfterMethod closeApplication" time="-1.614570155382E9" classname="generic.Precondition">
    <skipped/>
  </testcase> <!-- @AfterMethod closeApplication -->
  <testcase name="@BeforeMethod setUp" time="-1.614570155389E9" classname="generic.Precondition">
    <skipped/>
  </testcase> <!-- @BeforeMethod setUp -->
  <testcase name="@AfterMethod closeApplication" time="-1.614570155397E9" classname="generic.Precondition">
    <skipped/>
  </testcase> <!-- @AfterMethod closeApplication -->
  <testcase name="@BeforeMethod setUp" time="-1.614570155399E9" classname="generic.Precondition">
    <skipped/>
  </testcase> <!-- @BeforeMethod setUp -->
  <testcase name="@AfterMethod closeApplication" time="-1.614570155406E9" classname="generic.Precondition">
    <skipped/>
  </testcase> <!-- @AfterMethod closeApplication -->
  <testcase name="@BeforeMethod setUp" time="-1.614570155409E9" classname="generic.Precondition">
    <skipped/>
  </testcase> <!-- @BeforeMethod setUp -->
  <testcase name="@AfterMethod closeApplication" time="-1.614570155424E9" classname="generic.Precondition">
    <skipped/>
  </testcase> <!-- @AfterMethod closeApplication -->
  <testcase name="@BeforeMethod setUp" time="-1.614570155431E9" classname="generic.Precondition">
    <skipped/>
  </testcase> <!-- @BeforeMethod setUp -->
  <testcase name="@AfterMethod closeApplication" time="-1.614570155521E9" classname="generic.Precondition">
    <skipped/>
  </testcase> <!-- @AfterMethod closeApplication -->
  <testcase name="@BeforeMethod setUp" time="-1.614570155533E9" classname="generic.Precondition">
    <skipped/>
  </testcase> <!-- @BeforeMethod setUp -->
  <testcase name="@AfterMethod closeApplication" time="-1.614570155563E9" classname="generic.Precondition">
    <skipped/>
  </testcase> <!-- @AfterMethod closeApplication -->
  <testcase name="@BeforeMethod setUp" time="-1.61457015557E9" classname="generic.Precondition">
    <skipped/>
  </testcase> <!-- @BeforeMethod setUp -->
  <testcase name="@AfterMethod closeApplication" time="-1.614570155586E9" classname="generic.Precondition">
    <skipped/>
  </testcase> <!-- @AfterMethod closeApplication -->
  <testcase name="@AfterMethod closeApplication" time="-1.614570161653E9" classname="generic.Precondition">
    <skipped/>
  </testcase> <!-- @AfterMethod closeApplication -->
  <testcase name="@BeforeMethod setUp" time="-1.614570161655E9" classname="generic.Precondition">
    <skipped/>
  </testcase> <!-- @BeforeMethod setUp -->
  <testcase name="@AfterMethod closeApplication" time="-1.614570161658E9" classname="generic.Precondition">
    <skipped/>
  </testcase> <!-- @AfterMethod closeApplication -->
  <testcase name="@BeforeMethod setUp" time="-1.614570161659E9" classname="generic.Precondition">
    <skipped/>
  </testcase> <!-- @BeforeMethod setUp -->
  <testcase name="@AfterMethod closeApplication" time="-1.614570161663E9" classname="generic.Precondition">
    <skipped/>
  </testcase> <!-- @AfterMethod closeApplication -->
  <testcase name="@BeforeMethod setUp" time="-1.614570161664E9" classname="generic.Precondition">
    <skipped/>
  </testcase> <!-- @BeforeMethod setUp -->
  <testcase name="@AfterMethod closeApplication" time="-1.614570161668E9" classname="generic.Precondition">
    <skipped/>
  </testcase> <!-- @AfterMethod closeApplication -->
  <testcase name="@BeforeMethod setUp" time="-1.61457016167E9" classname="generic.Precondition">
    <skipped/>
  </testcase> <!-- @BeforeMethod setUp -->
  <testcase name="@AfterMethod closeApplication" time="-1.614570161676E9" classname="generic.Precondition">
    <skipped/>
  </testcase> <!-- @AfterMethod closeApplication -->
  <testcase name="@BeforeMethod setUp" time="-1.614570161677E9" classname="generic.Precondition">
    <skipped/>
  </testcase> <!-- @BeforeMethod setUp -->
  <testcase name="@AfterMethod closeApplication" time="-1.614570161682E9" classname="generic.Precondition">
    <skipped/>
  </testcase> <!-- @AfterMethod closeApplication -->
  <testcase name="@BeforeMethod setUp" time="-1.61457016169E9" classname="generic.Precondition">
    <skipped/>
  </testcase> <!-- @BeforeMethod setUp -->
  <testcase name="@AfterMethod closeApplication" time="-1.614570161714E9" classname="generic.Precondition">
    <skipped/>
  </testcase> <!-- @AfterMethod closeApplication -->
  <testcase name="@BeforeMethod setUp" time="-1.614570161726E9" classname="generic.Precondition">
    <skipped/>
  </testcase> <!-- @BeforeMethod setUp -->
  <testcase name="@AfterMethod closeApplication" time="-1.614570161732E9" classname="generic.Precondition">
    <skipped/>
  </testcase> <!-- @AfterMethod closeApplication -->
  <testcase name="@BeforeMethod setUp" time="-1.614570161734E9" classname="generic.Precondition">
    <skipped/>
  </testcase> <!-- @BeforeMethod setUp -->
  <testcase name="@AfterMethod closeApplication" time="-1.614570161742E9" classname="generic.Precondition">
    <skipped/>
  </testcase> <!-- @AfterMethod closeApplication -->
  <testcase name="stage_web_aurofit_MAINPAGE_SignUp_with_Already_Registed_Email" time="3.765" classname="testscript.Stage_web_aurofit_MAINPAGE">
    <failure type="org.openqa.selenium.StaleElementReferenceException" message="stale element reference: element is not attached to the page document
  (Session info: chrome=88.0.4324.190)
For documentation on this error, please visit: https://www.seleniumhq.org/exceptions/stale_element_reference.html
Build info: version: &amp;apos;3.141.59&amp;apos;, revision: &amp;apos;e82be7d358&amp;apos;, time: &amp;apos;2018-11-14T08:17:03&amp;apos;
System info: host: &amp;apos;DESKTOP-1819MVE&amp;apos;, ip: &amp;apos;192.168.1.7&amp;apos;, os.name: &amp;apos;Windows 10&amp;apos;, os.arch: &amp;apos;amd64&amp;apos;, os.version: &amp;apos;10.0&amp;apos;, java.version: &amp;apos;1.8.0_271&amp;apos;
Driver info: org.openqa.selenium.chrome.ChromeDriver
Capabilities {acceptInsecureCerts: false, browserName: chrome, browserVersion: 88.0.4324.190, chrome: {chromedriverVersion: 88.0.4324.96 (68dba2d8a0b14..., userDataDir: C:\Users\dell\AppData\Local...}, goog:chromeOptions: {debuggerAddress: localhost:63363}, javascriptEnabled: true, networkConnectionEnabled: false, pageLoadStrategy: normal, platform: WINDOWS, platformName: WINDOWS, proxy: Proxy(), setWindowRect: true, strictFileInteractability: false, timeouts: {implicit: 0, pageLoad: 300000, script: 30000}, unhandledPromptBehavior: dismiss and notify, webauthn:extension:largeBlob: true, webauthn:virtualAuthenticators: true}
Session ID: 281da58cfc51cf73aa83748f303939c1">
      <![CDATA[org.openqa.selenium.StaleElementReferenceException: stale element reference: element is not attached to the page document
  (Session info: chrome=88.0.4324.190)
For documentation on this error, please visit: https://www.seleniumhq.org/exceptions/stale_element_reference.html
Build info: version: '3.141.59', revision: 'e82be7d358', time: '2018-11-14T08:17:03'
System info: host: 'DESKTOP-1819MVE', ip: '192.168.1.7', os.name: 'Windows 10', os.arch: 'amd64', os.version: '10.0', java.version: '1.8.0_271'
Driver info: org.openqa.selenium.chrome.ChromeDriver
Capabilities {acceptInsecureCerts: false, browserName: chrome, browserVersion: 88.0.4324.190, chrome: {chromedriverVersion: 88.0.4324.96 (68dba2d8a0b14..., userDataDir: C:\Users\dell\AppData\Local...}, goog:chromeOptions: {debuggerAddress: localhost:63363}, javascriptEnabled: true, networkConnectionEnabled: false, pageLoadStrategy: normal, platform: WINDOWS, platformName: WINDOWS, proxy: Proxy(), setWindowRect: true, strictFileInteractability: false, timeouts: {implicit: 0, pageLoad: 300000, script: 30000}, unhandledPromptBehavior: dismiss and notify, webauthn:extension:largeBlob: true, webauthn:virtualAuthenticators: true}
Session ID: 281da58cfc51cf73aa83748f303939c1
at org.openqa.selenium.remote.http.W3CHttpResponseCodec.createException(W3CHttpResponseCodec.java:187)
at org.openqa.selenium.remote.http.W3CHttpResponseCodec.decode(W3CHttpResponseCodec.java:122)
at org.openqa.selenium.remote.http.W3CHttpResponseCodec.decode(W3CHttpResponseCodec.java:49)
at org.openqa.selenium.remote.HttpCommandExecutor.execute(HttpCommandExecutor.java:158)
at org.openqa.selenium.remote.service.DriverCommandExecutor.execute(DriverCommandExecutor.java:83)
at org.openqa.selenium.remote.RemoteWebDriver.execute(RemoteWebDriver.java:552)
at org.openqa.selenium.remote.RemoteWebElement.execute(RemoteWebElement.java:285)
at org.openqa.selenium.remote.RemoteWebElement.click(RemoteWebElement.java:84)
at org.openqa.selenium.support.pagefactory.internal.LocatingElementHandler.invoke(LocatingElementHandler.java:51)
at com.sun.proxy.$Proxy14.click(Unknown Source)
at pom.Auro_Home_Page.clickstartFreeTrial(Auro_Home_Page.java:84)
at testscript.Stage_web_aurofit_MAINPAGE.stage_web_aurofit_MAINPAGE_SignUp_with_Already_Registed_Email(Stage_web_aurofit_MAINPAGE.java:112)
at java.util.concurrent.ThreadPoolExecutor.runWorker(Unknown Source)
at java.util.concurrent.ThreadPoolExecutor$Worker.run(Unknown Source)
at java.lang.Thread.run(Unknown Source)
... Removed 20 stack frames]]>
    </failure>
  </testcase> <!-- stage_web_aurofit_MAINPAGE_SignUp_with_Already_Registed_Email -->
  <testcase name="stage_web_aurofit_MAINPAGE_SignUp_enterCouponcode_Checkout_Subscribe" time="6.304" classname="testscript.Stage_web_aurofit_MAINPAGE">
    <failure type="org.openqa.selenium.NoSuchSessionException" message="Session ID is null. Using WebDriver after calling quit()?
Build info: version: &amp;apos;3.141.59&amp;apos;, revision: &amp;apos;e82be7d358&amp;apos;, time: &amp;apos;2018-11-14T08:17:03&amp;apos;
System info: host: &amp;apos;DESKTOP-1819MVE&amp;apos;, ip: &amp;apos;192.168.1.7&amp;apos;, os.name: &amp;apos;Windows 10&amp;apos;, os.arch: &amp;apos;amd64&amp;apos;, os.version: &amp;apos;10.0&amp;apos;, java.version: &amp;apos;1.8.0_271&amp;apos;
Driver info: driver.version: RemoteWebDriver">
      <![CDATA[org.openqa.selenium.NoSuchSessionException: Session ID is null. Using WebDriver after calling quit()?
Build info: version: '3.141.59', revision: 'e82be7d358', time: '2018-11-14T08:17:03'
System info: host: 'DESKTOP-1819MVE', ip: '192.168.1.7', os.name: 'Windows 10', os.arch: 'amd64', os.version: '10.0', java.version: '1.8.0_271'
Driver info: driver.version: RemoteWebDriver
at org.openqa.selenium.remote.HttpCommandExecutor.execute(HttpCommandExecutor.java:125)
at org.openqa.selenium.remote.service.DriverCommandExecutor.execute(DriverCommandExecutor.java:83)
at org.openqa.selenium.remote.RemoteWebDriver.execute(RemoteWebDriver.java:552)
at org.openqa.selenium.remote.RemoteWebDriver.findElement(RemoteWebDriver.java:323)
at org.openqa.selenium.remote.RemoteWebDriver.findElementByXPath(RemoteWebDriver.java:428)
at org.openqa.selenium.By$ByXPath.findElement(By.java:353)
at org.openqa.selenium.remote.RemoteWebDriver.findElement(RemoteWebDriver.java:315)
at org.openqa.selenium.support.pagefactory.DefaultElementLocator.findElement(DefaultElementLocator.java:69)
at org.openqa.selenium.support.pagefactory.internal.LocatingElementHandler.invoke(LocatingElementHandler.java:38)
at com.sun.proxy.$Proxy14.click(Unknown Source)
at pom.Auro_Goals_Page.selectBuildStrength(Auro_Goals_Page.java:43)
at testscript.Stage_web_aurofit_MAINPAGE.stage_web_aurofit_MAINPAGE_SignUp_enterCouponcode_Checkout_Subscribe(Stage_web_aurofit_MAINPAGE.java:37)
at java.util.concurrent.ThreadPoolExecutor.runWorker(Unknown Source)
at java.util.concurrent.ThreadPoolExecutor$Worker.run(Unknown Source)
at java.lang.Thread.run(Unknown Source)
... Removed 12 stack frames]]>
    </failure>
  </testcase> <!-- stage_web_aurofit_MAINPAGE_SignUp_enterCouponcode_Checkout_Subscribe -->
  <testcase name="stage_web_aurofit_MAINPAGE_SignUp_enterCouponcode_Checkout_Subscribe" time="0.0" classname="testscript.Stage_web_aurofit_MAINPAGE">
    <skipped/>
  </testcase> <!-- stage_web_aurofit_MAINPAGE_SignUp_enterCouponcode_Checkout_Subscribe -->
  <testcase name="stage_web_aurofit_MAINPAGE_SignUp_enterCouponcode_Checkout_Subscribe" time="0.0" classname="testscript.Stage_web_aurofit_MAINPAGE">
    <skipped/>
  </testcase> <!-- stage_web_aurofit_MAINPAGE_SignUp_enterCouponcode_Checkout_Subscribe -->
  <testcase name="stage_web_aurofit_MAINPAGE_SignUp_enterCouponcode_Checkout_Subscribe" time="0.0" classname="testscript.Stage_web_aurofit_MAINPAGE">
    <skipped/>
  </testcase> <!-- stage_web_aurofit_MAINPAGE_SignUp_enterCouponcode_Checkout_Subscribe -->
  <testcase name="stage_web_aurofit_MAINPAGE_SignUp_enterCouponcode_Checkout_Subscribe" time="0.0" classname="testscript.Stage_web_aurofit_MAINPAGE">
    <skipped/>
  </testcase> <!-- stage_web_aurofit_MAINPAGE_SignUp_enterCouponcode_Checkout_Subscribe -->
  <testcase name="stage_web_aurofit_MAINPAGE_SignUp_enterCouponcode_Checkout_Subscribe" time="0.0" classname="testscript.Stage_web_aurofit_MAINPAGE">
    <skipped/>
  </testcase> <!-- stage_web_aurofit_MAINPAGE_SignUp_enterCouponcode_Checkout_Subscribe -->
  <testcase name="stage_web_aurofit_MAINPAGE_SignUp_enterCouponcode_Checkout_Subscribe" time="0.0" classname="testscript.Stage_web_aurofit_MAINPAGE">
    <skipped/>
  </testcase> <!-- stage_web_aurofit_MAINPAGE_SignUp_enterCouponcode_Checkout_Subscribe -->
  <testcase name="stage_web_aurofit_MAINPAGE_SignUp_enterCouponcode_Checkout_Subscribe" time="0.0" classname="testscript.Stage_web_aurofit_MAINPAGE">
    <skipped/>
  </testcase> <!-- stage_web_aurofit_MAINPAGE_SignUp_enterCouponcode_Checkout_Subscribe -->
  <testcase name="stage_web_aurofit_MAINPAGE_SignUp_enterCouponcode_Checkout_Subscribe" time="0.0" classname="testscript.Stage_web_aurofit_MAINPAGE">
    <skipped/>
  </testcase> <!-- stage_web_aurofit_MAINPAGE_SignUp_enterCouponcode_Checkout_Subscribe -->
  <testcase name="stage_web_aurofit_MAINPAGE_SignUp_enterCouponcode_Checkout_Subscribe" time="0.0" classname="testscript.Stage_web_aurofit_MAINPAGE">
    <skipped/>
  </testcase> <!-- stage_web_aurofit_MAINPAGE_SignUp_enterCouponcode_Checkout_Subscribe -->
  <testcase name="stage_web_aurofit_MAINPAGE_SignUp_with_Already_Registed_Email" time="0.0" classname="testscript.Stage_web_aurofit_MAINPAGE">
    <skipped/>
  </testcase> <!-- stage_web_aurofit_MAINPAGE_SignUp_with_Already_Registed_Email -->
  <testcase name="stage_web_aurofit_MAINPAGE_SignUp_with_Already_Registed_Email" time="0.0" classname="testscript.Stage_web_aurofit_MAINPAGE">
    <skipped/>
  </testcase> <!-- stage_web_aurofit_MAINPAGE_SignUp_with_Already_Registed_Email -->
  <testcase name="stage_web_aurofit_MAINPAGE_SignUp_with_Already_Registed_Email" time="0.0" classname="testscript.Stage_web_aurofit_MAINPAGE">
    <skipped/>
  </testcase> <!-- stage_web_aurofit_MAINPAGE_SignUp_with_Already_Registed_Email -->
  <testcase name="stage_web_aurofit_MAINPAGE_SignUp_with_Already_Registed_Email" time="0.0" classname="testscript.Stage_web_aurofit_MAINPAGE">
    <skipped/>
  </testcase> <!-- stage_web_aurofit_MAINPAGE_SignUp_with_Already_Registed_Email -->
  <testcase name="stage_web_aurofit_MAINPAGE_SignUp_with_Already_Registed_Email" time="0.0" classname="testscript.Stage_web_aurofit_MAINPAGE">
    <skipped/>
  </testcase> <!-- stage_web_aurofit_MAINPAGE_SignUp_with_Already_Registed_Email -->
  <testcase name="stage_web_aurofit_MAINPAGE_SignUp_with_Already_Registed_Email" time="0.0" classname="testscript.Stage_web_aurofit_MAINPAGE">
    <skipped/>
  </testcase> <!-- stage_web_aurofit_MAINPAGE_SignUp_with_Already_Registed_Email -->
  <testcase name="stage_web_aurofit_MAINPAGE_SignUp_with_Already_Registed_Email" time="0.0" classname="testscript.Stage_web_aurofit_MAINPAGE">
    <skipped/>
  </testcase> <!-- stage_web_aurofit_MAINPAGE_SignUp_with_Already_Registed_Email -->
  <testcase name="stage_web_aurofit_MAINPAGE_SignUp_with_Already_Registed_Email" time="0.0" classname="testscript.Stage_web_aurofit_MAINPAGE">
    <skipped/>
  </testcase> <!-- stage_web_aurofit_MAINPAGE_SignUp_with_Already_Registed_Email -->
  <testcase name="stage_web_aurofit_MAINPAGE_SignUp_with_Already_Registed_Email" time="0.0" classname="testscript.Stage_web_aurofit_MAINPAGE">
    <skipped/>
  </testcase> <!-- stage_web_aurofit_MAINPAGE_SignUp_with_Already_Registed_Email -->
</testsuite> <!-- Test -->
