<?xml version="1.0" encoding="UTF-8"?>
<!-- Generated by org.testng.reporters.JUnitReportReporter -->
<testsuite skipped="0" hostname="DESKTOP-1819MVE" name="testscript.Stage_web_aurofit_Sweatcoin_Login" tests="100" failures="0" timestamp="2020-11-06T20:23:01 IST" time="3678.885" errors="2">
  <testcase name="stage_web_aurofit_Sweatcoin_select_LoseWeight_Beginner_Spin_VALID_LOGIN" time="33.537" classname="testscript.Stage_web_aurofit_Sweatcoin_Login"/>
  <system-out/>
  <testcase name="stage_web_aurofit_Sweatcoin_select_LoseWeight_Beginner_Spin_VALID_LOGIN" time="36.088" classname="testscript.Stage_web_aurofit_Sweatcoin_Login"/>
  <system-out/>
  <testcase name="stage_web_aurofit_Sweatcoin_select_LoseWeight_Beginner_Spin_VALID_LOGIN" time="35.457" classname="testscript.Stage_web_aurofit_Sweatcoin_Login"/>
  <system-out/>
  <testcase name="stage_web_aurofit_Sweatcoin_select_LoseWeight_Beginner_Spin_VALID_LOGIN" time="38.335" classname="testscript.Stage_web_aurofit_Sweatcoin_Login"/>
  <system-out/>
  <testcase name="stage_web_aurofit_Sweatcoin_select_LoseWeight_Beginner_Spin_VALID_LOGIN" time="31.346" classname="testscript.Stage_web_aurofit_Sweatcoin_Login"/>
  <system-out/>
  <testcase name="stage_web_aurofit_Sweatcoin_select_LoseWeight_Beginner_Spin_VALID_LOGIN" time="35.051" classname="testscript.Stage_web_aurofit_Sweatcoin_Login"/>
  <system-out/>
  <testcase name="stage_web_aurofit_Sweatcoin_select_LoseWeight_Beginner_Spin_VALID_LOGIN" time="35.640" classname="testscript.Stage_web_aurofit_Sweatcoin_Login"/>
  <system-out/>
  <testcase name="stage_web_aurofit_Sweatcoin_select_LoseWeight_Beginner_Spin_VALID_LOGIN" time="40.716" classname="testscript.Stage_web_aurofit_Sweatcoin_Login"/>
  <system-out/>
  <testcase name="stage_web_aurofit_Sweatcoin_select_LoseWeight_Beginner_Spin_VALID_LOGIN" time="35.894" classname="testscript.Stage_web_aurofit_Sweatcoin_Login"/>
  <system-out/>
  <testcase name="stage_web_aurofit_Sweatcoin_select_LoseWeight_Beginner_Spin_VALID_LOGIN" time="37.544" classname="testscript.Stage_web_aurofit_Sweatcoin_Login"/>
  <system-out/>
  <testcase name="stage_web_aurofit_Sweatcoin_select_LoseWeight_Beginner_Spin_VALID_LOGIN" time="34.521" classname="testscript.Stage_web_aurofit_Sweatcoin_Login"/>
  <system-out/>
  <testcase name="stage_web_aurofit_Sweatcoin_select_LoseWeight_Beginner_Spin_VALID_LOGIN" time="36.638" classname="testscript.Stage_web_aurofit_Sweatcoin_Login"/>
  <system-out/>
  <testcase name="stage_web_aurofit_Sweatcoin_select_LoseWeight_Beginner_Spin_VALID_LOGIN" time="38.250" classname="testscript.Stage_web_aurofit_Sweatcoin_Login"/>
  <system-out/>
  <testcase name="stage_web_aurofit_Sweatcoin_select_LoseWeight_Beginner_Spin_VALID_LOGIN" time="36.794" classname="testscript.Stage_web_aurofit_Sweatcoin_Login"/>
  <system-out/>
  <testcase name="stage_web_aurofit_Sweatcoin_select_LoseWeight_Beginner_Spin_VALID_LOGIN" time="32.476" classname="testscript.Stage_web_aurofit_Sweatcoin_Login"/>
  <system-out/>
  <testcase name="stage_web_aurofit_Sweatcoin_select_LoseWeight_Beginner_Spin_VALID_LOGIN" time="39.395" classname="testscript.Stage_web_aurofit_Sweatcoin_Login"/>
  <system-out/>
  <testcase name="stage_web_aurofit_Sweatcoin_select_LoseWeight_Beginner_Spin_VALID_LOGIN" time="41.505" classname="testscript.Stage_web_aurofit_Sweatcoin_Login"/>
  <system-out/>
  <testcase name="stage_web_aurofit_Sweatcoin_select_LoseWeight_Beginner_Spin_VALID_LOGIN" time="36.981" classname="testscript.Stage_web_aurofit_Sweatcoin_Login"/>
  <system-out/>
  <testcase name="stage_web_aurofit_Sweatcoin_select_LoseWeight_Beginner_Spin_VALID_LOGIN" time="35.472" classname="testscript.Stage_web_aurofit_Sweatcoin_Login"/>
  <system-out/>
  <testcase name="stage_web_aurofit_Sweatcoin_select_LoseWeight_Beginner_Spin_VALID_LOGIN" time="37.571" classname="testscript.Stage_web_aurofit_Sweatcoin_Login"/>
  <system-out/>
  <testcase name="stage_web_aurofit_Sweatcoin_select_LoseWeight_Beginner_Spin_VALID_LOGIN" time="41.680" classname="testscript.Stage_web_aurofit_Sweatcoin_Login"/>
  <system-out/>
  <testcase name="stage_web_aurofit_Sweatcoin_select_LoseWeight_Beginner_Spin_VALID_LOGIN" time="33.343" classname="testscript.Stage_web_aurofit_Sweatcoin_Login"/>
  <system-out/>
  <testcase name="stage_web_aurofit_Sweatcoin_select_LoseWeight_Beginner_Spin_VALID_LOGIN" time="38.221" classname="testscript.Stage_web_aurofit_Sweatcoin_Login"/>
  <system-out/>
  <testcase name="stage_web_aurofit_Sweatcoin_select_LoseWeight_Beginner_Spin_VALID_LOGIN" time="35.509" classname="testscript.Stage_web_aurofit_Sweatcoin_Login"/>
  <system-out/>
  <testcase name="stage_web_aurofit_Sweatcoin_select_LoseWeight_Beginner_Spin_VALID_LOGIN" time="37.796" classname="testscript.Stage_web_aurofit_Sweatcoin_Login"/>
  <system-out/>
  <testcase name="stage_web_aurofit_Sweatcoin_select_LoseWeight_Beginner_Spin_VALID_LOGIN" time="38.220" classname="testscript.Stage_web_aurofit_Sweatcoin_Login"/>
  <system-out/>
  <testcase name="stage_web_aurofit_Sweatcoin_select_LoseWeight_Beginner_Spin_VALID_LOGIN" time="41.772" classname="testscript.Stage_web_aurofit_Sweatcoin_Login"/>
  <system-out/>
  <testcase name="stage_web_aurofit_Sweatcoin_select_LoseWeight_Beginner_Spin_VALID_LOGIN" time="38.734" classname="testscript.Stage_web_aurofit_Sweatcoin_Login"/>
  <system-out/>
  <testcase name="stage_web_aurofit_Sweatcoin_select_LoseWeight_Beginner_Spin_VALID_LOGIN" time="36.548" classname="testscript.Stage_web_aurofit_Sweatcoin_Login"/>
  <system-out/>
  <testcase name="stage_web_aurofit_Sweatcoin_select_LoseWeight_Beginner_Spin_VALID_LOGIN" time="35.260" classname="testscript.Stage_web_aurofit_Sweatcoin_Login"/>
  <system-out/>
  <testcase name="stage_web_aurofit_Sweatcoin_select_LoseWeight_Beginner_Spin_VALID_LOGIN" time="45.199" classname="testscript.Stage_web_aurofit_Sweatcoin_Login"/>
  <system-out/>
  <testcase name="stage_web_aurofit_Sweatcoin_select_LoseWeight_Beginner_Spin_VALID_LOGIN" time="35.857" classname="testscript.Stage_web_aurofit_Sweatcoin_Login"/>
  <system-out/>
  <testcase name="stage_web_aurofit_Sweatcoin_select_LoseWeight_Beginner_Spin_VALID_LOGIN" time="36.190" classname="testscript.Stage_web_aurofit_Sweatcoin_Login"/>
  <system-out/>
  <testcase name="stage_web_aurofit_Sweatcoin_select_LoseWeight_Beginner_Spin_VALID_LOGIN" time="36.117" classname="testscript.Stage_web_aurofit_Sweatcoin_Login"/>
  <system-out/>
  <testcase name="stage_web_aurofit_Sweatcoin_select_LoseWeight_Beginner_Spin_VALID_LOGIN" time="40.503" classname="testscript.Stage_web_aurofit_Sweatcoin_Login"/>
  <system-out/>
  <testcase name="stage_web_aurofit_Sweatcoin_select_LoseWeight_Beginner_Spin_VALID_LOGIN" time="35.902" classname="testscript.Stage_web_aurofit_Sweatcoin_Login"/>
  <system-out/>
  <testcase name="stage_web_aurofit_Sweatcoin_select_LoseWeight_Beginner_Spin_VALID_LOGIN" time="38.789" classname="testscript.Stage_web_aurofit_Sweatcoin_Login"/>
  <system-out/>
  <testcase name="stage_web_aurofit_Sweatcoin_select_LoseWeight_Beginner_Spin_VALID_LOGIN" time="38.308" classname="testscript.Stage_web_aurofit_Sweatcoin_Login"/>
  <system-out/>
  <testcase name="stage_web_aurofit_Sweatcoin_select_LoseWeight_Beginner_Spin_VALID_LOGIN" time="26.956" classname="testscript.Stage_web_aurofit_Sweatcoin_Login">
    <error type="org.openqa.selenium.ElementClickInterceptedException" message="element click intercepted: Element &lt;a href=&quot;javascript:void(0);&quot; class=&quot;auth-toggle&quot; style=&quot;color: #ff6155 !important&quot;&gt;...&lt;/a&gt; is not clickable at point (800, 511). Other element would receive the click: &lt;div&gt;...&lt;/div&gt;
  (Session info: chrome=86.0.4240.183)
Build info: version: &#039;3.141.59&#039;, revision: &#039;e82be7d358&#039;, time: &#039;2018-11-14T08:17:03&#039;
System info: host: &#039;DESKTOP-1819MVE&#039;, ip: &#039;192.168.1.4&#039;, os.name: &#039;Windows 8.1&#039;, os.arch: &#039;amd64&#039;, os.version: &#039;6.3&#039;, java.version: &#039;1.8.0_20-ea&#039;
Driver info: org.openqa.selenium.chrome.ChromeDriver
Capabilities {acceptInsecureCerts: false, browserName: chrome, browserVersion: 86.0.4240.183, chrome: {chromedriverVersion: 85.0.4183.87 (cd6713ebf92fa..., userDataDir: C:\Users\dell\AppData\Local...}, goog:chromeOptions: {debuggerAddress: localhost:50593}, javascriptEnabled: true, networkConnectionEnabled: false, pageLoadStrategy: normal, platform: WINDOWS, platformName: WINDOWS, proxy: Proxy(), setWindowRect: true, strictFileInteractability: false, timeouts: {implicit: 0, pageLoad: 300000, script: 30000}, unhandledPromptBehavior: dismiss and notify, webauthn:virtualAuthenticators: true}
Session ID: 7483f00bff35b9207559491ed65411b8">
      <![CDATA[org.openqa.selenium.ElementClickInterceptedException: element click intercepted: Element <a href="javascript:void(0);" class="auth-toggle" style="color: #ff6155 !important">...</a> is not clickable at point (800, 511). Other element would receive the click: <div>...</div>
  (Session info: chrome=86.0.4240.183)
Build info: version: '3.141.59', revision: 'e82be7d358', time: '2018-11-14T08:17:03'
System info: host: 'DESKTOP-1819MVE', ip: '192.168.1.4', os.name: 'Windows 8.1', os.arch: 'amd64', os.version: '6.3', java.version: '1.8.0_20-ea'
Driver info: org.openqa.selenium.chrome.ChromeDriver
Capabilities {acceptInsecureCerts: false, browserName: chrome, browserVersion: 86.0.4240.183, chrome: {chromedriverVersion: 85.0.4183.87 (cd6713ebf92fa..., userDataDir: C:\Users\dell\AppData\Local...}, goog:chromeOptions: {debuggerAddress: localhost:50593}, javascriptEnabled: true, networkConnectionEnabled: false, pageLoadStrategy: normal, platform: WINDOWS, platformName: WINDOWS, proxy: Proxy(), setWindowRect: true, strictFileInteractability: false, timeouts: {implicit: 0, pageLoad: 300000, script: 30000}, unhandledPromptBehavior: dismiss and notify, webauthn:virtualAuthenticators: true}
Session ID: 7483f00bff35b9207559491ed65411b8
at sun.reflect.NativeConstructorAccessorImpl.newInstance0(Native Method)
at sun.reflect.NativeConstructorAccessorImpl.newInstance(Unknown Source)
at sun.reflect.DelegatingConstructorAccessorImpl.newInstance(Unknown Source)
at java.lang.reflect.Constructor.newInstance(Unknown Source)
at org.openqa.selenium.remote.http.W3CHttpResponseCodec.createException(W3CHttpResponseCodec.java:187)
at org.openqa.selenium.remote.http.W3CHttpResponseCodec.decode(W3CHttpResponseCodec.java:122)
at org.openqa.selenium.remote.http.W3CHttpResponseCodec.decode(W3CHttpResponseCodec.java:49)
at org.openqa.selenium.remote.HttpCommandExecutor.execute(HttpCommandExecutor.java:158)
at org.openqa.selenium.remote.service.DriverCommandExecutor.execute(DriverCommandExecutor.java:83)
at org.openqa.selenium.remote.RemoteWebDriver.execute(RemoteWebDriver.java:552)
at org.openqa.selenium.remote.RemoteWebElement.execute(RemoteWebElement.java:285)
at org.openqa.selenium.remote.RemoteWebElement.click(RemoteWebElement.java:84)
at sun.reflect.GeneratedMethodAccessor1.invoke(Unknown Source)
at sun.reflect.DelegatingMethodAccessorImpl.invoke(Unknown Source)
at java.lang.reflect.Method.invoke(Unknown Source)
at org.openqa.selenium.support.pagefactory.internal.LocatingElementHandler.invoke(LocatingElementHandler.java:51)
at com.sun.proxy.$Proxy9.click(Unknown Source)
at pom.Auro_SignUp_Page.clickLogin(Auro_SignUp_Page.java:61)
at testscript.Stage_web_aurofit_Sweatcoin_Login.stage_web_aurofit_Sweatcoin_select_LoseWeight_Beginner_Spin_VALID_LOGIN(Stage_web_aurofit_Sweatcoin_Login.java:45)
at sun.reflect.GeneratedMethodAccessor4.invoke(Unknown Source)
at sun.reflect.DelegatingMethodAccessorImpl.invoke(Unknown Source)
at java.lang.reflect.Method.invoke(Unknown Source)
at org.testng.internal.MethodInvocationHelper.invokeMethod(MethodInvocationHelper.java:132)
at org.testng.internal.TestInvoker.invokeMethod(TestInvoker.java:599)
at org.testng.internal.TestInvoker.invokeTestMethod(TestInvoker.java:174)
at org.testng.internal.MethodRunner.runInSequence(MethodRunner.java:46)
at org.testng.internal.TestInvoker$MethodInvocationAgent.invoke(TestInvoker.java:822)
at org.testng.internal.TestInvoker.invokeTestMethods(TestInvoker.java:147)
at org.testng.internal.TestMethodWorker.invokeTestMethods(TestMethodWorker.java:146)
at org.testng.internal.TestMethodWorker.run(TestMethodWorker.java:128)
at org.testng.TestRunner$$Lambda$51/1765795529.accept(Unknown Source)
at java.util.ArrayList.forEach(Unknown Source)
at org.testng.TestRunner.privateRun(TestRunner.java:764)
at org.testng.TestRunner.run(TestRunner.java:585)
at org.testng.SuiteRunner.runTest(SuiteRunner.java:384)
at org.testng.SuiteRunner.runSequentially(SuiteRunner.java:378)
at org.testng.SuiteRunner.privateRun(SuiteRunner.java:337)
at org.testng.SuiteRunner.run(SuiteRunner.java:286)
at org.testng.SuiteRunnerWorker.runSuite(SuiteRunnerWorker.java:53)
at org.testng.SuiteRunnerWorker.run(SuiteRunnerWorker.java:96)
at org.testng.TestNG.runSuitesSequentially(TestNG.java:1218)
at org.testng.TestNG.runSuitesLocally(TestNG.java:1140)
at org.testng.TestNG.runSuites(TestNG.java:1069)
at org.testng.TestNG.run(TestNG.java:1037)
at org.testng.remote.AbstractRemoteTestNG.run(AbstractRemoteTestNG.java:115)
at org.testng.remote.RemoteTestNG.initAndRun(RemoteTestNG.java:251)
at org.testng.remote.RemoteTestNG.main(RemoteTestNG.java:77)
]]>
    </error>
  </testcase> <!-- stage_web_aurofit_Sweatcoin_select_LoseWeight_Beginner_Spin_VALID_LOGIN -->
  <system-out/>
  <testcase name="stage_web_aurofit_Sweatcoin_select_LoseWeight_Beginner_Spin_VALID_LOGIN" time="34.666" classname="testscript.Stage_web_aurofit_Sweatcoin_Login"/>
  <system-out/>
  <testcase name="stage_web_aurofit_Sweatcoin_select_LoseWeight_Beginner_Spin_VALID_LOGIN" time="35.577" classname="testscript.Stage_web_aurofit_Sweatcoin_Login"/>
  <system-out/>
  <testcase name="stage_web_aurofit_Sweatcoin_select_LoseWeight_Beginner_Spin_VALID_LOGIN" time="37.770" classname="testscript.Stage_web_aurofit_Sweatcoin_Login"/>
  <system-out/>
  <testcase name="stage_web_aurofit_Sweatcoin_select_LoseWeight_Beginner_Spin_VALID_LOGIN" time="38.776" classname="testscript.Stage_web_aurofit_Sweatcoin_Login"/>
  <system-out/>
  <testcase name="stage_web_aurofit_Sweatcoin_select_LoseWeight_Beginner_Spin_VALID_LOGIN" time="34.486" classname="testscript.Stage_web_aurofit_Sweatcoin_Login"/>
  <system-out/>
  <testcase name="stage_web_aurofit_Sweatcoin_select_LoseWeight_Beginner_Spin_VALID_LOGIN" time="39.043" classname="testscript.Stage_web_aurofit_Sweatcoin_Login"/>
  <system-out/>
  <testcase name="stage_web_aurofit_Sweatcoin_select_LoseWeight_Beginner_Spin_VALID_LOGIN" time="36.713" classname="testscript.Stage_web_aurofit_Sweatcoin_Login"/>
  <system-out/>
  <testcase name="stage_web_aurofit_Sweatcoin_select_LoseWeight_Beginner_Spin_VALID_LOGIN" time="36.521" classname="testscript.Stage_web_aurofit_Sweatcoin_Login"/>
  <system-out/>
  <testcase name="stage_web_aurofit_Sweatcoin_select_LoseWeight_Beginner_Spin_VALID_LOGIN" time="40.088" classname="testscript.Stage_web_aurofit_Sweatcoin_Login"/>
  <system-out/>
  <testcase name="stage_web_aurofit_Sweatcoin_select_LoseWeight_Beginner_Spin_VALID_LOGIN" time="35.613" classname="testscript.Stage_web_aurofit_Sweatcoin_Login"/>
  <system-out/>
  <testcase name="stage_web_aurofit_Sweatcoin_select_LoseWeight_Beginner_Spin_VALID_LOGIN" time="39.848" classname="testscript.Stage_web_aurofit_Sweatcoin_Login"/>
  <system-out/>
  <testcase name="stage_web_aurofit_Sweatcoin_select_LoseWeight_Beginner_Spin_VALID_LOGIN" time="36.143" classname="testscript.Stage_web_aurofit_Sweatcoin_Login"/>
  <system-out/>
  <testcase name="stage_web_aurofit_Sweatcoin_select_LoseWeight_Beginner_Spin_VALID_LOGIN" time="38.969" classname="testscript.Stage_web_aurofit_Sweatcoin_Login"/>
  <system-out/>
  <testcase name="stage_web_aurofit_Sweatcoin_select_LoseWeight_Beginner_Spin_VALID_LOGIN" time="35.493" classname="testscript.Stage_web_aurofit_Sweatcoin_Login"/>
  <system-out/>
  <testcase name="stage_web_aurofit_Sweatcoin_select_LoseWeight_Beginner_Spin_VALID_LOGIN" time="31.970" classname="testscript.Stage_web_aurofit_Sweatcoin_Login"/>
  <system-out/>
  <testcase name="stage_web_aurofit_Sweatcoin_select_LoseWeight_Beginner_Spin_VALID_LOGIN" time="37.534" classname="testscript.Stage_web_aurofit_Sweatcoin_Login"/>
  <system-out/>
  <testcase name="stage_web_aurofit_Sweatcoin_select_LoseWeight_Beginner_Spin_VALID_LOGIN" time="38.090" classname="testscript.Stage_web_aurofit_Sweatcoin_Login"/>
  <system-out/>
  <testcase name="stage_web_aurofit_Sweatcoin_select_LoseWeight_Beginner_Spin_VALID_LOGIN" time="36.092" classname="testscript.Stage_web_aurofit_Sweatcoin_Login"/>
  <system-out/>
  <testcase name="stage_web_aurofit_Sweatcoin_select_LoseWeight_Beginner_Spin_VALID_LOGIN" time="30.943" classname="testscript.Stage_web_aurofit_Sweatcoin_Login"/>
  <system-out/>
  <testcase name="stage_web_aurofit_Sweatcoin_select_LoseWeight_Beginner_Spin_VALID_LOGIN" time="36.585" classname="testscript.Stage_web_aurofit_Sweatcoin_Login"/>
  <system-out/>
  <testcase name="stage_web_aurofit_Sweatcoin_select_LoseWeight_Beginner_Spin_VALID_LOGIN" time="36.441" classname="testscript.Stage_web_aurofit_Sweatcoin_Login"/>
  <system-out/>
  <testcase name="stage_web_aurofit_Sweatcoin_select_LoseWeight_Beginner_Spin_VALID_LOGIN" time="31.750" classname="testscript.Stage_web_aurofit_Sweatcoin_Login"/>
  <system-out/>
  <testcase name="stage_web_aurofit_Sweatcoin_select_LoseWeight_Beginner_Spin_VALID_LOGIN" time="36.148" classname="testscript.Stage_web_aurofit_Sweatcoin_Login"/>
  <system-out/>
  <testcase name="stage_web_aurofit_Sweatcoin_select_LoseWeight_Beginner_Spin_VALID_LOGIN" time="38.115" classname="testscript.Stage_web_aurofit_Sweatcoin_Login"/>
  <system-out/>
  <testcase name="stage_web_aurofit_Sweatcoin_select_LoseWeight_Beginner_Spin_VALID_LOGIN" time="39.637" classname="testscript.Stage_web_aurofit_Sweatcoin_Login"/>
  <system-out/>
  <testcase name="stage_web_aurofit_Sweatcoin_select_LoseWeight_Beginner_Spin_VALID_LOGIN" time="38.423" classname="testscript.Stage_web_aurofit_Sweatcoin_Login"/>
  <system-out/>
  <testcase name="stage_web_aurofit_Sweatcoin_select_LoseWeight_Beginner_Spin_VALID_LOGIN" time="36.847" classname="testscript.Stage_web_aurofit_Sweatcoin_Login"/>
  <system-out/>
  <testcase name="stage_web_aurofit_Sweatcoin_select_LoseWeight_Beginner_Spin_VALID_LOGIN" time="35.175" classname="testscript.Stage_web_aurofit_Sweatcoin_Login"/>
  <system-out/>
  <testcase name="stage_web_aurofit_Sweatcoin_select_LoseWeight_Beginner_Spin_VALID_LOGIN" time="33.177" classname="testscript.Stage_web_aurofit_Sweatcoin_Login"/>
  <system-out/>
  <testcase name="stage_web_aurofit_Sweatcoin_select_LoseWeight_Beginner_Spin_VALID_LOGIN" time="55.557" classname="testscript.Stage_web_aurofit_Sweatcoin_Login"/>
  <system-out/>
  <testcase name="stage_web_aurofit_Sweatcoin_select_LoseWeight_Beginner_Spin_VALID_LOGIN" time="36.349" classname="testscript.Stage_web_aurofit_Sweatcoin_Login"/>
  <system-out/>
  <testcase name="stage_web_aurofit_Sweatcoin_select_LoseWeight_Beginner_Spin_VALID_LOGIN" time="38.302" classname="testscript.Stage_web_aurofit_Sweatcoin_Login"/>
  <system-out/>
  <testcase name="stage_web_aurofit_Sweatcoin_select_LoseWeight_Beginner_Spin_VALID_LOGIN" time="35.305" classname="testscript.Stage_web_aurofit_Sweatcoin_Login"/>
  <system-out/>
  <testcase name="stage_web_aurofit_Sweatcoin_select_LoseWeight_Beginner_Spin_VALID_LOGIN" time="35.543" classname="testscript.Stage_web_aurofit_Sweatcoin_Login"/>
  <system-out/>
  <testcase name="stage_web_aurofit_Sweatcoin_select_LoseWeight_Beginner_Spin_VALID_LOGIN" time="39.562" classname="testscript.Stage_web_aurofit_Sweatcoin_Login"/>
  <system-out/>
  <testcase name="stage_web_aurofit_Sweatcoin_select_LoseWeight_Beginner_Spin_VALID_LOGIN" time="36.404" classname="testscript.Stage_web_aurofit_Sweatcoin_Login"/>
  <system-out/>
  <testcase name="stage_web_aurofit_Sweatcoin_select_LoseWeight_Beginner_Spin_VALID_LOGIN" time="35.796" classname="testscript.Stage_web_aurofit_Sweatcoin_Login"/>
  <system-out/>
  <testcase name="stage_web_aurofit_Sweatcoin_select_LoseWeight_Beginner_Spin_VALID_LOGIN" time="31.115" classname="testscript.Stage_web_aurofit_Sweatcoin_Login"/>
  <system-out/>
  <testcase name="stage_web_aurofit_Sweatcoin_select_LoseWeight_Beginner_Spin_VALID_LOGIN" time="35.562" classname="testscript.Stage_web_aurofit_Sweatcoin_Login"/>
  <system-out/>
  <testcase name="stage_web_aurofit_Sweatcoin_select_LoseWeight_Beginner_Spin_VALID_LOGIN" time="40.834" classname="testscript.Stage_web_aurofit_Sweatcoin_Login"/>
  <system-out/>
  <testcase name="stage_web_aurofit_Sweatcoin_select_LoseWeight_Beginner_Spin_VALID_LOGIN" time="36.271" classname="testscript.Stage_web_aurofit_Sweatcoin_Login"/>
  <system-out/>
  <testcase name="stage_web_aurofit_Sweatcoin_select_LoseWeight_Beginner_Spin_VALID_LOGIN" time="32.211" classname="testscript.Stage_web_aurofit_Sweatcoin_Login"/>
  <system-out/>
  <testcase name="stage_web_aurofit_Sweatcoin_select_LoseWeight_Beginner_Spin_VALID_LOGIN" time="36.474" classname="testscript.Stage_web_aurofit_Sweatcoin_Login"/>
  <system-out/>
  <testcase name="stage_web_aurofit_Sweatcoin_select_LoseWeight_Beginner_Spin_VALID_LOGIN" time="38.077" classname="testscript.Stage_web_aurofit_Sweatcoin_Login"/>
  <system-out/>
  <testcase name="stage_web_aurofit_Sweatcoin_select_LoseWeight_Beginner_Spin_VALID_LOGIN" time="39.408" classname="testscript.Stage_web_aurofit_Sweatcoin_Login"/>
  <system-out/>
  <testcase name="stage_web_aurofit_Sweatcoin_select_LoseWeight_Beginner_Spin_VALID_LOGIN" time="38.598" classname="testscript.Stage_web_aurofit_Sweatcoin_Login"/>
  <system-out/>
  <testcase name="stage_web_aurofit_Sweatcoin_select_LoseWeight_Beginner_Spin_VALID_LOGIN" time="37.075" classname="testscript.Stage_web_aurofit_Sweatcoin_Login"/>
  <system-out/>
  <testcase name="stage_web_aurofit_Sweatcoin_select_LoseWeight_Beginner_Spin_VALID_LOGIN" time="38.944" classname="testscript.Stage_web_aurofit_Sweatcoin_Login"/>
  <system-out/>
  <testcase name="stage_web_aurofit_Sweatcoin_select_LoseWeight_Beginner_Spin_VALID_LOGIN" time="32.351" classname="testscript.Stage_web_aurofit_Sweatcoin_Login"/>
  <system-out/>
  <testcase name="stage_web_aurofit_Sweatcoin_select_LoseWeight_Beginner_Spin_VALID_LOGIN" time="39.362" classname="testscript.Stage_web_aurofit_Sweatcoin_Login"/>
  <system-out/>
  <testcase name="stage_web_aurofit_Sweatcoin_select_LoseWeight_Beginner_Spin_VALID_LOGIN" time="36.541" classname="testscript.Stage_web_aurofit_Sweatcoin_Login"/>
  <system-out/>
  <testcase name="stage_web_aurofit_Sweatcoin_select_LoseWeight_Beginner_Spin_VALID_LOGIN" time="35.209" classname="testscript.Stage_web_aurofit_Sweatcoin_Login"/>
  <system-out/>
  <testcase name="stage_web_aurofit_Sweatcoin_select_LoseWeight_Beginner_Spin_VALID_LOGIN" time="35.579" classname="testscript.Stage_web_aurofit_Sweatcoin_Login"/>
  <system-out/>
  <testcase name="stage_web_aurofit_Sweatcoin_select_LoseWeight_Beginner_Spin_VALID_LOGIN" time="36.105" classname="testscript.Stage_web_aurofit_Sweatcoin_Login"/>
  <system-out/>
  <testcase name="stage_web_aurofit_Sweatcoin_select_LoseWeight_Beginner_Spin_VALID_LOGIN" time="39.951" classname="testscript.Stage_web_aurofit_Sweatcoin_Login"/>
  <system-out/>
  <testcase name="stage_web_aurofit_Sweatcoin_select_LoseWeight_Beginner_Spin_VALID_LOGIN" time="35.056" classname="testscript.Stage_web_aurofit_Sweatcoin_Login"/>
  <system-out/>
  <testcase name="stage_web_aurofit_Sweatcoin_select_LoseWeight_Beginner_Spin_VALID_LOGIN" time="34.546" classname="testscript.Stage_web_aurofit_Sweatcoin_Login"/>
  <system-out/>
  <testcase name="stage_web_aurofit_Sweatcoin_select_LoseWeight_Beginner_Spin_VALID_LOGIN" time="40.112" classname="testscript.Stage_web_aurofit_Sweatcoin_Login"/>
  <system-out/>
  <testcase name="stage_web_aurofit_Sweatcoin_select_LoseWeight_Beginner_Spin_VALID_LOGIN" time="27.822" classname="testscript.Stage_web_aurofit_Sweatcoin_Login">
    <error type="org.openqa.selenium.ElementClickInterceptedException" message="element click intercepted: Element &lt;a href=&quot;javascript:void(0);&quot; class=&quot;auth-toggle&quot; style=&quot;color: #ff6155 !important&quot;&gt;...&lt;/a&gt; is not clickable at point (800, 511). Other element would receive the click: &lt;div&gt;...&lt;/div&gt;
  (Session info: chrome=86.0.4240.183)
Build info: version: &#039;3.141.59&#039;, revision: &#039;e82be7d358&#039;, time: &#039;2018-11-14T08:17:03&#039;
System info: host: &#039;DESKTOP-1819MVE&#039;, ip: &#039;192.168.1.4&#039;, os.name: &#039;Windows 8.1&#039;, os.arch: &#039;amd64&#039;, os.version: &#039;6.3&#039;, java.version: &#039;1.8.0_20-ea&#039;
Driver info: org.openqa.selenium.chrome.ChromeDriver
Capabilities {acceptInsecureCerts: false, browserName: chrome, browserVersion: 86.0.4240.183, chrome: {chromedriverVersion: 85.0.4183.87 (cd6713ebf92fa..., userDataDir: C:\Users\dell\AppData\Local...}, goog:chromeOptions: {debuggerAddress: localhost:52430}, javascriptEnabled: true, networkConnectionEnabled: false, pageLoadStrategy: normal, platform: WINDOWS, platformName: WINDOWS, proxy: Proxy(), setWindowRect: true, strictFileInteractability: false, timeouts: {implicit: 0, pageLoad: 300000, script: 30000}, unhandledPromptBehavior: dismiss and notify, webauthn:virtualAuthenticators: true}
Session ID: e1a58968515d20eb5b03bdd60ac4c3a0">
      <![CDATA[org.openqa.selenium.ElementClickInterceptedException: element click intercepted: Element <a href="javascript:void(0);" class="auth-toggle" style="color: #ff6155 !important">...</a> is not clickable at point (800, 511). Other element would receive the click: <div>...</div>
  (Session info: chrome=86.0.4240.183)
Build info: version: '3.141.59', revision: 'e82be7d358', time: '2018-11-14T08:17:03'
System info: host: 'DESKTOP-1819MVE', ip: '192.168.1.4', os.name: 'Windows 8.1', os.arch: 'amd64', os.version: '6.3', java.version: '1.8.0_20-ea'
Driver info: org.openqa.selenium.chrome.ChromeDriver
Capabilities {acceptInsecureCerts: false, browserName: chrome, browserVersion: 86.0.4240.183, chrome: {chromedriverVersion: 85.0.4183.87 (cd6713ebf92fa..., userDataDir: C:\Users\dell\AppData\Local...}, goog:chromeOptions: {debuggerAddress: localhost:52430}, javascriptEnabled: true, networkConnectionEnabled: false, pageLoadStrategy: normal, platform: WINDOWS, platformName: WINDOWS, proxy: Proxy(), setWindowRect: true, strictFileInteractability: false, timeouts: {implicit: 0, pageLoad: 300000, script: 30000}, unhandledPromptBehavior: dismiss and notify, webauthn:virtualAuthenticators: true}
Session ID: e1a58968515d20eb5b03bdd60ac4c3a0
at sun.reflect.NativeConstructorAccessorImpl.newInstance0(Native Method)
at sun.reflect.NativeConstructorAccessorImpl.newInstance(Unknown Source)
at sun.reflect.DelegatingConstructorAccessorImpl.newInstance(Unknown Source)
at java.lang.reflect.Constructor.newInstance(Unknown Source)
at org.openqa.selenium.remote.http.W3CHttpResponseCodec.createException(W3CHttpResponseCodec.java:187)
at org.openqa.selenium.remote.http.W3CHttpResponseCodec.decode(W3CHttpResponseCodec.java:122)
at org.openqa.selenium.remote.http.W3CHttpResponseCodec.decode(W3CHttpResponseCodec.java:49)
at org.openqa.selenium.remote.HttpCommandExecutor.execute(HttpCommandExecutor.java:158)
at org.openqa.selenium.remote.service.DriverCommandExecutor.execute(DriverCommandExecutor.java:83)
at org.openqa.selenium.remote.RemoteWebDriver.execute(RemoteWebDriver.java:552)
at org.openqa.selenium.remote.RemoteWebElement.execute(RemoteWebElement.java:285)
at org.openqa.selenium.remote.RemoteWebElement.click(RemoteWebElement.java:84)
at sun.reflect.GeneratedMethodAccessor1.invoke(Unknown Source)
at sun.reflect.DelegatingMethodAccessorImpl.invoke(Unknown Source)
at java.lang.reflect.Method.invoke(Unknown Source)
at org.openqa.selenium.support.pagefactory.internal.LocatingElementHandler.invoke(LocatingElementHandler.java:51)
at com.sun.proxy.$Proxy9.click(Unknown Source)
at pom.Auro_SignUp_Page.clickLogin(Auro_SignUp_Page.java:61)
at testscript.Stage_web_aurofit_Sweatcoin_Login.stage_web_aurofit_Sweatcoin_select_LoseWeight_Beginner_Spin_VALID_LOGIN(Stage_web_aurofit_Sweatcoin_Login.java:45)
at sun.reflect.GeneratedMethodAccessor4.invoke(Unknown Source)
at sun.reflect.DelegatingMethodAccessorImpl.invoke(Unknown Source)
at java.lang.reflect.Method.invoke(Unknown Source)
at org.testng.internal.MethodInvocationHelper.invokeMethod(MethodInvocationHelper.java:132)
at org.testng.internal.TestInvoker.invokeMethod(TestInvoker.java:599)
at org.testng.internal.TestInvoker.invokeTestMethod(TestInvoker.java:174)
at org.testng.internal.MethodRunner.runInSequence(MethodRunner.java:46)
at org.testng.internal.TestInvoker$MethodInvocationAgent.invoke(TestInvoker.java:822)
at org.testng.internal.TestInvoker.invokeTestMethods(TestInvoker.java:147)
at org.testng.internal.TestMethodWorker.invokeTestMethods(TestMethodWorker.java:146)
at org.testng.internal.TestMethodWorker.run(TestMethodWorker.java:128)
at org.testng.TestRunner$$Lambda$51/1765795529.accept(Unknown Source)
at java.util.ArrayList.forEach(Unknown Source)
at org.testng.TestRunner.privateRun(TestRunner.java:764)
at org.testng.TestRunner.run(TestRunner.java:585)
at org.testng.SuiteRunner.runTest(SuiteRunner.java:384)
at org.testng.SuiteRunner.runSequentially(SuiteRunner.java:378)
at org.testng.SuiteRunner.privateRun(SuiteRunner.java:337)
at org.testng.SuiteRunner.run(SuiteRunner.java:286)
at org.testng.SuiteRunnerWorker.runSuite(SuiteRunnerWorker.java:53)
at org.testng.SuiteRunnerWorker.run(SuiteRunnerWorker.java:96)
at org.testng.TestNG.runSuitesSequentially(TestNG.java:1218)
at org.testng.TestNG.runSuitesLocally(TestNG.java:1140)
at org.testng.TestNG.runSuites(TestNG.java:1069)
at org.testng.TestNG.run(TestNG.java:1037)
at org.testng.remote.AbstractRemoteTestNG.run(AbstractRemoteTestNG.java:115)
at org.testng.remote.RemoteTestNG.initAndRun(RemoteTestNG.java:251)
at org.testng.remote.RemoteTestNG.main(RemoteTestNG.java:77)
]]>
    </error>
  </testcase> <!-- stage_web_aurofit_Sweatcoin_select_LoseWeight_Beginner_Spin_VALID_LOGIN -->
  <system-out/>
  <testcase name="stage_web_aurofit_Sweatcoin_select_LoseWeight_Beginner_Spin_VALID_LOGIN" time="40.144" classname="testscript.Stage_web_aurofit_Sweatcoin_Login"/>
  <system-out/>
  <testcase name="stage_web_aurofit_Sweatcoin_select_LoseWeight_Beginner_Spin_VALID_LOGIN" time="31.972" classname="testscript.Stage_web_aurofit_Sweatcoin_Login"/>
  <system-out/>
</testsuite> <!-- testscript.Stage_web_aurofit_Sweatcoin_Login -->
