<?xml version="1.0" encoding="UTF-8"?>
<!-- Generated by org.testng.reporters.JUnitReportReporter -->
<testsuite skipped="21" hostname="DESKTOP-1819MVE" name="testscript.Stage_web_aurofit_CHRISTMAS_CHALLENGE" tests="24" failures="0" timestamp="2021-03-05T07:58:51 IST" time="14.061" errors="3">
  <testcase name="Stage_web_JoinNow_select_LoseWeight_Beginner_Spin_Availoffer_Dothe_Payment" time="13.892" classname="testscript.Stage_web_aurofit_CHRISTMAS_CHALLENGE">
    <error type="org.openqa.selenium.NoSuchElementException" message="Cannot locate an element using xpath=//a[.=&#039;Join now. &#039;]
For documentation on this error, please visit: https://www.seleniumhq.org/exceptions/no_such_element.html
Build info: version: &#039;3.141.59&#039;, revision: &#039;e82be7d358&#039;, time: &#039;2018-11-14T08:17:03&#039;
System info: host: &#039;DESKTOP-1819MVE&#039;, ip: &#039;192.168.1.7&#039;, os.name: &#039;Windows 10&#039;, os.arch: &#039;amd64&#039;, os.version: &#039;10.0&#039;, java.version: &#039;1.8.0_271&#039;
Driver info: driver.version: RemoteWebDriver">
      <![CDATA[org.openqa.selenium.NoSuchElementException: Cannot locate an element using xpath=//a[.='Join now. ']
For documentation on this error, please visit: https://www.seleniumhq.org/exceptions/no_such_element.html
Build info: version: '3.141.59', revision: 'e82be7d358', time: '2018-11-14T08:17:03'
System info: host: 'DESKTOP-1819MVE', ip: '192.168.1.7', os.name: 'Windows 10', os.arch: 'amd64', os.version: '10.0', java.version: '1.8.0_271'
Driver info: driver.version: RemoteWebDriver
at org.openqa.selenium.remote.RemoteWebDriver.findElement(RemoteWebDriver.java:327)
at org.openqa.selenium.remote.RemoteWebDriver.findElementByXPath(RemoteWebDriver.java:428)
at org.openqa.selenium.By$ByXPath.findElement(By.java:353)
at org.openqa.selenium.remote.RemoteWebDriver.findElement(RemoteWebDriver.java:315)
at org.openqa.selenium.support.pagefactory.DefaultElementLocator.findElement(DefaultElementLocator.java:69)
at org.openqa.selenium.support.pagefactory.internal.LocatingElementHandler.invoke(LocatingElementHandler.java:38)
at com.sun.proxy.$Proxy14.click(Unknown Source)
at pom.Auro_Home_Page.clickjoinNow(Auro_Home_Page.java:100)
at testscript.Stage_web_aurofit_CHRISTMAS_CHALLENGE.Stage_web_JoinNow_select_LoseWeight_Beginner_Spin_Availoffer_Dothe_Payment(Stage_web_aurofit_CHRISTMAS_CHALLENGE.java:1623)
at sun.reflect.NativeMethodAccessorImpl.invoke0(Native Method)
at sun.reflect.NativeMethodAccessorImpl.invoke(Unknown Source)
at sun.reflect.DelegatingMethodAccessorImpl.invoke(Unknown Source)
at java.lang.reflect.Method.invoke(Unknown Source)
at org.testng.internal.MethodInvocationHelper.invokeMethod(MethodInvocationHelper.java:132)
at org.testng.internal.TestInvoker.invokeMethod(TestInvoker.java:599)
at org.testng.internal.TestInvoker.invokeTestMethod(TestInvoker.java:174)
at org.testng.internal.MethodRunner.runInSequence(MethodRunner.java:46)
at org.testng.internal.TestInvoker$MethodInvocationAgent.invoke(TestInvoker.java:822)
at org.testng.internal.TestInvoker.invokeTestMethods(TestInvoker.java:147)
at org.testng.internal.TestMethodWorker.invokeTestMethods(TestMethodWorker.java:146)
at org.testng.internal.TestMethodWorker.run(TestMethodWorker.java:128)
at java.util.ArrayList.forEach(Unknown Source)
at org.testng.TestRunner.privateRun(TestRunner.java:764)
at org.testng.TestRunner.run(TestRunner.java:585)
at org.testng.SuiteRunner.runTest(SuiteRunner.java:384)
at org.testng.SuiteRunner.runSequentially(SuiteRunner.java:378)
at org.testng.SuiteRunner.privateRun(SuiteRunner.java:337)
at org.testng.SuiteRunner.run(SuiteRunner.java:286)
at org.testng.SuiteRunnerWorker.runSuite(SuiteRunnerWorker.java:53)
at org.testng.SuiteRunnerWorker.run(SuiteRunnerWorker.java:96)
at org.testng.TestNG.runSuitesSequentially(TestNG.java:1218)
at org.testng.TestNG.runSuitesLocally(TestNG.java:1140)
at org.testng.TestNG.runSuites(TestNG.java:1069)
at org.testng.TestNG.run(TestNG.java:1037)
at org.testng.remote.AbstractRemoteTestNG.run(AbstractRemoteTestNG.java:115)
at org.testng.remote.RemoteTestNG.initAndRun(RemoteTestNG.java:251)
at org.testng.remote.RemoteTestNG.main(RemoteTestNG.java:77)
]]>
    </error>
  </testcase> <!-- Stage_web_JoinNow_select_LoseWeight_Beginner_Spin_Availoffer_Dothe_Payment -->
  <system-out/>
  <testcase name="stage_web_aurofit_joinNow_SignUp_select_LoseWeight_Beginner_Spin_Availoffer_Dothe_Payment" time="0.000" classname="testscript.Stage_web_aurofit_CHRISTMAS_CHALLENGE">
    <skipped/>
  </testcase> <!-- stage_web_aurofit_joinNow_SignUp_select_LoseWeight_Beginner_Spin_Availoffer_Dothe_Payment -->
  <system-out/>
  <testcase name="closeApplication" time="0.166" classname="testscript.Stage_web_aurofit_CHRISTMAS_CHALLENGE">
    <error type="org.openqa.selenium.NoSuchWindowException" message="no such window: target window already closed
from unknown error: web view not found
  (Session info: chrome=88.0.4324.190)
Build info: version: &#039;3.141.59&#039;, revision: &#039;e82be7d358&#039;, time: &#039;2018-11-14T08:17:03&#039;
System info: host: &#039;DESKTOP-1819MVE&#039;, ip: &#039;192.168.1.7&#039;, os.name: &#039;Windows 10&#039;, os.arch: &#039;amd64&#039;, os.version: &#039;10.0&#039;, java.version: &#039;1.8.0_271&#039;
Driver info: org.openqa.selenium.chrome.ChromeDriver
Capabilities {acceptInsecureCerts: false, browserName: chrome, browserVersion: 88.0.4324.190, chrome: {chromedriverVersion: 88.0.4324.96 (68dba2d8a0b14..., userDataDir: C:\Users\dell\AppData\Local...}, goog:chromeOptions: {debuggerAddress: localhost:57270}, javascriptEnabled: true, networkConnectionEnabled: false, pageLoadStrategy: normal, platform: WINDOWS, platformName: WINDOWS, proxy: Proxy(), setWindowRect: true, strictFileInteractability: false, timeouts: {implicit: 0, pageLoad: 300000, script: 30000}, unhandledPromptBehavior: dismiss and notify, webauthn:extension:largeBlob: true, webauthn:virtualAuthenticators: true}
Session ID: f803e7b36b25b16575399ca53249b02f">
      <![CDATA[org.openqa.selenium.NoSuchWindowException: no such window: target window already closed
from unknown error: web view not found
  (Session info: chrome=88.0.4324.190)
Build info: version: '3.141.59', revision: 'e82be7d358', time: '2018-11-14T08:17:03'
System info: host: 'DESKTOP-1819MVE', ip: '192.168.1.7', os.name: 'Windows 10', os.arch: 'amd64', os.version: '10.0', java.version: '1.8.0_271'
Driver info: org.openqa.selenium.chrome.ChromeDriver
Capabilities {acceptInsecureCerts: false, browserName: chrome, browserVersion: 88.0.4324.190, chrome: {chromedriverVersion: 88.0.4324.96 (68dba2d8a0b14..., userDataDir: C:\Users\dell\AppData\Local...}, goog:chromeOptions: {debuggerAddress: localhost:57270}, javascriptEnabled: true, networkConnectionEnabled: false, pageLoadStrategy: normal, platform: WINDOWS, platformName: WINDOWS, proxy: Proxy(), setWindowRect: true, strictFileInteractability: false, timeouts: {implicit: 0, pageLoad: 300000, script: 30000}, unhandledPromptBehavior: dismiss and notify, webauthn:extension:largeBlob: true, webauthn:virtualAuthenticators: true}
Session ID: f803e7b36b25b16575399ca53249b02f
at sun.reflect.NativeConstructorAccessorImpl.newInstance0(Native Method)
at sun.reflect.NativeConstructorAccessorImpl.newInstance(Unknown Source)
at sun.reflect.DelegatingConstructorAccessorImpl.newInstance(Unknown Source)
at java.lang.reflect.Constructor.newInstance(Unknown Source)
at org.openqa.selenium.remote.http.W3CHttpResponseCodec.createException(W3CHttpResponseCodec.java:187)
at org.openqa.selenium.remote.http.W3CHttpResponseCodec.decode(W3CHttpResponseCodec.java:122)
at org.openqa.selenium.remote.http.W3CHttpResponseCodec.decode(W3CHttpResponseCodec.java:49)
at org.openqa.selenium.remote.HttpCommandExecutor.execute(HttpCommandExecutor.java:158)
at org.openqa.selenium.remote.service.DriverCommandExecutor.execute(DriverCommandExecutor.java:83)
at org.openqa.selenium.remote.RemoteWebDriver.execute(RemoteWebDriver.java:552)
at org.openqa.selenium.remote.RemoteWebDriver.execute(RemoteWebDriver.java:609)
at org.openqa.selenium.remote.RemoteWebDriver.getScreenshotAs(RemoteWebDriver.java:295)
at generic.Screenshot.capture(Screenshot.java:21)
at generic.Precondition.closeApplication(Precondition.java:159)
at sun.reflect.NativeMethodAccessorImpl.invoke0(Native Method)
at sun.reflect.NativeMethodAccessorImpl.invoke(Unknown Source)
at sun.reflect.DelegatingMethodAccessorImpl.invoke(Unknown Source)
at java.lang.reflect.Method.invoke(Unknown Source)
at org.testng.internal.MethodInvocationHelper.invokeMethod(MethodInvocationHelper.java:132)
at org.testng.internal.MethodInvocationHelper.invokeMethodConsideringTimeout(MethodInvocationHelper.java:61)
at org.testng.internal.ConfigInvoker.invokeConfigurationMethod(ConfigInvoker.java:366)
at org.testng.internal.ConfigInvoker.invokeConfigurations(ConfigInvoker.java:320)
at org.testng.internal.TestInvoker.runConfigMethods(TestInvoker.java:701)
at org.testng.internal.TestInvoker.runAfterGroupsConfigurations(TestInvoker.java:677)
at org.testng.internal.TestInvoker.invokeMethod(TestInvoker.java:661)
at org.testng.internal.TestInvoker.invokeTestMethod(TestInvoker.java:174)
at org.testng.internal.MethodRunner.runInSequence(MethodRunner.java:46)
at org.testng.internal.TestInvoker$MethodInvocationAgent.invoke(TestInvoker.java:822)
at org.testng.internal.TestInvoker.invokeTestMethods(TestInvoker.java:147)
at org.testng.internal.TestMethodWorker.invokeTestMethods(TestMethodWorker.java:146)
at org.testng.internal.TestMethodWorker.run(TestMethodWorker.java:128)
at java.util.ArrayList.forEach(Unknown Source)
at org.testng.TestRunner.privateRun(TestRunner.java:764)
at org.testng.TestRunner.run(TestRunner.java:585)
at org.testng.SuiteRunner.runTest(SuiteRunner.java:384)
at org.testng.SuiteRunner.runSequentially(SuiteRunner.java:378)
at org.testng.SuiteRunner.privateRun(SuiteRunner.java:337)
at org.testng.SuiteRunner.run(SuiteRunner.java:286)
at org.testng.SuiteRunnerWorker.runSuite(SuiteRunnerWorker.java:53)
at org.testng.SuiteRunnerWorker.run(SuiteRunnerWorker.java:96)
at org.testng.TestNG.runSuitesSequentially(TestNG.java:1218)
at org.testng.TestNG.runSuitesLocally(TestNG.java:1140)
at org.testng.TestNG.runSuites(TestNG.java:1069)
at org.testng.TestNG.run(TestNG.java:1037)
at org.testng.remote.AbstractRemoteTestNG.run(AbstractRemoteTestNG.java:115)
at org.testng.remote.RemoteTestNG.initAndRun(RemoteTestNG.java:251)
at org.testng.remote.RemoteTestNG.main(RemoteTestNG.java:77)
]]>
    </error>
  </testcase> <!-- closeApplication -->
  <system-out/>
  <testcase name="clOse" time="0.003" classname="testscript.Stage_web_aurofit_CHRISTMAS_CHALLENGE">
    <error type="java.lang.NullPointerException">
      <![CDATA[java.lang.NullPointerException
at generic.Precondition.clOse(Precondition.java:168)
at sun.reflect.NativeMethodAccessorImpl.invoke0(Native Method)
at sun.reflect.NativeMethodAccessorImpl.invoke(Unknown Source)
at sun.reflect.DelegatingMethodAccessorImpl.invoke(Unknown Source)
at java.lang.reflect.Method.invoke(Unknown Source)
at org.testng.internal.MethodInvocationHelper.invokeMethod(MethodInvocationHelper.java:132)
at org.testng.internal.MethodInvocationHelper.invokeMethodConsideringTimeout(MethodInvocationHelper.java:61)
at org.testng.internal.ConfigInvoker.invokeConfigurationMethod(ConfigInvoker.java:366)
at org.testng.internal.ConfigInvoker.invokeConfigurations(ConfigInvoker.java:320)
at org.testng.SuiteRunner.privateRun(SuiteRunner.java:351)
at org.testng.SuiteRunner.run(SuiteRunner.java:286)
at org.testng.SuiteRunnerWorker.runSuite(SuiteRunnerWorker.java:53)
at org.testng.SuiteRunnerWorker.run(SuiteRunnerWorker.java:96)
at org.testng.TestNG.runSuitesSequentially(TestNG.java:1218)
at org.testng.TestNG.runSuitesLocally(TestNG.java:1140)
at org.testng.TestNG.runSuites(TestNG.java:1069)
at org.testng.TestNG.run(TestNG.java:1037)
at org.testng.remote.AbstractRemoteTestNG.run(AbstractRemoteTestNG.java:115)
at org.testng.remote.RemoteTestNG.initAndRun(RemoteTestNG.java:251)
at org.testng.remote.RemoteTestNG.main(RemoteTestNG.java:77)
]]>
    </error>
  </testcase> <!-- clOse -->
  <system-out/>
  <testcase name="stage_web_aurofit_CHRISTMAS_CHALLENGE_SignUp_with_Already_Registed_Email" time="0.000" classname="testscript.Stage_web_aurofit_CHRISTMAS_CHALLENGE">
    <skipped/>
  </testcase> <!-- stage_web_aurofit_CHRISTMAS_CHALLENGE_SignUp_with_Already_Registed_Email -->
  <system-out/>
  <testcase name="stage_web_aurofit_CHRISTMAS_CHALLENGE_LOGIN_VALID_EMAIL_INVALID_PASSWORD" time="0.000" classname="testscript.Stage_web_aurofit_CHRISTMAS_CHALLENGE">
    <skipped/>
  </testcase> <!-- stage_web_aurofit_CHRISTMAS_CHALLENGE_LOGIN_VALID_EMAIL_INVALID_PASSWORD -->
  <system-out/>
  <testcase name="stage_web_aurofit_CHRISTMAS_CHALLENGE_LOGIN_INVALID_EMAIL__VALIDPASSWORD" time="0.000" classname="testscript.Stage_web_aurofit_CHRISTMAS_CHALLENGE">
    <skipped/>
  </testcase> <!-- stage_web_aurofit_CHRISTMAS_CHALLENGE_LOGIN_INVALID_EMAIL__VALIDPASSWORD -->
  <system-out/>
  <testcase name="stage_web_aurofit_CHRISTMAS_CHALLENGE_LOGIN_UNREGISTEREDMAIL" time="0.000" classname="testscript.Stage_web_aurofit_CHRISTMAS_CHALLENGE">
    <skipped/>
  </testcase> <!-- stage_web_aurofit_CHRISTMAS_CHALLENGE_LOGIN_UNREGISTEREDMAIL -->
  <system-out/>
  <testcase name="stage_web_aurofit_CHRISTMAS_CHALLENGE_Dothe_Payment_Entering_Expired_Card_Credentials" time="0.000" classname="testscript.Stage_web_aurofit_CHRISTMAS_CHALLENGE">
    <skipped/>
  </testcase> <!-- stage_web_aurofit_CHRISTMAS_CHALLENGE_Dothe_Payment_Entering_Expired_Card_Credentials -->
  <system-out/>
  <testcase name="stage_web_aurofit_CHRISTMAS_CHALLENGE_Dothe_Payment_Entering_Credentials_Incorrect_Security_Code" time="0.000" classname="testscript.Stage_web_aurofit_CHRISTMAS_CHALLENGE">
    <skipped/>
  </testcase> <!-- stage_web_aurofit_CHRISTMAS_CHALLENGE_Dothe_Payment_Entering_Credentials_Incorrect_Security_Code -->
  <system-out/>
  <testcase name="stage_web_aurofit_CHRISTMAS_CHALLENGE_Dothe_Payment_Entering_Credentials_Error_while_processing_the_card" time="0.000" classname="testscript.Stage_web_aurofit_CHRISTMAS_CHALLENGE">
    <skipped/>
  </testcase> <!-- stage_web_aurofit_CHRISTMAS_CHALLENGE_Dothe_Payment_Entering_Credentials_Error_while_processing_the_card -->
  <system-out/>
  <testcase name="stage_web_aurofit_CHRISTMAS_CHALLENGE_Dothe_Payment_Entering_Credentials_Invalid_CardNumber_ErrorMessage" time="0.000" classname="testscript.Stage_web_aurofit_CHRISTMAS_CHALLENGE">
    <skipped/>
  </testcase> <!-- stage_web_aurofit_CHRISTMAS_CHALLENGE_Dothe_Payment_Entering_Credentials_Invalid_CardNumber_ErrorMessage -->
  <system-out/>
  <testcase name="stage_web_aurofit_CHRISTMAS_CHALLENGE_LoseWeight_Beginner_Spin_Availoffer_Dothe_Payment_Entering_IncompleteCardNumber_Verify_ErrorMessage" time="0.000" classname="testscript.Stage_web_aurofit_CHRISTMAS_CHALLENGE">
    <skipped/>
  </testcase> <!-- stage_web_aurofit_CHRISTMAS_CHALLENGE_LoseWeight_Beginner_Spin_Availoffer_Dothe_Payment_Entering_IncompleteCardNumber_Verify_ErrorMessage -->
  <system-out/>
  <testcase name="stage_web_aurofit_CHRISTMAS_CHALLENGE_Dothe_Payment_Incomplete_ExpiryDate_verifyErrorMessage" time="0.000" classname="testscript.Stage_web_aurofit_CHRISTMAS_CHALLENGE">
    <skipped/>
  </testcase> <!-- stage_web_aurofit_CHRISTMAS_CHALLENGE_Dothe_Payment_Incomplete_ExpiryDate_verifyErrorMessage -->
  <system-out/>
  <testcase name="stage_web_aurofit_CHRISTMAS_CHALLENGE_LoseWeight_Beginner_Spin_Availoffer_Dothe_Payment_Incomplete_CvC_Code_verifyErrorMessage" time="0.000" classname="testscript.Stage_web_aurofit_CHRISTMAS_CHALLENGE">
    <skipped/>
  </testcase> <!-- stage_web_aurofit_CHRISTMAS_CHALLENGE_LoseWeight_Beginner_Spin_Availoffer_Dothe_Payment_Incomplete_CvC_Code_verifyErrorMessage -->
  <system-out/>
  <testcase name="stage_web_aurofit_CHRISTMAS_CHALLENGE_Dothe_Payment_Incomplete_ZIP_Code_verifyErrorMessage" time="0.000" classname="testscript.Stage_web_aurofit_CHRISTMAS_CHALLENGE">
    <skipped/>
  </testcase> <!-- stage_web_aurofit_CHRISTMAS_CHALLENGE_Dothe_Payment_Incomplete_ZIP_Code_verifyErrorMessage -->
  <system-out/>
  <testcase name="stage_web_aurofit_CHRISTMAS_CHALLENGE_Dothe_Payment_Enter_DeadCardCredentials_verifyErrorMessage" time="0.000" classname="testscript.Stage_web_aurofit_CHRISTMAS_CHALLENGE">
    <skipped/>
  </testcase> <!-- stage_web_aurofit_CHRISTMAS_CHALLENGE_Dothe_Payment_Enter_DeadCardCredentials_verifyErrorMessage -->
  <system-out/>
  <testcase name="stage_web_aurofit_CHRISTMAS_CHALLENGE_SignUp_Enter_Invalid_CouponCode" time="0.000" classname="testscript.Stage_web_aurofit_CHRISTMAS_CHALLENGE">
    <skipped/>
  </testcase> <!-- stage_web_aurofit_CHRISTMAS_CHALLENGE_SignUp_Enter_Invalid_CouponCode -->
  <system-out/>
  <testcase name="stage_web_aurofit_CHRISTMAS_CHALLENGE_SIGNED_UP_UNSUBSCRIBED_USER" time="0.000" classname="testscript.Stage_web_aurofit_CHRISTMAS_CHALLENGE">
    <skipped/>
  </testcase> <!-- stage_web_aurofit_CHRISTMAS_CHALLENGE_SIGNED_UP_UNSUBSCRIBED_USER -->
  <system-out/>
  <testcase name="stage_web_aurofit_CHRISTMAS_CHALLENGE_ForgotPassword" time="0.000" classname="testscript.Stage_web_aurofit_CHRISTMAS_CHALLENGE">
    <skipped/>
  </testcase> <!-- stage_web_aurofit_CHRISTMAS_CHALLENGE_ForgotPassword -->
  <system-out/>
  <testcase name="stage_web_aurofit_CHRISTMAS_CHALLENGE_verify_Enter_Valid_Email_Error_Message" time="0.000" classname="testscript.Stage_web_aurofit_CHRISTMAS_CHALLENGE">
    <skipped/>
  </testcase> <!-- stage_web_aurofit_CHRISTMAS_CHALLENGE_verify_Enter_Valid_Email_Error_Message -->
  <system-out/>
  <testcase name="stage_web_aurofit_CHRISTMAS_CHALLENGE_verify_Enter_Password_Error_Message" time="0.000" classname="testscript.Stage_web_aurofit_CHRISTMAS_CHALLENGE">
    <skipped/>
  </testcase> <!-- stage_web_aurofit_CHRISTMAS_CHALLENGE_verify_Enter_Password_Error_Message -->
  <system-out/>
  <testcase name="stage_web_aurofit_CHRISTMAS_CHALLENGE_Login_With_Valid_Credentials" time="0.000" classname="testscript.Stage_web_aurofit_CHRISTMAS_CHALLENGE">
    <skipped/>
  </testcase> <!-- stage_web_aurofit_CHRISTMAS_CHALLENGE_Login_With_Valid_Credentials -->
  <system-out/>
  <testcase name="stage_web_aurofit_ChristmasChallenge_SignUp_enterCouponcode_Checkout_Subscribe" time="0.000" classname="testscript.Stage_web_aurofit_CHRISTMAS_CHALLENGE">
    <skipped/>
  </testcase> <!-- stage_web_aurofit_ChristmasChallenge_SignUp_enterCouponcode_Checkout_Subscribe -->
  <system-out/>
</testsuite> <!-- testscript.Stage_web_aurofit_CHRISTMAS_CHALLENGE -->
