<?xml version="1.0" encoding="UTF-8"?>
<!-- Generated by org.testng.reporters.JUnitReportReporter -->
<testsuite skipped="0" hostname="DESKTOP-1819MVE" name="testscript.RunMummy_Login" tests="100" failures="0" timestamp="2020-10-30T17:22:44 IST" time="4217.430" errors="6">
  <testcase name="select_LoseWeight_Beginner_Spin_VALID_LOGIN" time="35.875" classname="testscript.RunMummy_Login"/>
  <system-out/>
  <testcase name="select_LoseWeight_Beginner_Spin_VALID_LOGIN" time="44.406" classname="testscript.RunMummy_Login"/>
  <system-out/>
  <testcase name="select_LoseWeight_Beginner_Spin_VALID_LOGIN" time="38.816" classname="testscript.RunMummy_Login"/>
  <system-out/>
  <testcase name="select_LoseWeight_Beginner_Spin_VALID_LOGIN" time="53.172" classname="testscript.RunMummy_Login"/>
  <system-out/>
  <testcase name="select_LoseWeight_Beginner_Spin_VALID_LOGIN" time="34.239" classname="testscript.RunMummy_Login">
    <error type="org.openqa.selenium.ElementNotInteractableException" message="element not interactable
  (Session info: chrome=86.0.4240.111)
Build info: version: &#039;3.141.59&#039;, revision: &#039;e82be7d358&#039;, time: &#039;2018-11-14T08:17:03&#039;
System info: host: &#039;DESKTOP-1819MVE&#039;, ip: &#039;192.168.1.6&#039;, os.name: &#039;Windows 8.1&#039;, os.arch: &#039;amd64&#039;, os.version: &#039;6.3&#039;, java.version: &#039;1.8.0_20-ea&#039;
Driver info: org.openqa.selenium.chrome.ChromeDriver
Capabilities {acceptInsecureCerts: false, browserName: chrome, browserVersion: 86.0.4240.111, chrome: {chromedriverVersion: 85.0.4183.87 (cd6713ebf92fa..., userDataDir: C:\Users\dell\AppData\Local...}, goog:chromeOptions: {debuggerAddress: localhost:58213}, javascriptEnabled: true, networkConnectionEnabled: false, pageLoadStrategy: normal, platform: WINDOWS, platformName: WINDOWS, proxy: Proxy(), setWindowRect: true, strictFileInteractability: false, timeouts: {implicit: 0, pageLoad: 300000, script: 30000}, unhandledPromptBehavior: dismiss and notify, webauthn:virtualAuthenticators: true}
Session ID: 2b7d8feb9bde26d406bfc501eb403c6a">
      <![CDATA[org.openqa.selenium.ElementNotInteractableException: element not interactable
  (Session info: chrome=86.0.4240.111)
Build info: version: '3.141.59', revision: 'e82be7d358', time: '2018-11-14T08:17:03'
System info: host: 'DESKTOP-1819MVE', ip: '192.168.1.6', os.name: 'Windows 8.1', os.arch: 'amd64', os.version: '6.3', java.version: '1.8.0_20-ea'
Driver info: org.openqa.selenium.chrome.ChromeDriver
Capabilities {acceptInsecureCerts: false, browserName: chrome, browserVersion: 86.0.4240.111, chrome: {chromedriverVersion: 85.0.4183.87 (cd6713ebf92fa..., userDataDir: C:\Users\dell\AppData\Local...}, goog:chromeOptions: {debuggerAddress: localhost:58213}, javascriptEnabled: true, networkConnectionEnabled: false, pageLoadStrategy: normal, platform: WINDOWS, platformName: WINDOWS, proxy: Proxy(), setWindowRect: true, strictFileInteractability: false, timeouts: {implicit: 0, pageLoad: 300000, script: 30000}, unhandledPromptBehavior: dismiss and notify, webauthn:virtualAuthenticators: true}
Session ID: 2b7d8feb9bde26d406bfc501eb403c6a
at sun.reflect.NativeConstructorAccessorImpl.newInstance0(Native Method)
at sun.reflect.NativeConstructorAccessorImpl.newInstance(Unknown Source)
at sun.reflect.DelegatingConstructorAccessorImpl.newInstance(Unknown Source)
at java.lang.reflect.Constructor.newInstance(Unknown Source)
at org.openqa.selenium.remote.http.W3CHttpResponseCodec.createException(W3CHttpResponseCodec.java:187)
at org.openqa.selenium.remote.http.W3CHttpResponseCodec.decode(W3CHttpResponseCodec.java:122)
at org.openqa.selenium.remote.http.W3CHttpResponseCodec.decode(W3CHttpResponseCodec.java:49)
at org.openqa.selenium.remote.HttpCommandExecutor.execute(HttpCommandExecutor.java:158)
at org.openqa.selenium.remote.service.DriverCommandExecutor.execute(DriverCommandExecutor.java:83)
at org.openqa.selenium.remote.RemoteWebDriver.execute(RemoteWebDriver.java:552)
at org.openqa.selenium.remote.RemoteWebElement.execute(RemoteWebElement.java:285)
at org.openqa.selenium.remote.RemoteWebElement.click(RemoteWebElement.java:84)
at sun.reflect.GeneratedMethodAccessor1.invoke(Unknown Source)
at sun.reflect.DelegatingMethodAccessorImpl.invoke(Unknown Source)
at java.lang.reflect.Method.invoke(Unknown Source)
at org.openqa.selenium.support.pagefactory.internal.LocatingElementHandler.invoke(LocatingElementHandler.java:51)
at com.sun.proxy.$Proxy9.click(Unknown Source)
at pom.Auro_Goals_Page.selectLoseweight(Auro_Goals_Page.java:33)
at testscript.RunMummy_Login.select_LoseWeight_Beginner_Spin_VALID_LOGIN(RunMummy_Login.java:41)
at sun.reflect.GeneratedMethodAccessor4.invoke(Unknown Source)
at sun.reflect.DelegatingMethodAccessorImpl.invoke(Unknown Source)
at java.lang.reflect.Method.invoke(Unknown Source)
at org.testng.internal.MethodInvocationHelper.invokeMethod(MethodInvocationHelper.java:132)
at org.testng.internal.TestInvoker.invokeMethod(TestInvoker.java:599)
at org.testng.internal.TestInvoker.invokeTestMethod(TestInvoker.java:174)
at org.testng.internal.MethodRunner.runInSequence(MethodRunner.java:46)
at org.testng.internal.TestInvoker$MethodInvocationAgent.invoke(TestInvoker.java:822)
at org.testng.internal.TestInvoker.invokeTestMethods(TestInvoker.java:147)
at org.testng.internal.TestMethodWorker.invokeTestMethods(TestMethodWorker.java:146)
at org.testng.internal.TestMethodWorker.run(TestMethodWorker.java:128)
at org.testng.TestRunner$$Lambda$51/888473870.accept(Unknown Source)
at java.util.ArrayList.forEach(Unknown Source)
at org.testng.TestRunner.privateRun(TestRunner.java:764)
at org.testng.TestRunner.run(TestRunner.java:585)
at org.testng.SuiteRunner.runTest(SuiteRunner.java:384)
at org.testng.SuiteRunner.runSequentially(SuiteRunner.java:378)
at org.testng.SuiteRunner.privateRun(SuiteRunner.java:337)
at org.testng.SuiteRunner.run(SuiteRunner.java:286)
at org.testng.SuiteRunnerWorker.runSuite(SuiteRunnerWorker.java:53)
at org.testng.SuiteRunnerWorker.run(SuiteRunnerWorker.java:96)
at org.testng.TestNG.runSuitesSequentially(TestNG.java:1218)
at org.testng.TestNG.runSuitesLocally(TestNG.java:1140)
at org.testng.TestNG.runSuites(TestNG.java:1069)
at org.testng.TestNG.run(TestNG.java:1037)
at org.testng.remote.AbstractRemoteTestNG.run(AbstractRemoteTestNG.java:115)
at org.testng.remote.RemoteTestNG.initAndRun(RemoteTestNG.java:251)
at org.testng.remote.RemoteTestNG.main(RemoteTestNG.java:77)
]]>
    </error>
  </testcase> <!-- select_LoseWeight_Beginner_Spin_VALID_LOGIN -->
  <system-out/>
  <testcase name="select_LoseWeight_Beginner_Spin_VALID_LOGIN" time="43.806" classname="testscript.RunMummy_Login"/>
  <system-out/>
  <testcase name="select_LoseWeight_Beginner_Spin_VALID_LOGIN" time="38.092" classname="testscript.RunMummy_Login"/>
  <system-out/>
  <testcase name="select_LoseWeight_Beginner_Spin_VALID_LOGIN" time="37.342" classname="testscript.RunMummy_Login"/>
  <system-out/>
  <testcase name="select_LoseWeight_Beginner_Spin_VALID_LOGIN" time="41.167" classname="testscript.RunMummy_Login"/>
  <system-out/>
  <testcase name="select_LoseWeight_Beginner_Spin_VALID_LOGIN" time="45.039" classname="testscript.RunMummy_Login"/>
  <system-out/>
  <testcase name="select_LoseWeight_Beginner_Spin_VALID_LOGIN" time="37.255" classname="testscript.RunMummy_Login"/>
  <system-out/>
  <testcase name="select_LoseWeight_Beginner_Spin_VALID_LOGIN" time="39.014" classname="testscript.RunMummy_Login"/>
  <system-out/>
  <testcase name="select_LoseWeight_Beginner_Spin_VALID_LOGIN" time="31.729" classname="testscript.RunMummy_Login"/>
  <system-out/>
  <testcase name="select_LoseWeight_Beginner_Spin_VALID_LOGIN" time="38.072" classname="testscript.RunMummy_Login">
    <error type="org.openqa.selenium.ElementNotInteractableException" message="element not interactable
  (Session info: chrome=86.0.4240.111)
Build info: version: &#039;3.141.59&#039;, revision: &#039;e82be7d358&#039;, time: &#039;2018-11-14T08:17:03&#039;
System info: host: &#039;DESKTOP-1819MVE&#039;, ip: &#039;192.168.1.6&#039;, os.name: &#039;Windows 8.1&#039;, os.arch: &#039;amd64&#039;, os.version: &#039;6.3&#039;, java.version: &#039;1.8.0_20-ea&#039;
Driver info: org.openqa.selenium.chrome.ChromeDriver
Capabilities {acceptInsecureCerts: false, browserName: chrome, browserVersion: 86.0.4240.111, chrome: {chromedriverVersion: 85.0.4183.87 (cd6713ebf92fa..., userDataDir: C:\Users\dell\AppData\Local...}, goog:chromeOptions: {debuggerAddress: localhost:60924}, javascriptEnabled: true, networkConnectionEnabled: false, pageLoadStrategy: normal, platform: WINDOWS, platformName: WINDOWS, proxy: Proxy(), setWindowRect: true, strictFileInteractability: false, timeouts: {implicit: 0, pageLoad: 300000, script: 30000}, unhandledPromptBehavior: dismiss and notify, webauthn:virtualAuthenticators: true}
Session ID: a6cd1ea549850adf107aecfbc0d0ef5a">
      <![CDATA[org.openqa.selenium.ElementNotInteractableException: element not interactable
  (Session info: chrome=86.0.4240.111)
Build info: version: '3.141.59', revision: 'e82be7d358', time: '2018-11-14T08:17:03'
System info: host: 'DESKTOP-1819MVE', ip: '192.168.1.6', os.name: 'Windows 8.1', os.arch: 'amd64', os.version: '6.3', java.version: '1.8.0_20-ea'
Driver info: org.openqa.selenium.chrome.ChromeDriver
Capabilities {acceptInsecureCerts: false, browserName: chrome, browserVersion: 86.0.4240.111, chrome: {chromedriverVersion: 85.0.4183.87 (cd6713ebf92fa..., userDataDir: C:\Users\dell\AppData\Local...}, goog:chromeOptions: {debuggerAddress: localhost:60924}, javascriptEnabled: true, networkConnectionEnabled: false, pageLoadStrategy: normal, platform: WINDOWS, platformName: WINDOWS, proxy: Proxy(), setWindowRect: true, strictFileInteractability: false, timeouts: {implicit: 0, pageLoad: 300000, script: 30000}, unhandledPromptBehavior: dismiss and notify, webauthn:virtualAuthenticators: true}
Session ID: a6cd1ea549850adf107aecfbc0d0ef5a
at sun.reflect.NativeConstructorAccessorImpl.newInstance0(Native Method)
at sun.reflect.NativeConstructorAccessorImpl.newInstance(Unknown Source)
at sun.reflect.DelegatingConstructorAccessorImpl.newInstance(Unknown Source)
at java.lang.reflect.Constructor.newInstance(Unknown Source)
at org.openqa.selenium.remote.http.W3CHttpResponseCodec.createException(W3CHttpResponseCodec.java:187)
at org.openqa.selenium.remote.http.W3CHttpResponseCodec.decode(W3CHttpResponseCodec.java:122)
at org.openqa.selenium.remote.http.W3CHttpResponseCodec.decode(W3CHttpResponseCodec.java:49)
at org.openqa.selenium.remote.HttpCommandExecutor.execute(HttpCommandExecutor.java:158)
at org.openqa.selenium.remote.service.DriverCommandExecutor.execute(DriverCommandExecutor.java:83)
at org.openqa.selenium.remote.RemoteWebDriver.execute(RemoteWebDriver.java:552)
at org.openqa.selenium.remote.RemoteWebElement.execute(RemoteWebElement.java:285)
at org.openqa.selenium.remote.RemoteWebElement.click(RemoteWebElement.java:84)
at sun.reflect.GeneratedMethodAccessor1.invoke(Unknown Source)
at sun.reflect.DelegatingMethodAccessorImpl.invoke(Unknown Source)
at java.lang.reflect.Method.invoke(Unknown Source)
at org.openqa.selenium.support.pagefactory.internal.LocatingElementHandler.invoke(LocatingElementHandler.java:51)
at com.sun.proxy.$Proxy9.click(Unknown Source)
at pom.Auro_Goals_Page.selectLoseweight(Auro_Goals_Page.java:33)
at testscript.RunMummy_Login.select_LoseWeight_Beginner_Spin_VALID_LOGIN(RunMummy_Login.java:41)
at sun.reflect.GeneratedMethodAccessor4.invoke(Unknown Source)
at sun.reflect.DelegatingMethodAccessorImpl.invoke(Unknown Source)
at java.lang.reflect.Method.invoke(Unknown Source)
at org.testng.internal.MethodInvocationHelper.invokeMethod(MethodInvocationHelper.java:132)
at org.testng.internal.TestInvoker.invokeMethod(TestInvoker.java:599)
at org.testng.internal.TestInvoker.invokeTestMethod(TestInvoker.java:174)
at org.testng.internal.MethodRunner.runInSequence(MethodRunner.java:46)
at org.testng.internal.TestInvoker$MethodInvocationAgent.invoke(TestInvoker.java:822)
at org.testng.internal.TestInvoker.invokeTestMethods(TestInvoker.java:147)
at org.testng.internal.TestMethodWorker.invokeTestMethods(TestMethodWorker.java:146)
at org.testng.internal.TestMethodWorker.run(TestMethodWorker.java:128)
at org.testng.TestRunner$$Lambda$51/888473870.accept(Unknown Source)
at java.util.ArrayList.forEach(Unknown Source)
at org.testng.TestRunner.privateRun(TestRunner.java:764)
at org.testng.TestRunner.run(TestRunner.java:585)
at org.testng.SuiteRunner.runTest(SuiteRunner.java:384)
at org.testng.SuiteRunner.runSequentially(SuiteRunner.java:378)
at org.testng.SuiteRunner.privateRun(SuiteRunner.java:337)
at org.testng.SuiteRunner.run(SuiteRunner.java:286)
at org.testng.SuiteRunnerWorker.runSuite(SuiteRunnerWorker.java:53)
at org.testng.SuiteRunnerWorker.run(SuiteRunnerWorker.java:96)
at org.testng.TestNG.runSuitesSequentially(TestNG.java:1218)
at org.testng.TestNG.runSuitesLocally(TestNG.java:1140)
at org.testng.TestNG.runSuites(TestNG.java:1069)
at org.testng.TestNG.run(TestNG.java:1037)
at org.testng.remote.AbstractRemoteTestNG.run(AbstractRemoteTestNG.java:115)
at org.testng.remote.RemoteTestNG.initAndRun(RemoteTestNG.java:251)
at org.testng.remote.RemoteTestNG.main(RemoteTestNG.java:77)
]]>
    </error>
  </testcase> <!-- select_LoseWeight_Beginner_Spin_VALID_LOGIN -->
  <system-out/>
  <testcase name="select_LoseWeight_Beginner_Spin_VALID_LOGIN" time="37.476" classname="testscript.RunMummy_Login"/>
  <system-out/>
  <testcase name="select_LoseWeight_Beginner_Spin_VALID_LOGIN" time="51.061" classname="testscript.RunMummy_Login"/>
  <system-out/>
  <testcase name="select_LoseWeight_Beginner_Spin_VALID_LOGIN" time="37.108" classname="testscript.RunMummy_Login"/>
  <system-out/>
  <testcase name="select_LoseWeight_Beginner_Spin_VALID_LOGIN" time="36.491" classname="testscript.RunMummy_Login"/>
  <system-out/>
  <testcase name="select_LoseWeight_Beginner_Spin_VALID_LOGIN" time="40.673" classname="testscript.RunMummy_Login"/>
  <system-out/>
  <testcase name="select_LoseWeight_Beginner_Spin_VALID_LOGIN" time="54.614" classname="testscript.RunMummy_Login"/>
  <system-out/>
  <testcase name="select_LoseWeight_Beginner_Spin_VALID_LOGIN" time="33.017" classname="testscript.RunMummy_Login"/>
  <system-out/>
  <testcase name="select_LoseWeight_Beginner_Spin_VALID_LOGIN" time="40.813" classname="testscript.RunMummy_Login"/>
  <system-out/>
  <testcase name="select_LoseWeight_Beginner_Spin_VALID_LOGIN" time="45.045" classname="testscript.RunMummy_Login"/>
  <system-out/>
  <testcase name="select_LoseWeight_Beginner_Spin_VALID_LOGIN" time="41.727" classname="testscript.RunMummy_Login"/>
  <system-out/>
  <testcase name="select_LoseWeight_Beginner_Spin_VALID_LOGIN" time="83.602" classname="testscript.RunMummy_Login"/>
  <system-out/>
  <testcase name="select_LoseWeight_Beginner_Spin_VALID_LOGIN" time="40.408" classname="testscript.RunMummy_Login"/>
  <system-out/>
  <testcase name="select_LoseWeight_Beginner_Spin_VALID_LOGIN" time="38.159" classname="testscript.RunMummy_Login"/>
  <system-out/>
  <testcase name="select_LoseWeight_Beginner_Spin_VALID_LOGIN" time="36.636" classname="testscript.RunMummy_Login"/>
  <system-out/>
  <testcase name="select_LoseWeight_Beginner_Spin_VALID_LOGIN" time="33.599" classname="testscript.RunMummy_Login">
    <error type="org.openqa.selenium.ElementClickInterceptedException" message="element click intercepted: Element &lt;button class=&quot;btn btn-sign-up&quot; id=&quot;log-in-button&quot; type=&quot;submit&quot; style=&quot;background-color: rgb(255, 97, 85);&quot;&gt;...&lt;/button&gt; is not clickable at point (631, 313). Other element would receive the click: &lt;img id=&quot;loading-image&quot; src=&quot;https://dziujm2o2uamy.cloudfront.net/auro-web/assets_v2/images/loading/loading3.png&quot;&gt;
  (Session info: chrome=86.0.4240.111)
Build info: version: &#039;3.141.59&#039;, revision: &#039;e82be7d358&#039;, time: &#039;2018-11-14T08:17:03&#039;
System info: host: &#039;DESKTOP-1819MVE&#039;, ip: &#039;192.168.1.6&#039;, os.name: &#039;Windows 8.1&#039;, os.arch: &#039;amd64&#039;, os.version: &#039;6.3&#039;, java.version: &#039;1.8.0_20-ea&#039;
Driver info: org.openqa.selenium.chrome.ChromeDriver
Capabilities {acceptInsecureCerts: false, browserName: chrome, browserVersion: 86.0.4240.111, chrome: {chromedriverVersion: 85.0.4183.87 (cd6713ebf92fa..., userDataDir: C:\Users\dell\AppData\Local...}, goog:chromeOptions: {debuggerAddress: localhost:58581}, javascriptEnabled: true, networkConnectionEnabled: false, pageLoadStrategy: normal, platform: WINDOWS, platformName: WINDOWS, proxy: Proxy(), setWindowRect: true, strictFileInteractability: false, timeouts: {implicit: 0, pageLoad: 300000, script: 30000}, unhandledPromptBehavior: dismiss and notify, webauthn:virtualAuthenticators: true}
Session ID: 55a0a4ba43d71c6ba520da1a03cfc46e">
      <![CDATA[org.openqa.selenium.ElementClickInterceptedException: element click intercepted: Element <button class="btn btn-sign-up" id="log-in-button" type="submit" style="background-color: rgb(255, 97, 85);">...</button> is not clickable at point (631, 313). Other element would receive the click: <img id="loading-image" src="https://dziujm2o2uamy.cloudfront.net/auro-web/assets_v2/images/loading/loading3.png">
  (Session info: chrome=86.0.4240.111)
Build info: version: '3.141.59', revision: 'e82be7d358', time: '2018-11-14T08:17:03'
System info: host: 'DESKTOP-1819MVE', ip: '192.168.1.6', os.name: 'Windows 8.1', os.arch: 'amd64', os.version: '6.3', java.version: '1.8.0_20-ea'
Driver info: org.openqa.selenium.chrome.ChromeDriver
Capabilities {acceptInsecureCerts: false, browserName: chrome, browserVersion: 86.0.4240.111, chrome: {chromedriverVersion: 85.0.4183.87 (cd6713ebf92fa..., userDataDir: C:\Users\dell\AppData\Local...}, goog:chromeOptions: {debuggerAddress: localhost:58581}, javascriptEnabled: true, networkConnectionEnabled: false, pageLoadStrategy: normal, platform: WINDOWS, platformName: WINDOWS, proxy: Proxy(), setWindowRect: true, strictFileInteractability: false, timeouts: {implicit: 0, pageLoad: 300000, script: 30000}, unhandledPromptBehavior: dismiss and notify, webauthn:virtualAuthenticators: true}
Session ID: 55a0a4ba43d71c6ba520da1a03cfc46e
at sun.reflect.NativeConstructorAccessorImpl.newInstance0(Native Method)
at sun.reflect.NativeConstructorAccessorImpl.newInstance(Unknown Source)
at sun.reflect.DelegatingConstructorAccessorImpl.newInstance(Unknown Source)
at java.lang.reflect.Constructor.newInstance(Unknown Source)
at org.openqa.selenium.remote.http.W3CHttpResponseCodec.createException(W3CHttpResponseCodec.java:187)
at org.openqa.selenium.remote.http.W3CHttpResponseCodec.decode(W3CHttpResponseCodec.java:122)
at org.openqa.selenium.remote.http.W3CHttpResponseCodec.decode(W3CHttpResponseCodec.java:49)
at org.openqa.selenium.remote.HttpCommandExecutor.execute(HttpCommandExecutor.java:158)
at org.openqa.selenium.remote.service.DriverCommandExecutor.execute(DriverCommandExecutor.java:83)
at org.openqa.selenium.remote.RemoteWebDriver.execute(RemoteWebDriver.java:552)
at org.openqa.selenium.remote.RemoteWebElement.execute(RemoteWebElement.java:285)
at org.openqa.selenium.remote.RemoteWebElement.click(RemoteWebElement.java:84)
at sun.reflect.GeneratedMethodAccessor1.invoke(Unknown Source)
at sun.reflect.DelegatingMethodAccessorImpl.invoke(Unknown Source)
at java.lang.reflect.Method.invoke(Unknown Source)
at org.openqa.selenium.support.pagefactory.internal.LocatingElementHandler.invoke(LocatingElementHandler.java:51)
at com.sun.proxy.$Proxy9.click(Unknown Source)
at pom.Login_Page.clickLogin(Login_Page.java:56)
at testscript.RunMummy_Login.select_LoseWeight_Beginner_Spin_VALID_LOGIN(RunMummy_Login.java:67)
at sun.reflect.GeneratedMethodAccessor4.invoke(Unknown Source)
at sun.reflect.DelegatingMethodAccessorImpl.invoke(Unknown Source)
at java.lang.reflect.Method.invoke(Unknown Source)
at org.testng.internal.MethodInvocationHelper.invokeMethod(MethodInvocationHelper.java:132)
at org.testng.internal.TestInvoker.invokeMethod(TestInvoker.java:599)
at org.testng.internal.TestInvoker.invokeTestMethod(TestInvoker.java:174)
at org.testng.internal.MethodRunner.runInSequence(MethodRunner.java:46)
at org.testng.internal.TestInvoker$MethodInvocationAgent.invoke(TestInvoker.java:822)
at org.testng.internal.TestInvoker.invokeTestMethods(TestInvoker.java:147)
at org.testng.internal.TestMethodWorker.invokeTestMethods(TestMethodWorker.java:146)
at org.testng.internal.TestMethodWorker.run(TestMethodWorker.java:128)
at org.testng.TestRunner$$Lambda$51/888473870.accept(Unknown Source)
at java.util.ArrayList.forEach(Unknown Source)
at org.testng.TestRunner.privateRun(TestRunner.java:764)
at org.testng.TestRunner.run(TestRunner.java:585)
at org.testng.SuiteRunner.runTest(SuiteRunner.java:384)
at org.testng.SuiteRunner.runSequentially(SuiteRunner.java:378)
at org.testng.SuiteRunner.privateRun(SuiteRunner.java:337)
at org.testng.SuiteRunner.run(SuiteRunner.java:286)
at org.testng.SuiteRunnerWorker.runSuite(SuiteRunnerWorker.java:53)
at org.testng.SuiteRunnerWorker.run(SuiteRunnerWorker.java:96)
at org.testng.TestNG.runSuitesSequentially(TestNG.java:1218)
at org.testng.TestNG.runSuitesLocally(TestNG.java:1140)
at org.testng.TestNG.runSuites(TestNG.java:1069)
at org.testng.TestNG.run(TestNG.java:1037)
at org.testng.remote.AbstractRemoteTestNG.run(AbstractRemoteTestNG.java:115)
at org.testng.remote.RemoteTestNG.initAndRun(RemoteTestNG.java:251)
at org.testng.remote.RemoteTestNG.main(RemoteTestNG.java:77)
]]>
    </error>
  </testcase> <!-- select_LoseWeight_Beginner_Spin_VALID_LOGIN -->
  <system-out/>
  <testcase name="select_LoseWeight_Beginner_Spin_VALID_LOGIN" time="43.110" classname="testscript.RunMummy_Login"/>
  <system-out/>
  <testcase name="select_LoseWeight_Beginner_Spin_VALID_LOGIN" time="36.140" classname="testscript.RunMummy_Login"/>
  <system-out/>
  <testcase name="select_LoseWeight_Beginner_Spin_VALID_LOGIN" time="33.177" classname="testscript.RunMummy_Login"/>
  <system-out/>
  <testcase name="select_LoseWeight_Beginner_Spin_VALID_LOGIN" time="46.641" classname="testscript.RunMummy_Login"/>
  <system-out/>
  <testcase name="select_LoseWeight_Beginner_Spin_VALID_LOGIN" time="73.424" classname="testscript.RunMummy_Login"/>
  <system-out/>
  <testcase name="select_LoseWeight_Beginner_Spin_VALID_LOGIN" time="39.729" classname="testscript.RunMummy_Login"/>
  <system-out/>
  <testcase name="select_LoseWeight_Beginner_Spin_VALID_LOGIN" time="44.117" classname="testscript.RunMummy_Login"/>
  <system-out/>
  <testcase name="select_LoseWeight_Beginner_Spin_VALID_LOGIN" time="36.939" classname="testscript.RunMummy_Login">
    <error type="org.openqa.selenium.ElementNotInteractableException" message="element not interactable
  (Session info: chrome=86.0.4240.111)
Build info: version: &#039;3.141.59&#039;, revision: &#039;e82be7d358&#039;, time: &#039;2018-11-14T08:17:03&#039;
System info: host: &#039;DESKTOP-1819MVE&#039;, ip: &#039;192.168.1.6&#039;, os.name: &#039;Windows 8.1&#039;, os.arch: &#039;amd64&#039;, os.version: &#039;6.3&#039;, java.version: &#039;1.8.0_20-ea&#039;
Driver info: org.openqa.selenium.chrome.ChromeDriver
Capabilities {acceptInsecureCerts: false, browserName: chrome, browserVersion: 86.0.4240.111, chrome: {chromedriverVersion: 85.0.4183.87 (cd6713ebf92fa..., userDataDir: C:\Users\dell\AppData\Local...}, goog:chromeOptions: {debuggerAddress: localhost:60682}, javascriptEnabled: true, networkConnectionEnabled: false, pageLoadStrategy: normal, platform: WINDOWS, platformName: WINDOWS, proxy: Proxy(), setWindowRect: true, strictFileInteractability: false, timeouts: {implicit: 0, pageLoad: 300000, script: 30000}, unhandledPromptBehavior: dismiss and notify, webauthn:virtualAuthenticators: true}
Session ID: ae3ef4ce8bd6c798aa9b3169dbb92c59">
      <![CDATA[org.openqa.selenium.ElementNotInteractableException: element not interactable
  (Session info: chrome=86.0.4240.111)
Build info: version: '3.141.59', revision: 'e82be7d358', time: '2018-11-14T08:17:03'
System info: host: 'DESKTOP-1819MVE', ip: '192.168.1.6', os.name: 'Windows 8.1', os.arch: 'amd64', os.version: '6.3', java.version: '1.8.0_20-ea'
Driver info: org.openqa.selenium.chrome.ChromeDriver
Capabilities {acceptInsecureCerts: false, browserName: chrome, browserVersion: 86.0.4240.111, chrome: {chromedriverVersion: 85.0.4183.87 (cd6713ebf92fa..., userDataDir: C:\Users\dell\AppData\Local...}, goog:chromeOptions: {debuggerAddress: localhost:60682}, javascriptEnabled: true, networkConnectionEnabled: false, pageLoadStrategy: normal, platform: WINDOWS, platformName: WINDOWS, proxy: Proxy(), setWindowRect: true, strictFileInteractability: false, timeouts: {implicit: 0, pageLoad: 300000, script: 30000}, unhandledPromptBehavior: dismiss and notify, webauthn:virtualAuthenticators: true}
Session ID: ae3ef4ce8bd6c798aa9b3169dbb92c59
at sun.reflect.NativeConstructorAccessorImpl.newInstance0(Native Method)
at sun.reflect.NativeConstructorAccessorImpl.newInstance(Unknown Source)
at sun.reflect.DelegatingConstructorAccessorImpl.newInstance(Unknown Source)
at java.lang.reflect.Constructor.newInstance(Unknown Source)
at org.openqa.selenium.remote.http.W3CHttpResponseCodec.createException(W3CHttpResponseCodec.java:187)
at org.openqa.selenium.remote.http.W3CHttpResponseCodec.decode(W3CHttpResponseCodec.java:122)
at org.openqa.selenium.remote.http.W3CHttpResponseCodec.decode(W3CHttpResponseCodec.java:49)
at org.openqa.selenium.remote.HttpCommandExecutor.execute(HttpCommandExecutor.java:158)
at org.openqa.selenium.remote.service.DriverCommandExecutor.execute(DriverCommandExecutor.java:83)
at org.openqa.selenium.remote.RemoteWebDriver.execute(RemoteWebDriver.java:552)
at org.openqa.selenium.remote.RemoteWebElement.execute(RemoteWebElement.java:285)
at org.openqa.selenium.remote.RemoteWebElement.click(RemoteWebElement.java:84)
at sun.reflect.GeneratedMethodAccessor1.invoke(Unknown Source)
at sun.reflect.DelegatingMethodAccessorImpl.invoke(Unknown Source)
at java.lang.reflect.Method.invoke(Unknown Source)
at org.openqa.selenium.support.pagefactory.internal.LocatingElementHandler.invoke(LocatingElementHandler.java:51)
at com.sun.proxy.$Proxy9.click(Unknown Source)
at pom.Auro_Goals_Page.selectLoseweight(Auro_Goals_Page.java:33)
at testscript.RunMummy_Login.select_LoseWeight_Beginner_Spin_VALID_LOGIN(RunMummy_Login.java:41)
at sun.reflect.GeneratedMethodAccessor4.invoke(Unknown Source)
at sun.reflect.DelegatingMethodAccessorImpl.invoke(Unknown Source)
at java.lang.reflect.Method.invoke(Unknown Source)
at org.testng.internal.MethodInvocationHelper.invokeMethod(MethodInvocationHelper.java:132)
at org.testng.internal.TestInvoker.invokeMethod(TestInvoker.java:599)
at org.testng.internal.TestInvoker.invokeTestMethod(TestInvoker.java:174)
at org.testng.internal.MethodRunner.runInSequence(MethodRunner.java:46)
at org.testng.internal.TestInvoker$MethodInvocationAgent.invoke(TestInvoker.java:822)
at org.testng.internal.TestInvoker.invokeTestMethods(TestInvoker.java:147)
at org.testng.internal.TestMethodWorker.invokeTestMethods(TestMethodWorker.java:146)
at org.testng.internal.TestMethodWorker.run(TestMethodWorker.java:128)
at org.testng.TestRunner$$Lambda$51/888473870.accept(Unknown Source)
at java.util.ArrayList.forEach(Unknown Source)
at org.testng.TestRunner.privateRun(TestRunner.java:764)
at org.testng.TestRunner.run(TestRunner.java:585)
at org.testng.SuiteRunner.runTest(SuiteRunner.java:384)
at org.testng.SuiteRunner.runSequentially(SuiteRunner.java:378)
at org.testng.SuiteRunner.privateRun(SuiteRunner.java:337)
at org.testng.SuiteRunner.run(SuiteRunner.java:286)
at org.testng.SuiteRunnerWorker.runSuite(SuiteRunnerWorker.java:53)
at org.testng.SuiteRunnerWorker.run(SuiteRunnerWorker.java:96)
at org.testng.TestNG.runSuitesSequentially(TestNG.java:1218)
at org.testng.TestNG.runSuitesLocally(TestNG.java:1140)
at org.testng.TestNG.runSuites(TestNG.java:1069)
at org.testng.TestNG.run(TestNG.java:1037)
at org.testng.remote.AbstractRemoteTestNG.run(AbstractRemoteTestNG.java:115)
at org.testng.remote.RemoteTestNG.initAndRun(RemoteTestNG.java:251)
at org.testng.remote.RemoteTestNG.main(RemoteTestNG.java:77)
]]>
    </error>
  </testcase> <!-- select_LoseWeight_Beginner_Spin_VALID_LOGIN -->
  <system-out/>
  <testcase name="select_LoseWeight_Beginner_Spin_VALID_LOGIN" time="37.430" classname="testscript.RunMummy_Login"/>
  <system-out/>
  <testcase name="select_LoseWeight_Beginner_Spin_VALID_LOGIN" time="34.797" classname="testscript.RunMummy_Login"/>
  <system-out/>
  <testcase name="select_LoseWeight_Beginner_Spin_VALID_LOGIN" time="44.344" classname="testscript.RunMummy_Login"/>
  <system-out/>
  <testcase name="select_LoseWeight_Beginner_Spin_VALID_LOGIN" time="35.836" classname="testscript.RunMummy_Login"/>
  <system-out/>
  <testcase name="select_LoseWeight_Beginner_Spin_VALID_LOGIN" time="35.346" classname="testscript.RunMummy_Login"/>
  <system-out/>
  <testcase name="select_LoseWeight_Beginner_Spin_VALID_LOGIN" time="44.917" classname="testscript.RunMummy_Login"/>
  <system-out/>
  <testcase name="select_LoseWeight_Beginner_Spin_VALID_LOGIN" time="50.658" classname="testscript.RunMummy_Login"/>
  <system-out/>
  <testcase name="select_LoseWeight_Beginner_Spin_VALID_LOGIN" time="37.157" classname="testscript.RunMummy_Login"/>
  <system-out/>
  <testcase name="select_LoseWeight_Beginner_Spin_VALID_LOGIN" time="35.893" classname="testscript.RunMummy_Login"/>
  <system-out/>
  <testcase name="select_LoseWeight_Beginner_Spin_VALID_LOGIN" time="45.463" classname="testscript.RunMummy_Login"/>
  <system-out/>
  <testcase name="select_LoseWeight_Beginner_Spin_VALID_LOGIN" time="36.608" classname="testscript.RunMummy_Login"/>
  <system-out/>
  <testcase name="select_LoseWeight_Beginner_Spin_VALID_LOGIN" time="36.817" classname="testscript.RunMummy_Login"/>
  <system-out/>
  <testcase name="select_LoseWeight_Beginner_Spin_VALID_LOGIN" time="36.738" classname="testscript.RunMummy_Login"/>
  <system-out/>
  <testcase name="select_LoseWeight_Beginner_Spin_VALID_LOGIN" time="40.548" classname="testscript.RunMummy_Login"/>
  <system-out/>
  <testcase name="select_LoseWeight_Beginner_Spin_VALID_LOGIN" time="51.923" classname="testscript.RunMummy_Login"/>
  <system-out/>
  <testcase name="select_LoseWeight_Beginner_Spin_VALID_LOGIN" time="48.540" classname="testscript.RunMummy_Login"/>
  <system-out/>
  <testcase name="select_LoseWeight_Beginner_Spin_VALID_LOGIN" time="46.001" classname="testscript.RunMummy_Login"/>
  <system-out/>
  <testcase name="select_LoseWeight_Beginner_Spin_VALID_LOGIN" time="57.296" classname="testscript.RunMummy_Login"/>
  <system-out/>
  <testcase name="select_LoseWeight_Beginner_Spin_VALID_LOGIN" time="46.527" classname="testscript.RunMummy_Login"/>
  <system-out/>
  <testcase name="select_LoseWeight_Beginner_Spin_VALID_LOGIN" time="37.345" classname="testscript.RunMummy_Login"/>
  <system-out/>
  <testcase name="select_LoseWeight_Beginner_Spin_VALID_LOGIN" time="39.521" classname="testscript.RunMummy_Login"/>
  <system-out/>
  <testcase name="select_LoseWeight_Beginner_Spin_VALID_LOGIN" time="55.091" classname="testscript.RunMummy_Login"/>
  <system-out/>
  <testcase name="select_LoseWeight_Beginner_Spin_VALID_LOGIN" time="38.550" classname="testscript.RunMummy_Login">
    <error type="org.openqa.selenium.ElementNotInteractableException" message="element not interactable
  (Session info: chrome=86.0.4240.111)
Build info: version: &#039;3.141.59&#039;, revision: &#039;e82be7d358&#039;, time: &#039;2018-11-14T08:17:03&#039;
System info: host: &#039;DESKTOP-1819MVE&#039;, ip: &#039;192.168.1.6&#039;, os.name: &#039;Windows 8.1&#039;, os.arch: &#039;amd64&#039;, os.version: &#039;6.3&#039;, java.version: &#039;1.8.0_20-ea&#039;
Driver info: org.openqa.selenium.chrome.ChromeDriver
Capabilities {acceptInsecureCerts: false, browserName: chrome, browserVersion: 86.0.4240.111, chrome: {chromedriverVersion: 85.0.4183.87 (cd6713ebf92fa..., userDataDir: C:\Users\dell\AppData\Local...}, goog:chromeOptions: {debuggerAddress: localhost:56756}, javascriptEnabled: true, networkConnectionEnabled: false, pageLoadStrategy: normal, platform: WINDOWS, platformName: WINDOWS, proxy: Proxy(), setWindowRect: true, strictFileInteractability: false, timeouts: {implicit: 0, pageLoad: 300000, script: 30000}, unhandledPromptBehavior: dismiss and notify, webauthn:virtualAuthenticators: true}
Session ID: ae1faa83cd128f65b2a4b80e24ccf899">
      <![CDATA[org.openqa.selenium.ElementNotInteractableException: element not interactable
  (Session info: chrome=86.0.4240.111)
Build info: version: '3.141.59', revision: 'e82be7d358', time: '2018-11-14T08:17:03'
System info: host: 'DESKTOP-1819MVE', ip: '192.168.1.6', os.name: 'Windows 8.1', os.arch: 'amd64', os.version: '6.3', java.version: '1.8.0_20-ea'
Driver info: org.openqa.selenium.chrome.ChromeDriver
Capabilities {acceptInsecureCerts: false, browserName: chrome, browserVersion: 86.0.4240.111, chrome: {chromedriverVersion: 85.0.4183.87 (cd6713ebf92fa..., userDataDir: C:\Users\dell\AppData\Local...}, goog:chromeOptions: {debuggerAddress: localhost:56756}, javascriptEnabled: true, networkConnectionEnabled: false, pageLoadStrategy: normal, platform: WINDOWS, platformName: WINDOWS, proxy: Proxy(), setWindowRect: true, strictFileInteractability: false, timeouts: {implicit: 0, pageLoad: 300000, script: 30000}, unhandledPromptBehavior: dismiss and notify, webauthn:virtualAuthenticators: true}
Session ID: ae1faa83cd128f65b2a4b80e24ccf899
at sun.reflect.NativeConstructorAccessorImpl.newInstance0(Native Method)
at sun.reflect.NativeConstructorAccessorImpl.newInstance(Unknown Source)
at sun.reflect.DelegatingConstructorAccessorImpl.newInstance(Unknown Source)
at java.lang.reflect.Constructor.newInstance(Unknown Source)
at org.openqa.selenium.remote.http.W3CHttpResponseCodec.createException(W3CHttpResponseCodec.java:187)
at org.openqa.selenium.remote.http.W3CHttpResponseCodec.decode(W3CHttpResponseCodec.java:122)
at org.openqa.selenium.remote.http.W3CHttpResponseCodec.decode(W3CHttpResponseCodec.java:49)
at org.openqa.selenium.remote.HttpCommandExecutor.execute(HttpCommandExecutor.java:158)
at org.openqa.selenium.remote.service.DriverCommandExecutor.execute(DriverCommandExecutor.java:83)
at org.openqa.selenium.remote.RemoteWebDriver.execute(RemoteWebDriver.java:552)
at org.openqa.selenium.remote.RemoteWebElement.execute(RemoteWebElement.java:285)
at org.openqa.selenium.remote.RemoteWebElement.click(RemoteWebElement.java:84)
at sun.reflect.GeneratedMethodAccessor1.invoke(Unknown Source)
at sun.reflect.DelegatingMethodAccessorImpl.invoke(Unknown Source)
at java.lang.reflect.Method.invoke(Unknown Source)
at org.openqa.selenium.support.pagefactory.internal.LocatingElementHandler.invoke(LocatingElementHandler.java:51)
at com.sun.proxy.$Proxy9.click(Unknown Source)
at pom.Auro_Goals_Page.selectLoseweight(Auro_Goals_Page.java:33)
at testscript.RunMummy_Login.select_LoseWeight_Beginner_Spin_VALID_LOGIN(RunMummy_Login.java:41)
at sun.reflect.GeneratedMethodAccessor4.invoke(Unknown Source)
at sun.reflect.DelegatingMethodAccessorImpl.invoke(Unknown Source)
at java.lang.reflect.Method.invoke(Unknown Source)
at org.testng.internal.MethodInvocationHelper.invokeMethod(MethodInvocationHelper.java:132)
at org.testng.internal.TestInvoker.invokeMethod(TestInvoker.java:599)
at org.testng.internal.TestInvoker.invokeTestMethod(TestInvoker.java:174)
at org.testng.internal.MethodRunner.runInSequence(MethodRunner.java:46)
at org.testng.internal.TestInvoker$MethodInvocationAgent.invoke(TestInvoker.java:822)
at org.testng.internal.TestInvoker.invokeTestMethods(TestInvoker.java:147)
at org.testng.internal.TestMethodWorker.invokeTestMethods(TestMethodWorker.java:146)
at org.testng.internal.TestMethodWorker.run(TestMethodWorker.java:128)
at org.testng.TestRunner$$Lambda$51/888473870.accept(Unknown Source)
at java.util.ArrayList.forEach(Unknown Source)
at org.testng.TestRunner.privateRun(TestRunner.java:764)
at org.testng.TestRunner.run(TestRunner.java:585)
at org.testng.SuiteRunner.runTest(SuiteRunner.java:384)
at org.testng.SuiteRunner.runSequentially(SuiteRunner.java:378)
at org.testng.SuiteRunner.privateRun(SuiteRunner.java:337)
at org.testng.SuiteRunner.run(SuiteRunner.java:286)
at org.testng.SuiteRunnerWorker.runSuite(SuiteRunnerWorker.java:53)
at org.testng.SuiteRunnerWorker.run(SuiteRunnerWorker.java:96)
at org.testng.TestNG.runSuitesSequentially(TestNG.java:1218)
at org.testng.TestNG.runSuitesLocally(TestNG.java:1140)
at org.testng.TestNG.runSuites(TestNG.java:1069)
at org.testng.TestNG.run(TestNG.java:1037)
at org.testng.remote.AbstractRemoteTestNG.run(AbstractRemoteTestNG.java:115)
at org.testng.remote.RemoteTestNG.initAndRun(RemoteTestNG.java:251)
at org.testng.remote.RemoteTestNG.main(RemoteTestNG.java:77)
]]>
    </error>
  </testcase> <!-- select_LoseWeight_Beginner_Spin_VALID_LOGIN -->
  <system-out/>
  <testcase name="select_LoseWeight_Beginner_Spin_VALID_LOGIN" time="40.391" classname="testscript.RunMummy_Login"/>
  <system-out/>
  <testcase name="select_LoseWeight_Beginner_Spin_VALID_LOGIN" time="45.085" classname="testscript.RunMummy_Login"/>
  <system-out/>
  <testcase name="select_LoseWeight_Beginner_Spin_VALID_LOGIN" time="41.904" classname="testscript.RunMummy_Login"/>
  <system-out/>
  <testcase name="select_LoseWeight_Beginner_Spin_VALID_LOGIN" time="37.616" classname="testscript.RunMummy_Login"/>
  <system-out/>
  <testcase name="select_LoseWeight_Beginner_Spin_VALID_LOGIN" time="41.150" classname="testscript.RunMummy_Login"/>
  <system-out/>
  <testcase name="select_LoseWeight_Beginner_Spin_VALID_LOGIN" time="36.990" classname="testscript.RunMummy_Login"/>
  <system-out/>
  <testcase name="select_LoseWeight_Beginner_Spin_VALID_LOGIN" time="48.210" classname="testscript.RunMummy_Login"/>
  <system-out/>
  <testcase name="select_LoseWeight_Beginner_Spin_VALID_LOGIN" time="37.039" classname="testscript.RunMummy_Login"/>
  <system-out/>
  <testcase name="select_LoseWeight_Beginner_Spin_VALID_LOGIN" time="40.704" classname="testscript.RunMummy_Login"/>
  <system-out/>
  <testcase name="select_LoseWeight_Beginner_Spin_VALID_LOGIN" time="47.307" classname="testscript.RunMummy_Login"/>
  <system-out/>
  <testcase name="select_LoseWeight_Beginner_Spin_VALID_LOGIN" time="35.126" classname="testscript.RunMummy_Login"/>
  <system-out/>
  <testcase name="select_LoseWeight_Beginner_Spin_VALID_LOGIN" time="49.474" classname="testscript.RunMummy_Login"/>
  <system-out/>
  <testcase name="select_LoseWeight_Beginner_Spin_VALID_LOGIN" time="44.016" classname="testscript.RunMummy_Login"/>
  <system-out/>
  <testcase name="select_LoseWeight_Beginner_Spin_VALID_LOGIN" time="48.054" classname="testscript.RunMummy_Login"/>
  <system-out/>
  <testcase name="select_LoseWeight_Beginner_Spin_VALID_LOGIN" time="44.975" classname="testscript.RunMummy_Login"/>
  <system-out/>
  <testcase name="select_LoseWeight_Beginner_Spin_VALID_LOGIN" time="46.549" classname="testscript.RunMummy_Login"/>
  <system-out/>
  <testcase name="select_LoseWeight_Beginner_Spin_VALID_LOGIN" time="35.915" classname="testscript.RunMummy_Login"/>
  <system-out/>
  <testcase name="select_LoseWeight_Beginner_Spin_VALID_LOGIN" time="37.816" classname="testscript.RunMummy_Login"/>
  <system-out/>
  <testcase name="select_LoseWeight_Beginner_Spin_VALID_LOGIN" time="36.999" classname="testscript.RunMummy_Login"/>
  <system-out/>
  <testcase name="select_LoseWeight_Beginner_Spin_VALID_LOGIN" time="36.790" classname="testscript.RunMummy_Login"/>
  <system-out/>
  <testcase name="select_LoseWeight_Beginner_Spin_VALID_LOGIN" time="36.633" classname="testscript.RunMummy_Login"/>
  <system-out/>
  <testcase name="select_LoseWeight_Beginner_Spin_VALID_LOGIN" time="33.783" classname="testscript.RunMummy_Login"/>
  <system-out/>
  <testcase name="select_LoseWeight_Beginner_Spin_VALID_LOGIN" time="39.246" classname="testscript.RunMummy_Login"/>
  <system-out/>
  <testcase name="select_LoseWeight_Beginner_Spin_VALID_LOGIN" time="38.884" classname="testscript.RunMummy_Login">
    <error type="org.openqa.selenium.ElementNotInteractableException" message="element not interactable
  (Session info: chrome=86.0.4240.111)
Build info: version: &#039;3.141.59&#039;, revision: &#039;e82be7d358&#039;, time: &#039;2018-11-14T08:17:03&#039;
System info: host: &#039;DESKTOP-1819MVE&#039;, ip: &#039;192.168.1.6&#039;, os.name: &#039;Windows 8.1&#039;, os.arch: &#039;amd64&#039;, os.version: &#039;6.3&#039;, java.version: &#039;1.8.0_20-ea&#039;
Driver info: org.openqa.selenium.chrome.ChromeDriver
Capabilities {acceptInsecureCerts: false, browserName: chrome, browserVersion: 86.0.4240.111, chrome: {chromedriverVersion: 85.0.4183.87 (cd6713ebf92fa..., userDataDir: C:\Users\dell\AppData\Local...}, goog:chromeOptions: {debuggerAddress: localhost:61043}, javascriptEnabled: true, networkConnectionEnabled: false, pageLoadStrategy: normal, platform: WINDOWS, platformName: WINDOWS, proxy: Proxy(), setWindowRect: true, strictFileInteractability: false, timeouts: {implicit: 0, pageLoad: 300000, script: 30000}, unhandledPromptBehavior: dismiss and notify, webauthn:virtualAuthenticators: true}
Session ID: 39a027a7774537da8811483efc47a45d">
      <![CDATA[org.openqa.selenium.ElementNotInteractableException: element not interactable
  (Session info: chrome=86.0.4240.111)
Build info: version: '3.141.59', revision: 'e82be7d358', time: '2018-11-14T08:17:03'
System info: host: 'DESKTOP-1819MVE', ip: '192.168.1.6', os.name: 'Windows 8.1', os.arch: 'amd64', os.version: '6.3', java.version: '1.8.0_20-ea'
Driver info: org.openqa.selenium.chrome.ChromeDriver
Capabilities {acceptInsecureCerts: false, browserName: chrome, browserVersion: 86.0.4240.111, chrome: {chromedriverVersion: 85.0.4183.87 (cd6713ebf92fa..., userDataDir: C:\Users\dell\AppData\Local...}, goog:chromeOptions: {debuggerAddress: localhost:61043}, javascriptEnabled: true, networkConnectionEnabled: false, pageLoadStrategy: normal, platform: WINDOWS, platformName: WINDOWS, proxy: Proxy(), setWindowRect: true, strictFileInteractability: false, timeouts: {implicit: 0, pageLoad: 300000, script: 30000}, unhandledPromptBehavior: dismiss and notify, webauthn:virtualAuthenticators: true}
Session ID: 39a027a7774537da8811483efc47a45d
at sun.reflect.NativeConstructorAccessorImpl.newInstance0(Native Method)
at sun.reflect.NativeConstructorAccessorImpl.newInstance(Unknown Source)
at sun.reflect.DelegatingConstructorAccessorImpl.newInstance(Unknown Source)
at java.lang.reflect.Constructor.newInstance(Unknown Source)
at org.openqa.selenium.remote.http.W3CHttpResponseCodec.createException(W3CHttpResponseCodec.java:187)
at org.openqa.selenium.remote.http.W3CHttpResponseCodec.decode(W3CHttpResponseCodec.java:122)
at org.openqa.selenium.remote.http.W3CHttpResponseCodec.decode(W3CHttpResponseCodec.java:49)
at org.openqa.selenium.remote.HttpCommandExecutor.execute(HttpCommandExecutor.java:158)
at org.openqa.selenium.remote.service.DriverCommandExecutor.execute(DriverCommandExecutor.java:83)
at org.openqa.selenium.remote.RemoteWebDriver.execute(RemoteWebDriver.java:552)
at org.openqa.selenium.remote.RemoteWebElement.execute(RemoteWebElement.java:285)
at org.openqa.selenium.remote.RemoteWebElement.click(RemoteWebElement.java:84)
at sun.reflect.GeneratedMethodAccessor1.invoke(Unknown Source)
at sun.reflect.DelegatingMethodAccessorImpl.invoke(Unknown Source)
at java.lang.reflect.Method.invoke(Unknown Source)
at org.openqa.selenium.support.pagefactory.internal.LocatingElementHandler.invoke(LocatingElementHandler.java:51)
at com.sun.proxy.$Proxy9.click(Unknown Source)
at pom.Auro_Goals_Page.selectLoseweight(Auro_Goals_Page.java:33)
at testscript.RunMummy_Login.select_LoseWeight_Beginner_Spin_VALID_LOGIN(RunMummy_Login.java:41)
at sun.reflect.GeneratedMethodAccessor4.invoke(Unknown Source)
at sun.reflect.DelegatingMethodAccessorImpl.invoke(Unknown Source)
at java.lang.reflect.Method.invoke(Unknown Source)
at org.testng.internal.MethodInvocationHelper.invokeMethod(MethodInvocationHelper.java:132)
at org.testng.internal.TestInvoker.invokeMethod(TestInvoker.java:599)
at org.testng.internal.TestInvoker.invokeTestMethod(TestInvoker.java:174)
at org.testng.internal.MethodRunner.runInSequence(MethodRunner.java:46)
at org.testng.internal.TestInvoker$MethodInvocationAgent.invoke(TestInvoker.java:822)
at org.testng.internal.TestInvoker.invokeTestMethods(TestInvoker.java:147)
at org.testng.internal.TestMethodWorker.invokeTestMethods(TestMethodWorker.java:146)
at org.testng.internal.TestMethodWorker.run(TestMethodWorker.java:128)
at org.testng.TestRunner$$Lambda$51/888473870.accept(Unknown Source)
at java.util.ArrayList.forEach(Unknown Source)
at org.testng.TestRunner.privateRun(TestRunner.java:764)
at org.testng.TestRunner.run(TestRunner.java:585)
at org.testng.SuiteRunner.runTest(SuiteRunner.java:384)
at org.testng.SuiteRunner.runSequentially(SuiteRunner.java:378)
at org.testng.SuiteRunner.privateRun(SuiteRunner.java:337)
at org.testng.SuiteRunner.run(SuiteRunner.java:286)
at org.testng.SuiteRunnerWorker.runSuite(SuiteRunnerWorker.java:53)
at org.testng.SuiteRunnerWorker.run(SuiteRunnerWorker.java:96)
at org.testng.TestNG.runSuitesSequentially(TestNG.java:1218)
at org.testng.TestNG.runSuitesLocally(TestNG.java:1140)
at org.testng.TestNG.runSuites(TestNG.java:1069)
at org.testng.TestNG.run(TestNG.java:1037)
at org.testng.remote.AbstractRemoteTestNG.run(AbstractRemoteTestNG.java:115)
at org.testng.remote.RemoteTestNG.initAndRun(RemoteTestNG.java:251)
at org.testng.remote.RemoteTestNG.main(RemoteTestNG.java:77)
]]>
    </error>
  </testcase> <!-- select_LoseWeight_Beginner_Spin_VALID_LOGIN -->
  <system-out/>
  <testcase name="select_LoseWeight_Beginner_Spin_VALID_LOGIN" time="46.416" classname="testscript.RunMummy_Login"/>
  <system-out/>
  <testcase name="select_LoseWeight_Beginner_Spin_VALID_LOGIN" time="53.110" classname="testscript.RunMummy_Login"/>
  <system-out/>
  <testcase name="select_LoseWeight_Beginner_Spin_VALID_LOGIN" time="39.662" classname="testscript.RunMummy_Login"/>
  <system-out/>
  <testcase name="select_LoseWeight_Beginner_Spin_VALID_LOGIN" time="38.211" classname="testscript.RunMummy_Login"/>
  <system-out/>
  <testcase name="select_LoseWeight_Beginner_Spin_VALID_LOGIN" time="42.764" classname="testscript.RunMummy_Login"/>
  <system-out/>
  <testcase name="select_LoseWeight_Beginner_Spin_VALID_LOGIN" time="37.858" classname="testscript.RunMummy_Login"/>
  <system-out/>
  <testcase name="select_LoseWeight_Beginner_Spin_VALID_LOGIN" time="67.649" classname="testscript.RunMummy_Login"/>
  <system-out/>
  <testcase name="select_LoseWeight_Beginner_Spin_VALID_LOGIN" time="59.097" classname="testscript.RunMummy_Login"/>
  <system-out/>
  <testcase name="select_LoseWeight_Beginner_Spin_VALID_LOGIN" time="38.199" classname="testscript.RunMummy_Login"/>
  <system-out/>
  <testcase name="select_LoseWeight_Beginner_Spin_VALID_LOGIN" time="48.070" classname="testscript.RunMummy_Login"/>
  <system-out/>
  <testcase name="select_LoseWeight_Beginner_Spin_VALID_LOGIN" time="37.410" classname="testscript.RunMummy_Login"/>
  <system-out/>
  <testcase name="select_LoseWeight_Beginner_Spin_VALID_LOGIN" time="38.967" classname="testscript.RunMummy_Login"/>
  <system-out/>
  <testcase name="select_LoseWeight_Beginner_Spin_VALID_LOGIN" time="38.736" classname="testscript.RunMummy_Login"/>
  <system-out/>
  <testcase name="select_LoseWeight_Beginner_Spin_VALID_LOGIN" time="38.908" classname="testscript.RunMummy_Login"/>
  <system-out/>
  <testcase name="select_LoseWeight_Beginner_Spin_VALID_LOGIN" time="39.601" classname="testscript.RunMummy_Login"/>
  <system-out/>
  <testcase name="select_LoseWeight_Beginner_Spin_VALID_LOGIN" time="37.040" classname="testscript.RunMummy_Login"/>
  <system-out/>
</testsuite> <!-- testscript.RunMummy_Login -->
