<?xml version="1.0" encoding="UTF-8"?>
<!-- Generated by org.testng.reporters.JUnitReportReporter -->
<testsuite skipped="13" hostname="DESKTOP-1819MVE" name="testscript.Stage_web_aurofit_LONDON_WINTER_RUN" tests="15" failures="0" timestamp="2021-02-10T10:39:20 IST" time="44.517" errors="2">
  <testcase name="setUp" time="22.125" classname="testscript.Stage_web_aurofit_LONDON_WINTER_RUN">
    <error type="org.openqa.selenium.NoSuchWindowException" message="no such window: target window already closed
from unknown error: web view not found
  (Session info: chrome=88.0.4324.146)
Build info: version: &#039;3.141.59&#039;, revision: &#039;e82be7d358&#039;, time: &#039;2018-11-14T08:17:03&#039;
System info: host: &#039;DESKTOP-1819MVE&#039;, ip: &#039;192.168.1.7&#039;, os.name: &#039;Windows 10&#039;, os.arch: &#039;amd64&#039;, os.version: &#039;10.0&#039;, java.version: &#039;1.8.0_271&#039;
Driver info: org.openqa.selenium.chrome.ChromeDriver
Capabilities {acceptInsecureCerts: false, browserName: chrome, browserVersion: 88.0.4324.146, chrome: {chromedriverVersion: 88.0.4324.96 (68dba2d8a0b14..., userDataDir: C:\Users\dell\AppData\Local...}, goog:chromeOptions: {debuggerAddress: localhost:50889}, javascriptEnabled: true, networkConnectionEnabled: false, pageLoadStrategy: normal, platform: WINDOWS, platformName: WINDOWS, proxy: Proxy(), setWindowRect: true, strictFileInteractability: false, timeouts: {implicit: 0, pageLoad: 300000, script: 30000}, unhandledPromptBehavior: dismiss and notify, webauthn:extension:largeBlob: true, webauthn:virtualAuthenticators: true}
Session ID: e4c3901e507b15e5c86e0ba1cac743bb">
      <![CDATA[org.openqa.selenium.NoSuchWindowException: no such window: target window already closed
from unknown error: web view not found
  (Session info: chrome=88.0.4324.146)
Build info: version: '3.141.59', revision: 'e82be7d358', time: '2018-11-14T08:17:03'
System info: host: 'DESKTOP-1819MVE', ip: '192.168.1.7', os.name: 'Windows 10', os.arch: 'amd64', os.version: '10.0', java.version: '1.8.0_271'
Driver info: org.openqa.selenium.chrome.ChromeDriver
Capabilities {acceptInsecureCerts: false, browserName: chrome, browserVersion: 88.0.4324.146, chrome: {chromedriverVersion: 88.0.4324.96 (68dba2d8a0b14..., userDataDir: C:\Users\dell\AppData\Local...}, goog:chromeOptions: {debuggerAddress: localhost:50889}, javascriptEnabled: true, networkConnectionEnabled: false, pageLoadStrategy: normal, platform: WINDOWS, platformName: WINDOWS, proxy: Proxy(), setWindowRect: true, strictFileInteractability: false, timeouts: {implicit: 0, pageLoad: 300000, script: 30000}, unhandledPromptBehavior: dismiss and notify, webauthn:extension:largeBlob: true, webauthn:virtualAuthenticators: true}
Session ID: e4c3901e507b15e5c86e0ba1cac743bb
at sun.reflect.NativeConstructorAccessorImpl.newInstance0(Native Method)
at sun.reflect.NativeConstructorAccessorImpl.newInstance(Unknown Source)
at sun.reflect.DelegatingConstructorAccessorImpl.newInstance(Unknown Source)
at java.lang.reflect.Constructor.newInstance(Unknown Source)
at org.openqa.selenium.remote.http.W3CHttpResponseCodec.createException(W3CHttpResponseCodec.java:187)
at org.openqa.selenium.remote.http.W3CHttpResponseCodec.decode(W3CHttpResponseCodec.java:122)
at org.openqa.selenium.remote.http.W3CHttpResponseCodec.decode(W3CHttpResponseCodec.java:49)
at org.openqa.selenium.remote.HttpCommandExecutor.execute(HttpCommandExecutor.java:158)
at org.openqa.selenium.remote.service.DriverCommandExecutor.execute(DriverCommandExecutor.java:83)
at org.openqa.selenium.remote.RemoteWebDriver.execute(RemoteWebDriver.java:552)
at org.openqa.selenium.remote.RemoteWebDriver.execute(RemoteWebDriver.java:609)
at org.openqa.selenium.remote.RemoteWebDriver$RemoteWebDriverOptions$RemoteWindow.maximize(RemoteWebDriver.java:837)
at generic.Precondition.setUp(Precondition.java:101)
at sun.reflect.NativeMethodAccessorImpl.invoke0(Native Method)
at sun.reflect.NativeMethodAccessorImpl.invoke(Unknown Source)
at sun.reflect.DelegatingMethodAccessorImpl.invoke(Unknown Source)
at java.lang.reflect.Method.invoke(Unknown Source)
at org.testng.internal.MethodInvocationHelper.invokeMethod(MethodInvocationHelper.java:132)
at org.testng.internal.MethodInvocationHelper.invokeMethodConsideringTimeout(MethodInvocationHelper.java:61)
at org.testng.internal.ConfigInvoker.invokeConfigurationMethod(ConfigInvoker.java:366)
at org.testng.internal.ConfigInvoker.invokeConfigurations(ConfigInvoker.java:320)
at org.testng.internal.TestInvoker.runConfigMethods(TestInvoker.java:701)
at org.testng.internal.TestInvoker.invokeMethod(TestInvoker.java:527)
at org.testng.internal.TestInvoker.invokeTestMethod(TestInvoker.java:174)
at org.testng.internal.MethodRunner.runInSequence(MethodRunner.java:46)
at org.testng.internal.TestInvoker$MethodInvocationAgent.invoke(TestInvoker.java:822)
at org.testng.internal.TestInvoker.invokeTestMethods(TestInvoker.java:147)
at org.testng.internal.TestMethodWorker.invokeTestMethods(TestMethodWorker.java:146)
at org.testng.internal.TestMethodWorker.run(TestMethodWorker.java:128)
at java.util.ArrayList.forEach(Unknown Source)
at org.testng.TestRunner.privateRun(TestRunner.java:764)
at org.testng.TestRunner.run(TestRunner.java:585)
at org.testng.SuiteRunner.runTest(SuiteRunner.java:384)
at org.testng.SuiteRunner.runSequentially(SuiteRunner.java:378)
at org.testng.SuiteRunner.privateRun(SuiteRunner.java:337)
at org.testng.SuiteRunner.run(SuiteRunner.java:286)
at org.testng.SuiteRunnerWorker.runSuite(SuiteRunnerWorker.java:53)
at org.testng.SuiteRunnerWorker.run(SuiteRunnerWorker.java:96)
at org.testng.TestNG.runSuitesSequentially(TestNG.java:1218)
at org.testng.TestNG.runSuitesLocally(TestNG.java:1140)
at org.testng.TestNG.runSuites(TestNG.java:1069)
at org.testng.TestNG.run(TestNG.java:1037)
at org.testng.remote.AbstractRemoteTestNG.run(AbstractRemoteTestNG.java:115)
at org.testng.remote.RemoteTestNG.initAndRun(RemoteTestNG.java:251)
at org.testng.remote.RemoteTestNG.main(RemoteTestNG.java:77)
]]>
    </error>
  </testcase> <!-- setUp -->
  <system-out/>
  <testcase name="stage_web_aurofit_LONDON_WINTER_RUN_SignUp_select_LoseWeight_Beginner_Spin_Availoffer_Dothe_Payment" time="22.392" classname="testscript.Stage_web_aurofit_LONDON_WINTER_RUN">
    <error type="org.openqa.selenium.ElementNotInteractableException" message="element not interactable
  (Session info: chrome=88.0.4324.146)
Build info: version: &#039;3.141.59&#039;, revision: &#039;e82be7d358&#039;, time: &#039;2018-11-14T08:17:03&#039;
System info: host: &#039;DESKTOP-1819MVE&#039;, ip: &#039;192.168.1.7&#039;, os.name: &#039;Windows 10&#039;, os.arch: &#039;amd64&#039;, os.version: &#039;10.0&#039;, java.version: &#039;1.8.0_271&#039;
Driver info: org.openqa.selenium.chrome.ChromeDriver
Capabilities {acceptInsecureCerts: false, browserName: chrome, browserVersion: 88.0.4324.146, chrome: {chromedriverVersion: 88.0.4324.96 (68dba2d8a0b14..., userDataDir: C:\Users\dell\AppData\Local...}, goog:chromeOptions: {debuggerAddress: localhost:50799}, javascriptEnabled: true, networkConnectionEnabled: false, pageLoadStrategy: normal, platform: WINDOWS, platformName: WINDOWS, proxy: Proxy(), setWindowRect: true, strictFileInteractability: false, timeouts: {implicit: 0, pageLoad: 300000, script: 30000}, unhandledPromptBehavior: dismiss and notify, webauthn:extension:largeBlob: true, webauthn:virtualAuthenticators: true}
Session ID: 71692694f88527d8ad0735956fa362d2">
      <![CDATA[org.openqa.selenium.ElementNotInteractableException: element not interactable
  (Session info: chrome=88.0.4324.146)
Build info: version: '3.141.59', revision: 'e82be7d358', time: '2018-11-14T08:17:03'
System info: host: 'DESKTOP-1819MVE', ip: '192.168.1.7', os.name: 'Windows 10', os.arch: 'amd64', os.version: '10.0', java.version: '1.8.0_271'
Driver info: org.openqa.selenium.chrome.ChromeDriver
Capabilities {acceptInsecureCerts: false, browserName: chrome, browserVersion: 88.0.4324.146, chrome: {chromedriverVersion: 88.0.4324.96 (68dba2d8a0b14..., userDataDir: C:\Users\dell\AppData\Local...}, goog:chromeOptions: {debuggerAddress: localhost:50799}, javascriptEnabled: true, networkConnectionEnabled: false, pageLoadStrategy: normal, platform: WINDOWS, platformName: WINDOWS, proxy: Proxy(), setWindowRect: true, strictFileInteractability: false, timeouts: {implicit: 0, pageLoad: 300000, script: 30000}, unhandledPromptBehavior: dismiss and notify, webauthn:extension:largeBlob: true, webauthn:virtualAuthenticators: true}
Session ID: 71692694f88527d8ad0735956fa362d2
at sun.reflect.NativeConstructorAccessorImpl.newInstance0(Native Method)
at sun.reflect.NativeConstructorAccessorImpl.newInstance(Unknown Source)
at sun.reflect.DelegatingConstructorAccessorImpl.newInstance(Unknown Source)
at java.lang.reflect.Constructor.newInstance(Unknown Source)
at org.openqa.selenium.remote.http.W3CHttpResponseCodec.createException(W3CHttpResponseCodec.java:187)
at org.openqa.selenium.remote.http.W3CHttpResponseCodec.decode(W3CHttpResponseCodec.java:122)
at org.openqa.selenium.remote.http.W3CHttpResponseCodec.decode(W3CHttpResponseCodec.java:49)
at org.openqa.selenium.remote.HttpCommandExecutor.execute(HttpCommandExecutor.java:158)
at org.openqa.selenium.remote.service.DriverCommandExecutor.execute(DriverCommandExecutor.java:83)
at org.openqa.selenium.remote.RemoteWebDriver.execute(RemoteWebDriver.java:552)
at org.openqa.selenium.remote.RemoteWebElement.execute(RemoteWebElement.java:285)
at org.openqa.selenium.remote.RemoteWebElement.sendKeys(RemoteWebElement.java:106)
at sun.reflect.NativeMethodAccessorImpl.invoke0(Native Method)
at sun.reflect.NativeMethodAccessorImpl.invoke(Unknown Source)
at sun.reflect.DelegatingMethodAccessorImpl.invoke(Unknown Source)
at java.lang.reflect.Method.invoke(Unknown Source)
at org.openqa.selenium.support.pagefactory.internal.LocatingElementHandler.invoke(LocatingElementHandler.java:51)
at com.sun.proxy.$Proxy14.sendKeys(Unknown Source)
at pom.Auro_Checkout_Page.enterCouponCode(Auro_Checkout_Page.java:123)
at testscript.Stage_web_aurofit_LONDON_WINTER_RUN.stage_web_aurofit_LONDON_WINTER_RUN_SignUp_select_LoseWeight_Beginner_Spin_Availoffer_Dothe_Payment(Stage_web_aurofit_LONDON_WINTER_RUN.java:72)
at sun.reflect.NativeMethodAccessorImpl.invoke0(Native Method)
at sun.reflect.NativeMethodAccessorImpl.invoke(Unknown Source)
at sun.reflect.DelegatingMethodAccessorImpl.invoke(Unknown Source)
at java.lang.reflect.Method.invoke(Unknown Source)
at org.testng.internal.MethodInvocationHelper.invokeMethod(MethodInvocationHelper.java:132)
at org.testng.internal.TestInvoker.invokeMethod(TestInvoker.java:599)
at org.testng.internal.TestInvoker.invokeTestMethod(TestInvoker.java:174)
at org.testng.internal.MethodRunner.runInSequence(MethodRunner.java:46)
at org.testng.internal.TestInvoker$MethodInvocationAgent.invoke(TestInvoker.java:822)
at org.testng.internal.TestInvoker.invokeTestMethods(TestInvoker.java:147)
at org.testng.internal.TestMethodWorker.invokeTestMethods(TestMethodWorker.java:146)
at org.testng.internal.TestMethodWorker.run(TestMethodWorker.java:128)
at java.util.ArrayList.forEach(Unknown Source)
at org.testng.TestRunner.privateRun(TestRunner.java:764)
at org.testng.TestRunner.run(TestRunner.java:585)
at org.testng.SuiteRunner.runTest(SuiteRunner.java:384)
at org.testng.SuiteRunner.runSequentially(SuiteRunner.java:378)
at org.testng.SuiteRunner.privateRun(SuiteRunner.java:337)
at org.testng.SuiteRunner.run(SuiteRunner.java:286)
at org.testng.SuiteRunnerWorker.runSuite(SuiteRunnerWorker.java:53)
at org.testng.SuiteRunnerWorker.run(SuiteRunnerWorker.java:96)
at org.testng.TestNG.runSuitesSequentially(TestNG.java:1218)
at org.testng.TestNG.runSuitesLocally(TestNG.java:1140)
at org.testng.TestNG.runSuites(TestNG.java:1069)
at org.testng.TestNG.run(TestNG.java:1037)
at org.testng.remote.AbstractRemoteTestNG.run(AbstractRemoteTestNG.java:115)
at org.testng.remote.RemoteTestNG.initAndRun(RemoteTestNG.java:251)
at org.testng.remote.RemoteTestNG.main(RemoteTestNG.java:77)
]]>
    </error>
  </testcase> <!-- stage_web_aurofit_LONDON_WINTER_RUN_SignUp_select_LoseWeight_Beginner_Spin_Availoffer_Dothe_Payment -->
  <system-out/>
  <testcase name="stage_web_aurofit_LONDON_WINTER_RUN_select_LoseWeight_Beginner_Spin_VALID_LOGIN" time="0.000" classname="testscript.Stage_web_aurofit_LONDON_WINTER_RUN">
    <skipped/>
  </testcase> <!-- stage_web_aurofit_LONDON_WINTER_RUN_select_LoseWeight_Beginner_Spin_VALID_LOGIN -->
  <system-out/>
  <testcase name="stage_web_aurofit_LONDON_WINTER_RUN_LoseWeight_Beginner_Spin_LOGIN_VALID_EMAIL_INVALID_PASSWORD" time="0.000" classname="testscript.Stage_web_aurofit_LONDON_WINTER_RUN">
    <skipped/>
  </testcase> <!-- stage_web_aurofit_LONDON_WINTER_RUN_LoseWeight_Beginner_Spin_LOGIN_VALID_EMAIL_INVALID_PASSWORD -->
  <system-out/>
  <testcase name="stage_web_aurofit_LONDON_WINTER_RUN_LoseWeight_Beginner_Spin_LOGIN_INVALID_EMAIL__VALIDPASSWORD" time="0.000" classname="testscript.Stage_web_aurofit_LONDON_WINTER_RUN">
    <skipped/>
  </testcase> <!-- stage_web_aurofit_LONDON_WINTER_RUN_LoseWeight_Beginner_Spin_LOGIN_INVALID_EMAIL__VALIDPASSWORD -->
  <system-out/>
  <testcase name="stage_web_aurofit_LONDON_WINTER_RUN_LoseWeight_Beginner_Spin_LOGIN_UNREGISTEREDMAIL" time="0.000" classname="testscript.Stage_web_aurofit_LONDON_WINTER_RUN">
    <skipped/>
  </testcase> <!-- stage_web_aurofit_LONDON_WINTER_RUN_LoseWeight_Beginner_Spin_LOGIN_UNREGISTEREDMAIL -->
  <system-out/>
  <testcase name="stage_web_aurofit_LONDON_WINTER_RUN_LoseWeight_Beginner_Spin_Availoffer_Dothe_Payment_Entering_Expired_Card_Credentials" time="0.000" classname="testscript.Stage_web_aurofit_LONDON_WINTER_RUN">
    <skipped/>
  </testcase> <!-- stage_web_aurofit_LONDON_WINTER_RUN_LoseWeight_Beginner_Spin_Availoffer_Dothe_Payment_Entering_Expired_Card_Credentials -->
  <system-out/>
  <testcase name="stage_web_aurofit_LONDON_WINTER_RUN_LoseWeight_Beginner_Spin_Availoffer_Dothe_Payment_Entering_Credentials_Incorrect_Security_Code" time="0.000" classname="testscript.Stage_web_aurofit_LONDON_WINTER_RUN">
    <skipped/>
  </testcase> <!-- stage_web_aurofit_LONDON_WINTER_RUN_LoseWeight_Beginner_Spin_Availoffer_Dothe_Payment_Entering_Credentials_Incorrect_Security_Code -->
  <system-out/>
  <testcase name="stage_web_aurofit_LONDON_WINTER_RUN_LoseWeight_Beginner_Spin_Availoffer_Dothe_Payment_Entering_Credentials_Error_while_processing_the_card" time="0.000" classname="testscript.Stage_web_aurofit_LONDON_WINTER_RUN">
    <skipped/>
  </testcase> <!-- stage_web_aurofit_LONDON_WINTER_RUN_LoseWeight_Beginner_Spin_Availoffer_Dothe_Payment_Entering_Credentials_Error_while_processing_the_card -->
  <system-out/>
  <testcase name="stage_web_aurofit_LONDON_WINTER_RUN_LoseWeight_Beginner_Spin_Availoffer_Dothe_Payment_Entering_Credentials_Invalid_CardNumber_ErrorMessage" time="0.000" classname="testscript.Stage_web_aurofit_LONDON_WINTER_RUN">
    <skipped/>
  </testcase> <!-- stage_web_aurofit_LONDON_WINTER_RUN_LoseWeight_Beginner_Spin_Availoffer_Dothe_Payment_Entering_Credentials_Invalid_CardNumber_ErrorMessage -->
  <system-out/>
  <testcase name="stage_web_aurofit_LONDON_WINTER_RUN_LoseWeight_Beginner_Spin_Availoffer_Dothe_Payment_Entering_IncompleteCardNumber_Verify_ErrorMessage" time="0.000" classname="testscript.Stage_web_aurofit_LONDON_WINTER_RUN">
    <skipped/>
  </testcase> <!-- stage_web_aurofit_LONDON_WINTER_RUN_LoseWeight_Beginner_Spin_Availoffer_Dothe_Payment_Entering_IncompleteCardNumber_Verify_ErrorMessage -->
  <system-out/>
  <testcase name="stage_web_aurofit_LONDON_WINTER_RUN_LoseWeight_Beginner_Spin_Availoffer_Dothe_Payment_Incomplete_ExpiryDate_verifyErrorMessage" time="0.000" classname="testscript.Stage_web_aurofit_LONDON_WINTER_RUN">
    <skipped/>
  </testcase> <!-- stage_web_aurofit_LONDON_WINTER_RUN_LoseWeight_Beginner_Spin_Availoffer_Dothe_Payment_Incomplete_ExpiryDate_verifyErrorMessage -->
  <system-out/>
  <testcase name="stage_web_aurofit_LONDON_WINTER_RUN_LoseWeight_Beginner_Spin_Availoffer_Dothe_Payment_Incomplete_CvC_Code_verifyErrorMessage" time="0.000" classname="testscript.Stage_web_aurofit_LONDON_WINTER_RUN">
    <skipped/>
  </testcase> <!-- stage_web_aurofit_LONDON_WINTER_RUN_LoseWeight_Beginner_Spin_Availoffer_Dothe_Payment_Incomplete_CvC_Code_verifyErrorMessage -->
  <system-out/>
  <testcase name="stage_web_aurofit_LONDON_WINTER_RUN_LoseWeight_Beginner_Spin_Availoffer_Dothe_Payment_Incomplete_ZIP_Code_verifyErrorMessage" time="0.000" classname="testscript.Stage_web_aurofit_LONDON_WINTER_RUN">
    <skipped/>
  </testcase> <!-- stage_web_aurofit_LONDON_WINTER_RUN_LoseWeight_Beginner_Spin_Availoffer_Dothe_Payment_Incomplete_ZIP_Code_verifyErrorMessage -->
  <system-out/>
  <testcase name="stage_web_aurofit_LONDON_WINTER_RUN_select_LoseWeight_Beginner_Spin_Availoffer_Dothe_Payment_Enter_DeadCardCredentials_verifyErrorMessage" time="0.000" classname="testscript.Stage_web_aurofit_LONDON_WINTER_RUN">
    <skipped/>
  </testcase> <!-- stage_web_aurofit_LONDON_WINTER_RUN_select_LoseWeight_Beginner_Spin_Availoffer_Dothe_Payment_Enter_DeadCardCredentials_verifyErrorMessage -->
  <system-out/>
</testsuite> <!-- testscript.Stage_web_aurofit_LONDON_WINTER_RUN -->
