<?xml version="1.0" encoding="UTF-8"?>
<!-- Generated by org.testng.reporters.JUnitReportReporter -->
<testsuite skipped="0" hostname="DESKTOP-1819MVE" name="testscript.Stage_web_new_member_offer" tests="400" failures="5" timestamp="2020-11-26T11:15:25 IST" time="5012.301" errors="2">
  <testcase name="enterNOpassword_and_verify_errormessage" time="10.234" classname="testscript.Stage_web_new_member_offer"/>
  <system-out/>
  <testcase name="enterNOpassword_and_verify_errormessage" time="10.798" classname="testscript.Stage_web_new_member_offer"/>
  <system-out/>
  <testcase name="enterNOpassword_and_verify_errormessage" time="11.508" classname="testscript.Stage_web_new_member_offer"/>
  <system-out/>
  <testcase name="enterNOpassword_and_verify_errormessage" time="9.872" classname="testscript.Stage_web_new_member_offer"/>
  <system-out/>
  <testcase name="enterNOpassword_and_verify_errormessage" time="10.594" classname="testscript.Stage_web_new_member_offer"/>
  <system-out/>
  <testcase name="enterNOpassword_and_verify_errormessage" time="10.412" classname="testscript.Stage_web_new_member_offer"/>
  <system-out/>
  <testcase name="enterNOpassword_and_verify_errormessage" time="13.352" classname="testscript.Stage_web_new_member_offer"/>
  <system-out/>
  <testcase name="enterNOpassword_and_verify_errormessage" time="10.505" classname="testscript.Stage_web_new_member_offer"/>
  <system-out/>
  <testcase name="enterNOpassword_and_verify_errormessage" time="11.670" classname="testscript.Stage_web_new_member_offer"/>
  <system-out/>
  <testcase name="enterNOpassword_and_verify_errormessage" time="10.051" classname="testscript.Stage_web_new_member_offer"/>
  <system-out/>
  <testcase name="enterNOpassword_and_verify_errormessage" time="9.854" classname="testscript.Stage_web_new_member_offer"/>
  <system-out/>
  <testcase name="enterNOpassword_and_verify_errormessage" time="9.964" classname="testscript.Stage_web_new_member_offer"/>
  <system-out/>
  <testcase name="enterNOpassword_and_verify_errormessage" time="10.347" classname="testscript.Stage_web_new_member_offer"/>
  <system-out/>
  <testcase name="enterNOpassword_and_verify_errormessage" time="11.061" classname="testscript.Stage_web_new_member_offer">
    <error type="org.openqa.selenium.ElementClickInterceptedException" message="element click intercepted: Element &lt;input style=&quot;border-radius: 4px;letter-spacing: 2px;font-weight: 600; font-family: Poppins; background-color: #ff6155 !important;border-color: #ff6155 !important;&quot; type=&quot;submit&quot; class=&quot;btn submit-button lp-button-react w-fd69b062-965c-ea4e-8e6f-f0f7f4de310f is-bold lp-button-react--medium lp-button-react--flat lp-btn-flat font-scale-6 line-height-scale-4 css-tfe7w8&quot; name=&quot;submit&quot; id=&quot;complete-purchase-button&quot; value=&quot;GET AURO PREMIUM&quot; data-loading-text=&quot;Loading...&quot;&gt; is not clickable at point (631, 564). Other element would receive the click: &lt;div class=&quot;container&quot;&gt;...&lt;/div&gt;
  (Session info: chrome=87.0.4280.66)
Build info: version: &#039;3.141.59&#039;, revision: &#039;e82be7d358&#039;, time: &#039;2018-11-14T08:17:03&#039;
System info: host: &#039;DESKTOP-1819MVE&#039;, ip: &#039;192.168.1.6&#039;, os.name: &#039;Windows 8.1&#039;, os.arch: &#039;amd64&#039;, os.version: &#039;6.3&#039;, java.version: &#039;1.8.0_20-ea&#039;
Driver info: org.openqa.selenium.chrome.ChromeDriver
Capabilities {acceptInsecureCerts: false, browserName: chrome, browserVersion: 87.0.4280.66, chrome: {chromedriverVersion: 87.0.4280.20 (c99e81631faa0..., userDataDir: C:\Users\dell\AppData\Local...}, goog:chromeOptions: {debuggerAddress: localhost:50354}, javascriptEnabled: true, networkConnectionEnabled: false, pageLoadStrategy: normal, platform: WINDOWS, platformName: WINDOWS, proxy: Proxy(), setWindowRect: true, strictFileInteractability: false, timeouts: {implicit: 0, pageLoad: 300000, script: 30000}, unhandledPromptBehavior: dismiss and notify, webauthn:virtualAuthenticators: true}
Session ID: 26a9815f85da7a09711871d9f7f5ce91">
      <![CDATA[org.openqa.selenium.ElementClickInterceptedException: element click intercepted: Element <input style="border-radius: 4px;letter-spacing: 2px;font-weight: 600; font-family: Poppins; background-color: #ff6155 !important;border-color: #ff6155 !important;" type="submit" class="btn submit-button lp-button-react w-fd69b062-965c-ea4e-8e6f-f0f7f4de310f is-bold lp-button-react--medium lp-button-react--flat lp-btn-flat font-scale-6 line-height-scale-4 css-tfe7w8" name="submit" id="complete-purchase-button" value="GET AURO PREMIUM" data-loading-text="Loading..."> is not clickable at point (631, 564). Other element would receive the click: <div class="container">...</div>
  (Session info: chrome=87.0.4280.66)
Build info: version: '3.141.59', revision: 'e82be7d358', time: '2018-11-14T08:17:03'
System info: host: 'DESKTOP-1819MVE', ip: '192.168.1.6', os.name: 'Windows 8.1', os.arch: 'amd64', os.version: '6.3', java.version: '1.8.0_20-ea'
Driver info: org.openqa.selenium.chrome.ChromeDriver
Capabilities {acceptInsecureCerts: false, browserName: chrome, browserVersion: 87.0.4280.66, chrome: {chromedriverVersion: 87.0.4280.20 (c99e81631faa0..., userDataDir: C:\Users\dell\AppData\Local...}, goog:chromeOptions: {debuggerAddress: localhost:50354}, javascriptEnabled: true, networkConnectionEnabled: false, pageLoadStrategy: normal, platform: WINDOWS, platformName: WINDOWS, proxy: Proxy(), setWindowRect: true, strictFileInteractability: false, timeouts: {implicit: 0, pageLoad: 300000, script: 30000}, unhandledPromptBehavior: dismiss and notify, webauthn:virtualAuthenticators: true}
Session ID: 26a9815f85da7a09711871d9f7f5ce91
at sun.reflect.NativeConstructorAccessorImpl.newInstance0(Native Method)
at sun.reflect.NativeConstructorAccessorImpl.newInstance(Unknown Source)
at sun.reflect.DelegatingConstructorAccessorImpl.newInstance(Unknown Source)
at java.lang.reflect.Constructor.newInstance(Unknown Source)
at org.openqa.selenium.remote.http.W3CHttpResponseCodec.createException(W3CHttpResponseCodec.java:187)
at org.openqa.selenium.remote.http.W3CHttpResponseCodec.decode(W3CHttpResponseCodec.java:122)
at org.openqa.selenium.remote.http.W3CHttpResponseCodec.decode(W3CHttpResponseCodec.java:49)
at org.openqa.selenium.remote.HttpCommandExecutor.execute(HttpCommandExecutor.java:158)
at org.openqa.selenium.remote.service.DriverCommandExecutor.execute(DriverCommandExecutor.java:83)
at org.openqa.selenium.remote.RemoteWebDriver.execute(RemoteWebDriver.java:552)
at org.openqa.selenium.remote.RemoteWebElement.execute(RemoteWebElement.java:285)
at org.openqa.selenium.remote.RemoteWebElement.click(RemoteWebElement.java:84)
at sun.reflect.GeneratedMethodAccessor1.invoke(Unknown Source)
at sun.reflect.DelegatingMethodAccessorImpl.invoke(Unknown Source)
at java.lang.reflect.Method.invoke(Unknown Source)
at org.openqa.selenium.support.pagefactory.internal.LocatingElementHandler.invoke(LocatingElementHandler.java:51)
at com.sun.proxy.$Proxy9.click(Unknown Source)
at pom.Auro_new_member_offer.clickGetAuroPremium(Auro_new_member_offer.java:73)
at testscript.Stage_web_new_member_offer.enterNOpassword_and_verify_errormessage(Stage_web_new_member_offer.java:68)
at sun.reflect.GeneratedMethodAccessor3.invoke(Unknown Source)
at sun.reflect.DelegatingMethodAccessorImpl.invoke(Unknown Source)
at java.lang.reflect.Method.invoke(Unknown Source)
at org.testng.internal.MethodInvocationHelper.invokeMethod(MethodInvocationHelper.java:132)
at org.testng.internal.TestInvoker.invokeMethod(TestInvoker.java:599)
at org.testng.internal.TestInvoker.invokeTestMethod(TestInvoker.java:174)
at org.testng.internal.MethodRunner.runInSequence(MethodRunner.java:46)
at org.testng.internal.TestInvoker$MethodInvocationAgent.invoke(TestInvoker.java:822)
at org.testng.internal.TestInvoker.invokeTestMethods(TestInvoker.java:147)
at org.testng.internal.TestMethodWorker.invokeTestMethods(TestMethodWorker.java:146)
at org.testng.internal.TestMethodWorker.run(TestMethodWorker.java:128)
at org.testng.TestRunner$$Lambda$51/1810742349.accept(Unknown Source)
at java.util.ArrayList.forEach(Unknown Source)
at org.testng.TestRunner.privateRun(TestRunner.java:764)
at org.testng.TestRunner.run(TestRunner.java:585)
at org.testng.SuiteRunner.runTest(SuiteRunner.java:384)
at org.testng.SuiteRunner.runSequentially(SuiteRunner.java:378)
at org.testng.SuiteRunner.privateRun(SuiteRunner.java:337)
at org.testng.SuiteRunner.run(SuiteRunner.java:286)
at org.testng.SuiteRunnerWorker.runSuite(SuiteRunnerWorker.java:53)
at org.testng.SuiteRunnerWorker.run(SuiteRunnerWorker.java:96)
at org.testng.TestNG.runSuitesSequentially(TestNG.java:1218)
at org.testng.TestNG.runSuitesLocally(TestNG.java:1140)
at org.testng.TestNG.runSuites(TestNG.java:1069)
at org.testng.TestNG.run(TestNG.java:1037)
at org.testng.remote.AbstractRemoteTestNG.run(AbstractRemoteTestNG.java:115)
at org.testng.remote.RemoteTestNG.initAndRun(RemoteTestNG.java:251)
at org.testng.remote.RemoteTestNG.main(RemoteTestNG.java:77)
]]>
    </error>
  </testcase> <!-- enterNOpassword_and_verify_errormessage -->
  <system-out/>
  <testcase name="enterNOpassword_and_verify_errormessage" time="10.628" classname="testscript.Stage_web_new_member_offer"/>
  <system-out/>
  <testcase name="enterNOpassword_and_verify_errormessage" time="9.971" classname="testscript.Stage_web_new_member_offer"/>
  <system-out/>
  <testcase name="enterNOpassword_and_verify_errormessage" time="10.338" classname="testscript.Stage_web_new_member_offer"/>
  <system-out/>
  <testcase name="enterNOpassword_and_verify_errormessage" time="10.010" classname="testscript.Stage_web_new_member_offer"/>
  <system-out/>
  <testcase name="enterNOpassword_and_verify_errormessage" time="20.507" classname="testscript.Stage_web_new_member_offer">
    <failure type="java.lang.AssertionError" message="Proper Error message not displayed">
      <![CDATA[java.lang.AssertionError: Proper Error message not displayed
at org.testng.Assert.fail(Assert.java:99)
at generic.Base_Page.getText(Base_Page.java:62)
at pom.Auro_Checkout_Page.newmemberEnterNOpassword_verify_ErrorMessage(Auro_Checkout_Page.java:261)
at testscript.Stage_web_new_member_offer.enterNOpassword_and_verify_errormessage(Stage_web_new_member_offer.java:70)
at sun.reflect.GeneratedMethodAccessor3.invoke(Unknown Source)
at sun.reflect.DelegatingMethodAccessorImpl.invoke(Unknown Source)
at java.lang.reflect.Method.invoke(Unknown Source)
at org.testng.internal.MethodInvocationHelper.invokeMethod(MethodInvocationHelper.java:132)
at org.testng.internal.TestInvoker.invokeMethod(TestInvoker.java:599)
at org.testng.internal.TestInvoker.invokeTestMethod(TestInvoker.java:174)
at org.testng.internal.MethodRunner.runInSequence(MethodRunner.java:46)
at org.testng.internal.TestInvoker$MethodInvocationAgent.invoke(TestInvoker.java:822)
at org.testng.internal.TestInvoker.invokeTestMethods(TestInvoker.java:147)
at org.testng.internal.TestMethodWorker.invokeTestMethods(TestMethodWorker.java:146)
at org.testng.internal.TestMethodWorker.run(TestMethodWorker.java:128)
at org.testng.TestRunner$$Lambda$51/1810742349.accept(Unknown Source)
at java.util.ArrayList.forEach(Unknown Source)
at org.testng.TestRunner.privateRun(TestRunner.java:764)
at org.testng.TestRunner.run(TestRunner.java:585)
at org.testng.SuiteRunner.runTest(SuiteRunner.java:384)
at org.testng.SuiteRunner.runSequentially(SuiteRunner.java:378)
at org.testng.SuiteRunner.privateRun(SuiteRunner.java:337)
at org.testng.SuiteRunner.run(SuiteRunner.java:286)
at org.testng.SuiteRunnerWorker.runSuite(SuiteRunnerWorker.java:53)
at org.testng.SuiteRunnerWorker.run(SuiteRunnerWorker.java:96)
at org.testng.TestNG.runSuitesSequentially(TestNG.java:1218)
at org.testng.TestNG.runSuitesLocally(TestNG.java:1140)
at org.testng.TestNG.runSuites(TestNG.java:1069)
at org.testng.TestNG.run(TestNG.java:1037)
at org.testng.remote.AbstractRemoteTestNG.run(AbstractRemoteTestNG.java:115)
at org.testng.remote.RemoteTestNG.initAndRun(RemoteTestNG.java:251)
at org.testng.remote.RemoteTestNG.main(RemoteTestNG.java:77)
]]>
    </failure>
  </testcase> <!-- enterNOpassword_and_verify_errormessage -->
  <system-out/>
  <testcase name="enterNOpassword_and_verify_errormessage" time="10.164" classname="testscript.Stage_web_new_member_offer"/>
  <system-out/>
  <testcase name="enterNOpassword_and_verify_errormessage" time="10.597" classname="testscript.Stage_web_new_member_offer"/>
  <system-out/>
  <testcase name="enterNOpassword_and_verify_errormessage" time="10.465" classname="testscript.Stage_web_new_member_offer"/>
  <system-out/>
  <testcase name="enterNOpassword_and_verify_errormessage" time="9.899" classname="testscript.Stage_web_new_member_offer"/>
  <system-out/>
  <testcase name="enterNOpassword_and_verify_errormessage" time="10.179" classname="testscript.Stage_web_new_member_offer"/>
  <system-out/>
  <testcase name="enterNOpassword_and_verify_errormessage" time="10.090" classname="testscript.Stage_web_new_member_offer"/>
  <system-out/>
  <testcase name="enterNOpassword_and_verify_errormessage" time="12.143" classname="testscript.Stage_web_new_member_offer"/>
  <system-out/>
  <testcase name="enterNOpassword_and_verify_errormessage" time="9.983" classname="testscript.Stage_web_new_member_offer"/>
  <system-out/>
  <testcase name="enterNOpassword_and_verify_errormessage" time="9.972" classname="testscript.Stage_web_new_member_offer"/>
  <system-out/>
  <testcase name="enterNOpassword_and_verify_errormessage" time="10.102" classname="testscript.Stage_web_new_member_offer"/>
  <system-out/>
  <testcase name="enterNOpassword_and_verify_errormessage" time="11.966" classname="testscript.Stage_web_new_member_offer"/>
  <system-out/>
  <testcase name="enterNOpassword_and_verify_errormessage" time="11.258" classname="testscript.Stage_web_new_member_offer"/>
  <system-out/>
  <testcase name="enterNOpassword_and_verify_errormessage" time="9.865" classname="testscript.Stage_web_new_member_offer"/>
  <system-out/>
  <testcase name="enterNOpassword_and_verify_errormessage" time="10.124" classname="testscript.Stage_web_new_member_offer"/>
  <system-out/>
  <testcase name="enterNOpassword_and_verify_errormessage" time="9.940" classname="testscript.Stage_web_new_member_offer"/>
  <system-out/>
  <testcase name="enterNOpassword_and_verify_errormessage" time="10.519" classname="testscript.Stage_web_new_member_offer"/>
  <system-out/>
  <testcase name="enterNOpassword_and_verify_errormessage" time="10.228" classname="testscript.Stage_web_new_member_offer"/>
  <system-out/>
  <testcase name="enterNOpassword_and_verify_errormessage" time="10.707" classname="testscript.Stage_web_new_member_offer"/>
  <system-out/>
  <testcase name="enterNOpassword_and_verify_errormessage" time="10.488" classname="testscript.Stage_web_new_member_offer"/>
  <system-out/>
  <testcase name="enterNOpassword_and_verify_errormessage" time="10.158" classname="testscript.Stage_web_new_member_offer"/>
  <system-out/>
  <testcase name="enterNOpassword_and_verify_errormessage" time="11.260" classname="testscript.Stage_web_new_member_offer"/>
  <system-out/>
  <testcase name="enterNOpassword_and_verify_errormessage" time="21.338" classname="testscript.Stage_web_new_member_offer">
    <failure type="java.lang.AssertionError" message="Proper Error message not displayed">
      <![CDATA[java.lang.AssertionError: Proper Error message not displayed
at org.testng.Assert.fail(Assert.java:99)
at generic.Base_Page.getText(Base_Page.java:62)
at pom.Auro_Checkout_Page.newmemberEnterNOpassword_verify_ErrorMessage(Auro_Checkout_Page.java:261)
at testscript.Stage_web_new_member_offer.enterNOpassword_and_verify_errormessage(Stage_web_new_member_offer.java:70)
at sun.reflect.GeneratedMethodAccessor3.invoke(Unknown Source)
at sun.reflect.DelegatingMethodAccessorImpl.invoke(Unknown Source)
at java.lang.reflect.Method.invoke(Unknown Source)
at org.testng.internal.MethodInvocationHelper.invokeMethod(MethodInvocationHelper.java:132)
at org.testng.internal.TestInvoker.invokeMethod(TestInvoker.java:599)
at org.testng.internal.TestInvoker.invokeTestMethod(TestInvoker.java:174)
at org.testng.internal.MethodRunner.runInSequence(MethodRunner.java:46)
at org.testng.internal.TestInvoker$MethodInvocationAgent.invoke(TestInvoker.java:822)
at org.testng.internal.TestInvoker.invokeTestMethods(TestInvoker.java:147)
at org.testng.internal.TestMethodWorker.invokeTestMethods(TestMethodWorker.java:146)
at org.testng.internal.TestMethodWorker.run(TestMethodWorker.java:128)
at org.testng.TestRunner$$Lambda$51/1810742349.accept(Unknown Source)
at java.util.ArrayList.forEach(Unknown Source)
at org.testng.TestRunner.privateRun(TestRunner.java:764)
at org.testng.TestRunner.run(TestRunner.java:585)
at org.testng.SuiteRunner.runTest(SuiteRunner.java:384)
at org.testng.SuiteRunner.runSequentially(SuiteRunner.java:378)
at org.testng.SuiteRunner.privateRun(SuiteRunner.java:337)
at org.testng.SuiteRunner.run(SuiteRunner.java:286)
at org.testng.SuiteRunnerWorker.runSuite(SuiteRunnerWorker.java:53)
at org.testng.SuiteRunnerWorker.run(SuiteRunnerWorker.java:96)
at org.testng.TestNG.runSuitesSequentially(TestNG.java:1218)
at org.testng.TestNG.runSuitesLocally(TestNG.java:1140)
at org.testng.TestNG.runSuites(TestNG.java:1069)
at org.testng.TestNG.run(TestNG.java:1037)
at org.testng.remote.AbstractRemoteTestNG.run(AbstractRemoteTestNG.java:115)
at org.testng.remote.RemoteTestNG.initAndRun(RemoteTestNG.java:251)
at org.testng.remote.RemoteTestNG.main(RemoteTestNG.java:77)
]]>
    </failure>
  </testcase> <!-- enterNOpassword_and_verify_errormessage -->
  <system-out/>
  <testcase name="enterNOpassword_and_verify_errormessage" time="10.191" classname="testscript.Stage_web_new_member_offer"/>
  <system-out/>
  <testcase name="enterNOpassword_and_verify_errormessage" time="10.021" classname="testscript.Stage_web_new_member_offer"/>
  <system-out/>
  <testcase name="enterNOpassword_and_verify_errormessage" time="10.008" classname="testscript.Stage_web_new_member_offer"/>
  <system-out/>
  <testcase name="enterNOpassword_and_verify_errormessage" time="10.698" classname="testscript.Stage_web_new_member_offer"/>
  <system-out/>
  <testcase name="enterNOpassword_and_verify_errormessage" time="9.965" classname="testscript.Stage_web_new_member_offer"/>
  <system-out/>
  <testcase name="enterNOpassword_and_verify_errormessage" time="10.282" classname="testscript.Stage_web_new_member_offer"/>
  <system-out/>
  <testcase name="enterNOpassword_and_verify_errormessage" time="9.972" classname="testscript.Stage_web_new_member_offer"/>
  <system-out/>
  <testcase name="enterNOpassword_and_verify_errormessage" time="10.771" classname="testscript.Stage_web_new_member_offer"/>
  <system-out/>
  <testcase name="enterNOpassword_and_verify_errormessage" time="10.156" classname="testscript.Stage_web_new_member_offer"/>
  <system-out/>
  <testcase name="enterNOpassword_and_verify_errormessage" time="13.148" classname="testscript.Stage_web_new_member_offer"/>
  <system-out/>
  <testcase name="enterNOpassword_and_verify_errormessage" time="10.274" classname="testscript.Stage_web_new_member_offer"/>
  <system-out/>
  <testcase name="enterNOpassword_and_verify_errormessage" time="10.415" classname="testscript.Stage_web_new_member_offer"/>
  <system-out/>
  <testcase name="enterNOpassword_and_verify_errormessage" time="11.017" classname="testscript.Stage_web_new_member_offer"/>
  <system-out/>
  <testcase name="enterNOpassword_and_verify_errormessage" time="23.606" classname="testscript.Stage_web_new_member_offer">
    <failure type="java.lang.AssertionError" message="Proper Error message not displayed">
      <![CDATA[java.lang.AssertionError: Proper Error message not displayed
at org.testng.Assert.fail(Assert.java:99)
at generic.Base_Page.getText(Base_Page.java:62)
at pom.Auro_Checkout_Page.newmemberEnterNOpassword_verify_ErrorMessage(Auro_Checkout_Page.java:261)
at testscript.Stage_web_new_member_offer.enterNOpassword_and_verify_errormessage(Stage_web_new_member_offer.java:70)
at sun.reflect.GeneratedMethodAccessor3.invoke(Unknown Source)
at sun.reflect.DelegatingMethodAccessorImpl.invoke(Unknown Source)
at java.lang.reflect.Method.invoke(Unknown Source)
at org.testng.internal.MethodInvocationHelper.invokeMethod(MethodInvocationHelper.java:132)
at org.testng.internal.TestInvoker.invokeMethod(TestInvoker.java:599)
at org.testng.internal.TestInvoker.invokeTestMethod(TestInvoker.java:174)
at org.testng.internal.MethodRunner.runInSequence(MethodRunner.java:46)
at org.testng.internal.TestInvoker$MethodInvocationAgent.invoke(TestInvoker.java:822)
at org.testng.internal.TestInvoker.invokeTestMethods(TestInvoker.java:147)
at org.testng.internal.TestMethodWorker.invokeTestMethods(TestMethodWorker.java:146)
at org.testng.internal.TestMethodWorker.run(TestMethodWorker.java:128)
at org.testng.TestRunner$$Lambda$51/1810742349.accept(Unknown Source)
at java.util.ArrayList.forEach(Unknown Source)
at org.testng.TestRunner.privateRun(TestRunner.java:764)
at org.testng.TestRunner.run(TestRunner.java:585)
at org.testng.SuiteRunner.runTest(SuiteRunner.java:384)
at org.testng.SuiteRunner.runSequentially(SuiteRunner.java:378)
at org.testng.SuiteRunner.privateRun(SuiteRunner.java:337)
at org.testng.SuiteRunner.run(SuiteRunner.java:286)
at org.testng.SuiteRunnerWorker.runSuite(SuiteRunnerWorker.java:53)
at org.testng.SuiteRunnerWorker.run(SuiteRunnerWorker.java:96)
at org.testng.TestNG.runSuitesSequentially(TestNG.java:1218)
at org.testng.TestNG.runSuitesLocally(TestNG.java:1140)
at org.testng.TestNG.runSuites(TestNG.java:1069)
at org.testng.TestNG.run(TestNG.java:1037)
at org.testng.remote.AbstractRemoteTestNG.run(AbstractRemoteTestNG.java:115)
at org.testng.remote.RemoteTestNG.initAndRun(RemoteTestNG.java:251)
at org.testng.remote.RemoteTestNG.main(RemoteTestNG.java:77)
]]>
    </failure>
  </testcase> <!-- enterNOpassword_and_verify_errormessage -->
  <system-out/>
  <testcase name="enterNOpassword_and_verify_errormessage" time="10.522" classname="testscript.Stage_web_new_member_offer"/>
  <system-out/>
  <testcase name="enterNOpassword_and_verify_errormessage" time="10.225" classname="testscript.Stage_web_new_member_offer"/>
  <system-out/>
  <testcase name="enterNOpassword_and_verify_errormessage" time="10.138" classname="testscript.Stage_web_new_member_offer"/>
  <system-out/>
  <testcase name="enterNOpassword_and_verify_errormessage" time="10.357" classname="testscript.Stage_web_new_member_offer"/>
  <system-out/>
  <testcase name="enterNOpassword_and_verify_errormessage" time="11.413" classname="testscript.Stage_web_new_member_offer"/>
  <system-out/>
  <testcase name="enterNOpassword_and_verify_errormessage" time="23.741" classname="testscript.Stage_web_new_member_offer"/>
  <system-out/>
  <testcase name="enterNOpassword_and_verify_errormessage" time="10.913" classname="testscript.Stage_web_new_member_offer"/>
  <system-out/>
  <testcase name="enterNOpassword_and_verify_errormessage" time="11.220" classname="testscript.Stage_web_new_member_offer"/>
  <system-out/>
  <testcase name="enterNOpassword_and_verify_errormessage" time="9.707" classname="testscript.Stage_web_new_member_offer"/>
  <system-out/>
  <testcase name="enterNOpassword_and_verify_errormessage" time="9.873" classname="testscript.Stage_web_new_member_offer"/>
  <system-out/>
  <testcase name="enterNOpassword_and_verify_errormessage" time="10.023" classname="testscript.Stage_web_new_member_offer"/>
  <system-out/>
  <testcase name="enterNOpassword_and_verify_errormessage" time="10.312" classname="testscript.Stage_web_new_member_offer"/>
  <system-out/>
  <testcase name="enterNOpassword_and_verify_errormessage" time="10.727" classname="testscript.Stage_web_new_member_offer"/>
  <system-out/>
  <testcase name="enterNOpassword_and_verify_errormessage" time="10.147" classname="testscript.Stage_web_new_member_offer"/>
  <system-out/>
  <testcase name="enterNOpassword_and_verify_errormessage" time="10.072" classname="testscript.Stage_web_new_member_offer"/>
  <system-out/>
  <testcase name="enterNOpassword_and_verify_errormessage" time="10.514" classname="testscript.Stage_web_new_member_offer"/>
  <system-out/>
  <testcase name="enterNOpassword_and_verify_errormessage" time="10.098" classname="testscript.Stage_web_new_member_offer"/>
  <system-out/>
  <testcase name="enterNOpassword_and_verify_errormessage" time="9.928" classname="testscript.Stage_web_new_member_offer"/>
  <system-out/>
  <testcase name="enterNOpassword_and_verify_errormessage" time="10.768" classname="testscript.Stage_web_new_member_offer"/>
  <system-out/>
  <testcase name="enterNOpassword_and_verify_errormessage" time="10.462" classname="testscript.Stage_web_new_member_offer"/>
  <system-out/>
  <testcase name="enterNOpassword_and_verify_errormessage" time="11.625" classname="testscript.Stage_web_new_member_offer"/>
  <system-out/>
  <testcase name="enterNOpassword_and_verify_errormessage" time="10.095" classname="testscript.Stage_web_new_member_offer"/>
  <system-out/>
  <testcase name="enterNOpassword_and_verify_errormessage" time="9.819" classname="testscript.Stage_web_new_member_offer"/>
  <system-out/>
  <testcase name="enterNOpassword_and_verify_errormessage" time="12.367" classname="testscript.Stage_web_new_member_offer"/>
  <system-out/>
  <testcase name="enterNOpassword_and_verify_errormessage" time="10.449" classname="testscript.Stage_web_new_member_offer"/>
  <system-out/>
  <testcase name="enterNOpassword_and_verify_errormessage" time="10.201" classname="testscript.Stage_web_new_member_offer"/>
  <system-out/>
  <testcase name="enterNOpassword_and_verify_errormessage" time="10.433" classname="testscript.Stage_web_new_member_offer"/>
  <system-out/>
  <testcase name="enterNOpassword_and_verify_errormessage" time="10.075" classname="testscript.Stage_web_new_member_offer"/>
  <system-out/>
  <testcase name="enterNOpassword_and_verify_errormessage" time="10.594" classname="testscript.Stage_web_new_member_offer"/>
  <system-out/>
  <testcase name="enterNOpassword_and_verify_errormessage" time="10.191" classname="testscript.Stage_web_new_member_offer"/>
  <system-out/>
  <testcase name="enterNOpassword_and_verify_errormessage" time="10.424" classname="testscript.Stage_web_new_member_offer"/>
  <system-out/>
  <testcase name="enterNOpassword_and_verify_errormessage" time="22.092" classname="testscript.Stage_web_new_member_offer">
    <failure type="java.lang.AssertionError" message="Proper Error message not displayed">
      <![CDATA[java.lang.AssertionError: Proper Error message not displayed
at org.testng.Assert.fail(Assert.java:99)
at generic.Base_Page.getText(Base_Page.java:62)
at pom.Auro_Checkout_Page.newmemberEnterNOpassword_verify_ErrorMessage(Auro_Checkout_Page.java:261)
at testscript.Stage_web_new_member_offer.enterNOpassword_and_verify_errormessage(Stage_web_new_member_offer.java:70)
at sun.reflect.GeneratedMethodAccessor3.invoke(Unknown Source)
at sun.reflect.DelegatingMethodAccessorImpl.invoke(Unknown Source)
at java.lang.reflect.Method.invoke(Unknown Source)
at org.testng.internal.MethodInvocationHelper.invokeMethod(MethodInvocationHelper.java:132)
at org.testng.internal.TestInvoker.invokeMethod(TestInvoker.java:599)
at org.testng.internal.TestInvoker.invokeTestMethod(TestInvoker.java:174)
at org.testng.internal.MethodRunner.runInSequence(MethodRunner.java:46)
at org.testng.internal.TestInvoker$MethodInvocationAgent.invoke(TestInvoker.java:822)
at org.testng.internal.TestInvoker.invokeTestMethods(TestInvoker.java:147)
at org.testng.internal.TestMethodWorker.invokeTestMethods(TestMethodWorker.java:146)
at org.testng.internal.TestMethodWorker.run(TestMethodWorker.java:128)
at org.testng.TestRunner$$Lambda$51/1810742349.accept(Unknown Source)
at java.util.ArrayList.forEach(Unknown Source)
at org.testng.TestRunner.privateRun(TestRunner.java:764)
at org.testng.TestRunner.run(TestRunner.java:585)
at org.testng.SuiteRunner.runTest(SuiteRunner.java:384)
at org.testng.SuiteRunner.runSequentially(SuiteRunner.java:378)
at org.testng.SuiteRunner.privateRun(SuiteRunner.java:337)
at org.testng.SuiteRunner.run(SuiteRunner.java:286)
at org.testng.SuiteRunnerWorker.runSuite(SuiteRunnerWorker.java:53)
at org.testng.SuiteRunnerWorker.run(SuiteRunnerWorker.java:96)
at org.testng.TestNG.runSuitesSequentially(TestNG.java:1218)
at org.testng.TestNG.runSuitesLocally(TestNG.java:1140)
at org.testng.TestNG.runSuites(TestNG.java:1069)
at org.testng.TestNG.run(TestNG.java:1037)
at org.testng.remote.AbstractRemoteTestNG.run(AbstractRemoteTestNG.java:115)
at org.testng.remote.RemoteTestNG.initAndRun(RemoteTestNG.java:251)
at org.testng.remote.RemoteTestNG.main(RemoteTestNG.java:77)
]]>
    </failure>
  </testcase> <!-- enterNOpassword_and_verify_errormessage -->
  <system-out/>
  <testcase name="enterNOpassword_and_verify_errormessage" time="10.208" classname="testscript.Stage_web_new_member_offer"/>
  <system-out/>
  <testcase name="enterNOpassword_and_verify_errormessage" time="10.189" classname="testscript.Stage_web_new_member_offer"/>
  <system-out/>
  <testcase name="enterNOpassword_and_verify_errormessage" time="10.594" classname="testscript.Stage_web_new_member_offer"/>
  <system-out/>
  <testcase name="enterNOpassword_and_verify_errormessage" time="10.230" classname="testscript.Stage_web_new_member_offer"/>
  <system-out/>
  <testcase name="enterNOpassword_and_verify_errormessage" time="10.105" classname="testscript.Stage_web_new_member_offer"/>
  <system-out/>
  <testcase name="enterNOpassword_and_verify_errormessage" time="11.241" classname="testscript.Stage_web_new_member_offer"/>
  <system-out/>
  <testcase name="enterNOpassword_and_verify_errormessage" time="19.712" classname="testscript.Stage_web_new_member_offer">
    <failure type="java.lang.AssertionError" message="Proper Error message not displayed">
      <![CDATA[java.lang.AssertionError: Proper Error message not displayed
at org.testng.Assert.fail(Assert.java:99)
at generic.Base_Page.getText(Base_Page.java:62)
at pom.Auro_Checkout_Page.newmemberEnterNOpassword_verify_ErrorMessage(Auro_Checkout_Page.java:261)
at testscript.Stage_web_new_member_offer.enterNOpassword_and_verify_errormessage(Stage_web_new_member_offer.java:70)
at sun.reflect.GeneratedMethodAccessor3.invoke(Unknown Source)
at sun.reflect.DelegatingMethodAccessorImpl.invoke(Unknown Source)
at java.lang.reflect.Method.invoke(Unknown Source)
at org.testng.internal.MethodInvocationHelper.invokeMethod(MethodInvocationHelper.java:132)
at org.testng.internal.TestInvoker.invokeMethod(TestInvoker.java:599)
at org.testng.internal.TestInvoker.invokeTestMethod(TestInvoker.java:174)
at org.testng.internal.MethodRunner.runInSequence(MethodRunner.java:46)
at org.testng.internal.TestInvoker$MethodInvocationAgent.invoke(TestInvoker.java:822)
at org.testng.internal.TestInvoker.invokeTestMethods(TestInvoker.java:147)
at org.testng.internal.TestMethodWorker.invokeTestMethods(TestMethodWorker.java:146)
at org.testng.internal.TestMethodWorker.run(TestMethodWorker.java:128)
at org.testng.TestRunner$$Lambda$51/1810742349.accept(Unknown Source)
at java.util.ArrayList.forEach(Unknown Source)
at org.testng.TestRunner.privateRun(TestRunner.java:764)
at org.testng.TestRunner.run(TestRunner.java:585)
at org.testng.SuiteRunner.runTest(SuiteRunner.java:384)
at org.testng.SuiteRunner.runSequentially(SuiteRunner.java:378)
at org.testng.SuiteRunner.privateRun(SuiteRunner.java:337)
at org.testng.SuiteRunner.run(SuiteRunner.java:286)
at org.testng.SuiteRunnerWorker.runSuite(SuiteRunnerWorker.java:53)
at org.testng.SuiteRunnerWorker.run(SuiteRunnerWorker.java:96)
at org.testng.TestNG.runSuitesSequentially(TestNG.java:1218)
at org.testng.TestNG.runSuitesLocally(TestNG.java:1140)
at org.testng.TestNG.runSuites(TestNG.java:1069)
at org.testng.TestNG.run(TestNG.java:1037)
at org.testng.remote.AbstractRemoteTestNG.run(AbstractRemoteTestNG.java:115)
at org.testng.remote.RemoteTestNG.initAndRun(RemoteTestNG.java:251)
at org.testng.remote.RemoteTestNG.main(RemoteTestNG.java:77)
]]>
    </failure>
  </testcase> <!-- enterNOpassword_and_verify_errormessage -->
  <system-out/>
  <testcase name="enterNOpassword_and_verify_errormessage" time="11.251" classname="testscript.Stage_web_new_member_offer"/>
  <system-out/>
  <testcase name="enterNOpassword_and_verify_errormessage" time="10.006" classname="testscript.Stage_web_new_member_offer"/>
  <system-out/>
  <testcase name="enterNOpassword_and_verify_errormessage" time="10.410" classname="testscript.Stage_web_new_member_offer"/>
  <system-out/>
  <testcase name="enterNOpassword_and_verify_errormessage" time="10.795" classname="testscript.Stage_web_new_member_offer"/>
  <system-out/>
  <testcase name="enterNOpassword_and_verify_errormessage" time="10.765" classname="testscript.Stage_web_new_member_offer"/>
  <system-out/>
  <testcase name="enterNOpassword_and_verify_errormessage" time="13.671" classname="testscript.Stage_web_new_member_offer"/>
  <system-out/>
  <testcase name="enterN0EmailAddress_and_verify_errormessage" time="10.156" classname="testscript.Stage_web_new_member_offer"/>
  <system-out/>
  <testcase name="enterN0EmailAddress_and_verify_errormessage" time="12.049" classname="testscript.Stage_web_new_member_offer"/>
  <system-out/>
  <testcase name="enterN0EmailAddress_and_verify_errormessage" time="9.636" classname="testscript.Stage_web_new_member_offer"/>
  <system-out/>
  <testcase name="enterN0EmailAddress_and_verify_errormessage" time="9.481" classname="testscript.Stage_web_new_member_offer"/>
  <system-out/>
  <testcase name="enterN0EmailAddress_and_verify_errormessage" time="9.416" classname="testscript.Stage_web_new_member_offer"/>
  <system-out/>
  <testcase name="enterN0EmailAddress_and_verify_errormessage" time="9.680" classname="testscript.Stage_web_new_member_offer"/>
  <system-out/>
  <testcase name="enterN0EmailAddress_and_verify_errormessage" time="10.983" classname="testscript.Stage_web_new_member_offer"/>
  <system-out/>
  <testcase name="enterN0EmailAddress_and_verify_errormessage" time="10.075" classname="testscript.Stage_web_new_member_offer"/>
  <system-out/>
  <testcase name="enterN0EmailAddress_and_verify_errormessage" time="9.554" classname="testscript.Stage_web_new_member_offer"/>
  <system-out/>
  <testcase name="enterN0EmailAddress_and_verify_errormessage" time="11.000" classname="testscript.Stage_web_new_member_offer"/>
  <system-out/>
  <testcase name="enterN0EmailAddress_and_verify_errormessage" time="9.406" classname="testscript.Stage_web_new_member_offer"/>
  <system-out/>
  <testcase name="enterN0EmailAddress_and_verify_errormessage" time="10.162" classname="testscript.Stage_web_new_member_offer"/>
  <system-out/>
  <testcase name="enterN0EmailAddress_and_verify_errormessage" time="11.803" classname="testscript.Stage_web_new_member_offer"/>
  <system-out/>
  <testcase name="enterN0EmailAddress_and_verify_errormessage" time="9.931" classname="testscript.Stage_web_new_member_offer"/>
  <system-out/>
  <testcase name="enterN0EmailAddress_and_verify_errormessage" time="13.065" classname="testscript.Stage_web_new_member_offer"/>
  <system-out/>
  <testcase name="enterN0EmailAddress_and_verify_errormessage" time="9.459" classname="testscript.Stage_web_new_member_offer"/>
  <system-out/>
  <testcase name="enterN0EmailAddress_and_verify_errormessage" time="9.273" classname="testscript.Stage_web_new_member_offer"/>
  <system-out/>
  <testcase name="enterN0EmailAddress_and_verify_errormessage" time="9.712" classname="testscript.Stage_web_new_member_offer"/>
  <system-out/>
  <testcase name="enterN0EmailAddress_and_verify_errormessage" time="9.507" classname="testscript.Stage_web_new_member_offer"/>
  <system-out/>
  <testcase name="enterN0EmailAddress_and_verify_errormessage" time="9.318" classname="testscript.Stage_web_new_member_offer"/>
  <system-out/>
  <testcase name="enterN0EmailAddress_and_verify_errormessage" time="9.385" classname="testscript.Stage_web_new_member_offer"/>
  <system-out/>
  <testcase name="enterN0EmailAddress_and_verify_errormessage" time="9.309" classname="testscript.Stage_web_new_member_offer"/>
  <system-out/>
  <testcase name="enterN0EmailAddress_and_verify_errormessage" time="9.553" classname="testscript.Stage_web_new_member_offer"/>
  <system-out/>
  <testcase name="enterN0EmailAddress_and_verify_errormessage" time="9.226" classname="testscript.Stage_web_new_member_offer"/>
  <system-out/>
  <testcase name="enterN0EmailAddress_and_verify_errormessage" time="9.728" classname="testscript.Stage_web_new_member_offer"/>
  <system-out/>
  <testcase name="enterN0EmailAddress_and_verify_errormessage" time="9.301" classname="testscript.Stage_web_new_member_offer"/>
  <system-out/>
  <testcase name="enterN0EmailAddress_and_verify_errormessage" time="9.851" classname="testscript.Stage_web_new_member_offer"/>
  <system-out/>
  <testcase name="enterN0EmailAddress_and_verify_errormessage" time="10.544" classname="testscript.Stage_web_new_member_offer"/>
  <system-out/>
  <testcase name="enterN0EmailAddress_and_verify_errormessage" time="11.965" classname="testscript.Stage_web_new_member_offer"/>
  <system-out/>
  <testcase name="enterN0EmailAddress_and_verify_errormessage" time="9.890" classname="testscript.Stage_web_new_member_offer"/>
  <system-out/>
  <testcase name="enterN0EmailAddress_and_verify_errormessage" time="9.142" classname="testscript.Stage_web_new_member_offer"/>
  <system-out/>
  <testcase name="enterN0EmailAddress_and_verify_errormessage" time="9.446" classname="testscript.Stage_web_new_member_offer"/>
  <system-out/>
  <testcase name="enterN0EmailAddress_and_verify_errormessage" time="9.099" classname="testscript.Stage_web_new_member_offer"/>
  <system-out/>
  <testcase name="enterN0EmailAddress_and_verify_errormessage" time="9.606" classname="testscript.Stage_web_new_member_offer"/>
  <system-out/>
  <testcase name="enterN0EmailAddress_and_verify_errormessage" time="10.173" classname="testscript.Stage_web_new_member_offer"/>
  <system-out/>
  <testcase name="enterN0EmailAddress_and_verify_errormessage" time="9.455" classname="testscript.Stage_web_new_member_offer"/>
  <system-out/>
  <testcase name="enterN0EmailAddress_and_verify_errormessage" time="9.755" classname="testscript.Stage_web_new_member_offer"/>
  <system-out/>
  <testcase name="enterN0EmailAddress_and_verify_errormessage" time="9.664" classname="testscript.Stage_web_new_member_offer"/>
  <system-out/>
  <testcase name="enterN0EmailAddress_and_verify_errormessage" time="9.740" classname="testscript.Stage_web_new_member_offer"/>
  <system-out/>
  <testcase name="enterN0EmailAddress_and_verify_errormessage" time="9.454" classname="testscript.Stage_web_new_member_offer"/>
  <system-out/>
  <testcase name="enterN0EmailAddress_and_verify_errormessage" time="10.214" classname="testscript.Stage_web_new_member_offer"/>
  <system-out/>
  <testcase name="enterN0EmailAddress_and_verify_errormessage" time="9.318" classname="testscript.Stage_web_new_member_offer"/>
  <system-out/>
  <testcase name="enterN0EmailAddress_and_verify_errormessage" time="9.963" classname="testscript.Stage_web_new_member_offer"/>
  <system-out/>
  <testcase name="enterN0EmailAddress_and_verify_errormessage" time="10.433" classname="testscript.Stage_web_new_member_offer"/>
  <system-out/>
  <testcase name="enterN0EmailAddress_and_verify_errormessage" time="9.872" classname="testscript.Stage_web_new_member_offer"/>
  <system-out/>
  <testcase name="enterN0EmailAddress_and_verify_errormessage" time="9.279" classname="testscript.Stage_web_new_member_offer"/>
  <system-out/>
  <testcase name="enterN0EmailAddress_and_verify_errormessage" time="9.205" classname="testscript.Stage_web_new_member_offer"/>
  <system-out/>
  <testcase name="enterN0EmailAddress_and_verify_errormessage" time="10.372" classname="testscript.Stage_web_new_member_offer"/>
  <system-out/>
  <testcase name="enterN0EmailAddress_and_verify_errormessage" time="9.812" classname="testscript.Stage_web_new_member_offer"/>
  <system-out/>
  <testcase name="enterN0EmailAddress_and_verify_errormessage" time="9.431" classname="testscript.Stage_web_new_member_offer"/>
  <system-out/>
  <testcase name="enterN0EmailAddress_and_verify_errormessage" time="9.389" classname="testscript.Stage_web_new_member_offer"/>
  <system-out/>
  <testcase name="enterN0EmailAddress_and_verify_errormessage" time="371.344" classname="testscript.Stage_web_new_member_offer"/>
  <system-out/>
  <testcase name="enterN0EmailAddress_and_verify_errormessage" time="9.372" classname="testscript.Stage_web_new_member_offer"/>
  <system-out/>
  <testcase name="enterN0EmailAddress_and_verify_errormessage" time="9.660" classname="testscript.Stage_web_new_member_offer"/>
  <system-out/>
  <testcase name="enterN0EmailAddress_and_verify_errormessage" time="9.385" classname="testscript.Stage_web_new_member_offer"/>
  <system-out/>
  <testcase name="enterN0EmailAddress_and_verify_errormessage" time="9.949" classname="testscript.Stage_web_new_member_offer"/>
  <system-out/>
  <testcase name="enterN0EmailAddress_and_verify_errormessage" time="10.095" classname="testscript.Stage_web_new_member_offer"/>
  <system-out/>
  <testcase name="enterN0EmailAddress_and_verify_errormessage" time="9.642" classname="testscript.Stage_web_new_member_offer"/>
  <system-out/>
  <testcase name="enterN0EmailAddress_and_verify_errormessage" time="9.432" classname="testscript.Stage_web_new_member_offer"/>
  <system-out/>
  <testcase name="enterN0EmailAddress_and_verify_errormessage" time="9.557" classname="testscript.Stage_web_new_member_offer"/>
  <system-out/>
  <testcase name="enterN0EmailAddress_and_verify_errormessage" time="10.184" classname="testscript.Stage_web_new_member_offer"/>
  <system-out/>
  <testcase name="enterN0EmailAddress_and_verify_errormessage" time="9.523" classname="testscript.Stage_web_new_member_offer"/>
  <system-out/>
  <testcase name="enterN0EmailAddress_and_verify_errormessage" time="11.765" classname="testscript.Stage_web_new_member_offer"/>
  <system-out/>
  <testcase name="enterN0EmailAddress_and_verify_errormessage" time="9.653" classname="testscript.Stage_web_new_member_offer"/>
  <system-out/>
  <testcase name="enterN0EmailAddress_and_verify_errormessage" time="9.388" classname="testscript.Stage_web_new_member_offer"/>
  <system-out/>
  <testcase name="enterN0EmailAddress_and_verify_errormessage" time="9.478" classname="testscript.Stage_web_new_member_offer"/>
  <system-out/>
  <testcase name="enterN0EmailAddress_and_verify_errormessage" time="9.203" classname="testscript.Stage_web_new_member_offer"/>
  <system-out/>
  <testcase name="enterN0EmailAddress_and_verify_errormessage" time="9.502" classname="testscript.Stage_web_new_member_offer"/>
  <system-out/>
  <testcase name="enterN0EmailAddress_and_verify_errormessage" time="9.282" classname="testscript.Stage_web_new_member_offer"/>
  <system-out/>
  <testcase name="enterN0EmailAddress_and_verify_errormessage" time="11.476" classname="testscript.Stage_web_new_member_offer"/>
  <system-out/>
  <testcase name="enterN0EmailAddress_and_verify_errormessage" time="9.577" classname="testscript.Stage_web_new_member_offer"/>
  <system-out/>
  <testcase name="enterN0EmailAddress_and_verify_errormessage" time="9.306" classname="testscript.Stage_web_new_member_offer"/>
  <system-out/>
  <testcase name="enterN0EmailAddress_and_verify_errormessage" time="9.337" classname="testscript.Stage_web_new_member_offer"/>
  <system-out/>
  <testcase name="enterN0EmailAddress_and_verify_errormessage" time="9.459" classname="testscript.Stage_web_new_member_offer"/>
  <system-out/>
  <testcase name="enterN0EmailAddress_and_verify_errormessage" time="10.475" classname="testscript.Stage_web_new_member_offer"/>
  <system-out/>
  <testcase name="enterN0EmailAddress_and_verify_errormessage" time="9.910" classname="testscript.Stage_web_new_member_offer"/>
  <system-out/>
  <testcase name="enterN0EmailAddress_and_verify_errormessage" time="9.609" classname="testscript.Stage_web_new_member_offer"/>
  <system-out/>
  <testcase name="enterN0EmailAddress_and_verify_errormessage" time="9.933" classname="testscript.Stage_web_new_member_offer"/>
  <system-out/>
  <testcase name="enterN0EmailAddress_and_verify_errormessage" time="9.577" classname="testscript.Stage_web_new_member_offer"/>
  <system-out/>
  <testcase name="enterN0EmailAddress_and_verify_errormessage" time="9.853" classname="testscript.Stage_web_new_member_offer"/>
  <system-out/>
  <testcase name="enterN0EmailAddress_and_verify_errormessage" time="9.468" classname="testscript.Stage_web_new_member_offer"/>
  <system-out/>
  <testcase name="enterN0EmailAddress_and_verify_errormessage" time="11.421" classname="testscript.Stage_web_new_member_offer"/>
  <system-out/>
  <testcase name="enterN0EmailAddress_and_verify_errormessage" time="10.848" classname="testscript.Stage_web_new_member_offer"/>
  <system-out/>
  <testcase name="enterN0EmailAddress_and_verify_errormessage" time="9.653" classname="testscript.Stage_web_new_member_offer"/>
  <system-out/>
  <testcase name="enterN0EmailAddress_and_verify_errormessage" time="9.349" classname="testscript.Stage_web_new_member_offer"/>
  <system-out/>
  <testcase name="enterN0EmailAddress_and_verify_errormessage" time="9.295" classname="testscript.Stage_web_new_member_offer"/>
  <system-out/>
  <testcase name="enterN0EmailAddress_and_verify_errormessage" time="9.528" classname="testscript.Stage_web_new_member_offer"/>
  <system-out/>
  <testcase name="enterN0EmailAddress_and_verify_errormessage" time="10.073" classname="testscript.Stage_web_new_member_offer"/>
  <system-out/>
  <testcase name="enterN0EmailAddress_and_verify_errormessage" time="9.372" classname="testscript.Stage_web_new_member_offer"/>
  <system-out/>
  <testcase name="enterN0EmailAddress_and_verify_errormessage" time="9.499" classname="testscript.Stage_web_new_member_offer"/>
  <system-out/>
  <testcase name="enterN0EmailAddress_and_verify_errormessage" time="9.245" classname="testscript.Stage_web_new_member_offer"/>
  <system-out/>
  <testcase name="enterN0EmailAddress_and_verify_errormessage" time="11.411" classname="testscript.Stage_web_new_member_offer"/>
  <system-out/>
  <testcase name="enterN0EmailAddress_and_verify_errormessage" time="9.584" classname="testscript.Stage_web_new_member_offer"/>
  <system-out/>
  <testcase name="enterN0EmailAddress_and_verify_errormessage" time="9.338" classname="testscript.Stage_web_new_member_offer"/>
  <system-out/>
  <testcase name="enterN0EmailAddress_and_verify_errormessage" time="9.561" classname="testscript.Stage_web_new_member_offer"/>
  <system-out/>
  <testcase name="enterN0EmailAddress_and_verify_errormessage" time="10.317" classname="testscript.Stage_web_new_member_offer"/>
  <system-out/>
  <testcase name="enterN0EmailAddress_and_verify_errormessage" time="9.476" classname="testscript.Stage_web_new_member_offer"/>
  <system-out/>
  <testcase name="enterN0EmailAddress_and_verify_errormessage" time="9.547" classname="testscript.Stage_web_new_member_offer"/>
  <system-out/>
  <testcase name="enterN0EmailAddress_and_verify_errormessage" time="9.916" classname="testscript.Stage_web_new_member_offer"/>
  <system-out/>
  <testcase name="enterN0EmailAddress_and_verify_errormessage" time="10.153" classname="testscript.Stage_web_new_member_offer"/>
  <system-out/>
  <testcase name="enterInValidEmailAddress_and_verify_errormessage" time="10.127" classname="testscript.Stage_web_new_member_offer"/>
  <system-out/>
  <testcase name="enterInValidEmailAddress_and_verify_errormessage" time="9.746" classname="testscript.Stage_web_new_member_offer"/>
  <system-out/>
  <testcase name="enterInValidEmailAddress_and_verify_errormessage" time="10.317" classname="testscript.Stage_web_new_member_offer"/>
  <system-out/>
  <testcase name="enterInValidEmailAddress_and_verify_errormessage" time="10.064" classname="testscript.Stage_web_new_member_offer"/>
  <system-out/>
  <testcase name="enterInValidEmailAddress_and_verify_errormessage" time="10.110" classname="testscript.Stage_web_new_member_offer"/>
  <system-out/>
  <testcase name="enterInValidEmailAddress_and_verify_errormessage" time="9.561" classname="testscript.Stage_web_new_member_offer"/>
  <system-out/>
  <testcase name="enterInValidEmailAddress_and_verify_errormessage" time="9.824" classname="testscript.Stage_web_new_member_offer"/>
  <system-out/>
  <testcase name="enterInValidEmailAddress_and_verify_errormessage" time="10.130" classname="testscript.Stage_web_new_member_offer"/>
  <system-out/>
  <testcase name="enterInValidEmailAddress_and_verify_errormessage" time="11.022" classname="testscript.Stage_web_new_member_offer"/>
  <system-out/>
  <testcase name="enterInValidEmailAddress_and_verify_errormessage" time="9.770" classname="testscript.Stage_web_new_member_offer"/>
  <system-out/>
  <testcase name="enterInValidEmailAddress_and_verify_errormessage" time="10.166" classname="testscript.Stage_web_new_member_offer"/>
  <system-out/>
  <testcase name="enterInValidEmailAddress_and_verify_errormessage" time="9.932" classname="testscript.Stage_web_new_member_offer"/>
  <system-out/>
  <testcase name="enterInValidEmailAddress_and_verify_errormessage" time="10.764" classname="testscript.Stage_web_new_member_offer"/>
  <system-out/>
  <testcase name="enterInValidEmailAddress_and_verify_errormessage" time="10.439" classname="testscript.Stage_web_new_member_offer"/>
  <system-out/>
  <testcase name="enterInValidEmailAddress_and_verify_errormessage" time="10.314" classname="testscript.Stage_web_new_member_offer"/>
  <system-out/>
  <testcase name="enterInValidEmailAddress_and_verify_errormessage" time="10.940" classname="testscript.Stage_web_new_member_offer"/>
  <system-out/>
  <testcase name="enterInValidEmailAddress_and_verify_errormessage" time="9.735" classname="testscript.Stage_web_new_member_offer"/>
  <system-out/>
  <testcase name="enterInValidEmailAddress_and_verify_errormessage" time="10.531" classname="testscript.Stage_web_new_member_offer"/>
  <system-out/>
  <testcase name="enterInValidEmailAddress_and_verify_errormessage" time="10.149" classname="testscript.Stage_web_new_member_offer"/>
  <system-out/>
  <testcase name="enterInValidEmailAddress_and_verify_errormessage" time="9.930" classname="testscript.Stage_web_new_member_offer"/>
  <system-out/>
  <testcase name="enterInValidEmailAddress_and_verify_errormessage" time="10.551" classname="testscript.Stage_web_new_member_offer"/>
  <system-out/>
  <testcase name="enterInValidEmailAddress_and_verify_errormessage" time="11.132" classname="testscript.Stage_web_new_member_offer"/>
  <system-out/>
  <testcase name="enterInValidEmailAddress_and_verify_errormessage" time="9.663" classname="testscript.Stage_web_new_member_offer"/>
  <system-out/>
  <testcase name="enterInValidEmailAddress_and_verify_errormessage" time="10.015" classname="testscript.Stage_web_new_member_offer"/>
  <system-out/>
  <testcase name="enterInValidEmailAddress_and_verify_errormessage" time="9.734" classname="testscript.Stage_web_new_member_offer"/>
  <system-out/>
  <testcase name="enterInValidEmailAddress_and_verify_errormessage" time="9.822" classname="testscript.Stage_web_new_member_offer"/>
  <system-out/>
  <testcase name="enterInValidEmailAddress_and_verify_errormessage" time="9.855" classname="testscript.Stage_web_new_member_offer"/>
  <system-out/>
  <testcase name="enterInValidEmailAddress_and_verify_errormessage" time="10.351" classname="testscript.Stage_web_new_member_offer"/>
  <system-out/>
  <testcase name="enterInValidEmailAddress_and_verify_errormessage" time="10.577" classname="testscript.Stage_web_new_member_offer"/>
  <system-out/>
  <testcase name="enterInValidEmailAddress_and_verify_errormessage" time="10.417" classname="testscript.Stage_web_new_member_offer"/>
  <system-out/>
  <testcase name="enterInValidEmailAddress_and_verify_errormessage" time="9.787" classname="testscript.Stage_web_new_member_offer"/>
  <system-out/>
  <testcase name="enterInValidEmailAddress_and_verify_errormessage" time="10.916" classname="testscript.Stage_web_new_member_offer"/>
  <system-out/>
  <testcase name="enterInValidEmailAddress_and_verify_errormessage" time="9.683" classname="testscript.Stage_web_new_member_offer"/>
  <system-out/>
  <testcase name="enterInValidEmailAddress_and_verify_errormessage" time="9.933" classname="testscript.Stage_web_new_member_offer"/>
  <system-out/>
  <testcase name="enterInValidEmailAddress_and_verify_errormessage" time="10.459" classname="testscript.Stage_web_new_member_offer"/>
  <system-out/>
  <testcase name="enterInValidEmailAddress_and_verify_errormessage" time="10.430" classname="testscript.Stage_web_new_member_offer"/>
  <system-out/>
  <testcase name="enterInValidEmailAddress_and_verify_errormessage" time="10.366" classname="testscript.Stage_web_new_member_offer"/>
  <system-out/>
  <testcase name="enterInValidEmailAddress_and_verify_errormessage" time="10.025" classname="testscript.Stage_web_new_member_offer"/>
  <system-out/>
  <testcase name="enterInValidEmailAddress_and_verify_errormessage" time="11.000" classname="testscript.Stage_web_new_member_offer"/>
  <system-out/>
  <testcase name="enterInValidEmailAddress_and_verify_errormessage" time="10.032" classname="testscript.Stage_web_new_member_offer"/>
  <system-out/>
  <testcase name="enterInValidEmailAddress_and_verify_errormessage" time="10.543" classname="testscript.Stage_web_new_member_offer"/>
  <system-out/>
  <testcase name="enterInValidEmailAddress_and_verify_errormessage" time="10.010" classname="testscript.Stage_web_new_member_offer"/>
  <system-out/>
  <testcase name="enterInValidEmailAddress_and_verify_errormessage" time="11.727" classname="testscript.Stage_web_new_member_offer"/>
  <system-out/>
  <testcase name="enterInValidEmailAddress_and_verify_errormessage" time="10.029" classname="testscript.Stage_web_new_member_offer"/>
  <system-out/>
  <testcase name="enterInValidEmailAddress_and_verify_errormessage" time="9.801" classname="testscript.Stage_web_new_member_offer"/>
  <system-out/>
  <testcase name="enterInValidEmailAddress_and_verify_errormessage" time="10.453" classname="testscript.Stage_web_new_member_offer"/>
  <system-out/>
  <testcase name="enterInValidEmailAddress_and_verify_errormessage" time="9.844" classname="testscript.Stage_web_new_member_offer"/>
  <system-out/>
  <testcase name="enterInValidEmailAddress_and_verify_errormessage" time="10.852" classname="testscript.Stage_web_new_member_offer"/>
  <system-out/>
  <testcase name="enterInValidEmailAddress_and_verify_errormessage" time="10.467" classname="testscript.Stage_web_new_member_offer"/>
  <system-out/>
  <testcase name="enterInValidEmailAddress_and_verify_errormessage" time="10.263" classname="testscript.Stage_web_new_member_offer"/>
  <system-out/>
  <testcase name="enterInValidEmailAddress_and_verify_errormessage" time="10.611" classname="testscript.Stage_web_new_member_offer"/>
  <system-out/>
  <testcase name="enterInValidEmailAddress_and_verify_errormessage" time="9.961" classname="testscript.Stage_web_new_member_offer"/>
  <system-out/>
  <testcase name="enterInValidEmailAddress_and_verify_errormessage" time="9.915" classname="testscript.Stage_web_new_member_offer"/>
  <system-out/>
  <testcase name="enterInValidEmailAddress_and_verify_errormessage" time="9.874" classname="testscript.Stage_web_new_member_offer"/>
  <system-out/>
  <testcase name="enterInValidEmailAddress_and_verify_errormessage" time="10.206" classname="testscript.Stage_web_new_member_offer"/>
  <system-out/>
  <testcase name="enterInValidEmailAddress_and_verify_errormessage" time="9.862" classname="testscript.Stage_web_new_member_offer"/>
  <system-out/>
  <testcase name="enterInValidEmailAddress_and_verify_errormessage" time="10.790" classname="testscript.Stage_web_new_member_offer"/>
  <system-out/>
  <testcase name="enterInValidEmailAddress_and_verify_errormessage" time="9.810" classname="testscript.Stage_web_new_member_offer"/>
  <system-out/>
  <testcase name="enterInValidEmailAddress_and_verify_errormessage" time="10.581" classname="testscript.Stage_web_new_member_offer"/>
  <system-out/>
  <testcase name="enterInValidEmailAddress_and_verify_errormessage" time="9.797" classname="testscript.Stage_web_new_member_offer"/>
  <system-out/>
  <testcase name="enterInValidEmailAddress_and_verify_errormessage" time="9.867" classname="testscript.Stage_web_new_member_offer"/>
  <system-out/>
  <testcase name="enterInValidEmailAddress_and_verify_errormessage" time="10.222" classname="testscript.Stage_web_new_member_offer"/>
  <system-out/>
  <testcase name="enterInValidEmailAddress_and_verify_errormessage" time="10.339" classname="testscript.Stage_web_new_member_offer"/>
  <system-out/>
  <testcase name="enterInValidEmailAddress_and_verify_errormessage" time="9.982" classname="testscript.Stage_web_new_member_offer"/>
  <system-out/>
  <testcase name="enterInValidEmailAddress_and_verify_errormessage" time="10.077" classname="testscript.Stage_web_new_member_offer"/>
  <system-out/>
  <testcase name="enterInValidEmailAddress_and_verify_errormessage" time="9.815" classname="testscript.Stage_web_new_member_offer"/>
  <system-out/>
  <testcase name="enterInValidEmailAddress_and_verify_errormessage" time="9.778" classname="testscript.Stage_web_new_member_offer"/>
  <system-out/>
  <testcase name="enterInValidEmailAddress_and_verify_errormessage" time="9.955" classname="testscript.Stage_web_new_member_offer"/>
  <system-out/>
  <testcase name="enterInValidEmailAddress_and_verify_errormessage" time="12.888" classname="testscript.Stage_web_new_member_offer"/>
  <system-out/>
  <testcase name="enterInValidEmailAddress_and_verify_errormessage" time="10.271" classname="testscript.Stage_web_new_member_offer"/>
  <system-out/>
  <testcase name="enterInValidEmailAddress_and_verify_errormessage" time="9.584" classname="testscript.Stage_web_new_member_offer"/>
  <system-out/>
  <testcase name="enterInValidEmailAddress_and_verify_errormessage" time="9.871" classname="testscript.Stage_web_new_member_offer"/>
  <system-out/>
  <testcase name="enterInValidEmailAddress_and_verify_errormessage" time="10.586" classname="testscript.Stage_web_new_member_offer"/>
  <system-out/>
  <testcase name="enterInValidEmailAddress_and_verify_errormessage" time="9.924" classname="testscript.Stage_web_new_member_offer"/>
  <system-out/>
  <testcase name="enterInValidEmailAddress_and_verify_errormessage" time="10.654" classname="testscript.Stage_web_new_member_offer"/>
  <system-out/>
  <testcase name="enterInValidEmailAddress_and_verify_errormessage" time="9.763" classname="testscript.Stage_web_new_member_offer"/>
  <system-out/>
  <testcase name="enterInValidEmailAddress_and_verify_errormessage" time="10.022" classname="testscript.Stage_web_new_member_offer"/>
  <system-out/>
  <testcase name="enterInValidEmailAddress_and_verify_errormessage" time="9.813" classname="testscript.Stage_web_new_member_offer"/>
  <system-out/>
  <testcase name="enterInValidEmailAddress_and_verify_errormessage" time="10.342" classname="testscript.Stage_web_new_member_offer"/>
  <system-out/>
  <testcase name="enterInValidEmailAddress_and_verify_errormessage" time="9.839" classname="testscript.Stage_web_new_member_offer"/>
  <system-out/>
  <testcase name="enterInValidEmailAddress_and_verify_errormessage" time="10.628" classname="testscript.Stage_web_new_member_offer"/>
  <system-out/>
  <testcase name="enterInValidEmailAddress_and_verify_errormessage" time="9.754" classname="testscript.Stage_web_new_member_offer"/>
  <system-out/>
  <testcase name="enterInValidEmailAddress_and_verify_errormessage" time="10.214" classname="testscript.Stage_web_new_member_offer"/>
  <system-out/>
  <testcase name="enterInValidEmailAddress_and_verify_errormessage" time="10.316" classname="testscript.Stage_web_new_member_offer"/>
  <system-out/>
  <testcase name="enterInValidEmailAddress_and_verify_errormessage" time="9.839" classname="testscript.Stage_web_new_member_offer"/>
  <system-out/>
  <testcase name="enterInValidEmailAddress_and_verify_errormessage" time="10.047" classname="testscript.Stage_web_new_member_offer"/>
  <system-out/>
  <testcase name="enterInValidEmailAddress_and_verify_errormessage" time="9.889" classname="testscript.Stage_web_new_member_offer"/>
  <system-out/>
  <testcase name="enterInValidEmailAddress_and_verify_errormessage" time="9.582" classname="testscript.Stage_web_new_member_offer"/>
  <system-out/>
  <testcase name="enterInValidEmailAddress_and_verify_errormessage" time="9.841" classname="testscript.Stage_web_new_member_offer"/>
  <system-out/>
  <testcase name="enterInValidEmailAddress_and_verify_errormessage" time="10.351" classname="testscript.Stage_web_new_member_offer"/>
  <system-out/>
  <testcase name="enterInValidEmailAddress_and_verify_errormessage" time="10.218" classname="testscript.Stage_web_new_member_offer"/>
  <system-out/>
  <testcase name="enterInValidEmailAddress_and_verify_errormessage" time="11.416" classname="testscript.Stage_web_new_member_offer"/>
  <system-out/>
  <testcase name="enterInValidEmailAddress_and_verify_errormessage" time="9.843" classname="testscript.Stage_web_new_member_offer"/>
  <system-out/>
  <testcase name="enterInValidEmailAddress_and_verify_errormessage" time="13.371" classname="testscript.Stage_web_new_member_offer"/>
  <system-out/>
  <testcase name="enterInValidEmailAddress_and_verify_errormessage" time="14.687" classname="testscript.Stage_web_new_member_offer"/>
  <system-out/>
  <testcase name="enterInValidEmailAddress_and_verify_errormessage" time="10.880" classname="testscript.Stage_web_new_member_offer"/>
  <system-out/>
  <testcase name="enterInValidEmailAddress_and_verify_errormessage" time="10.084" classname="testscript.Stage_web_new_member_offer"/>
  <system-out/>
  <testcase name="enterInValidEmailAddress_and_verify_errormessage" time="9.937" classname="testscript.Stage_web_new_member_offer"/>
  <system-out/>
  <testcase name="enterInValidEmailAddress_and_verify_errormessage" time="10.761" classname="testscript.Stage_web_new_member_offer"/>
  <system-out/>
  <testcase name="enterInValidEmailAddress_and_verify_errormessage" time="10.747" classname="testscript.Stage_web_new_member_offer"/>
  <system-out/>
  <testcase name="new_Member_enterEmail_password_Dothe_Payment__ExpirationYearIsInvalid_verifyErrorMessage" time="14.560" classname="testscript.Stage_web_new_member_offer"/>
  <system-out/>
  <testcase name="new_Member_enterEmail_password_Dothe_Payment__ExpirationYearIsInvalid_verifyErrorMessage" time="15.346" classname="testscript.Stage_web_new_member_offer"/>
  <system-out/>
  <testcase name="new_Member_enterEmail_password_Dothe_Payment__ExpirationYearIsInvalid_verifyErrorMessage" time="14.767" classname="testscript.Stage_web_new_member_offer"/>
  <system-out/>
  <testcase name="new_Member_enterEmail_password_Dothe_Payment__ExpirationYearIsInvalid_verifyErrorMessage" time="14.888" classname="testscript.Stage_web_new_member_offer"/>
  <system-out/>
  <testcase name="new_Member_enterEmail_password_Dothe_Payment__ExpirationYearIsInvalid_verifyErrorMessage" time="14.798" classname="testscript.Stage_web_new_member_offer"/>
  <system-out/>
  <testcase name="new_Member_enterEmail_password_Dothe_Payment__ExpirationYearIsInvalid_verifyErrorMessage" time="14.619" classname="testscript.Stage_web_new_member_offer"/>
  <system-out/>
  <testcase name="new_Member_enterEmail_password_Dothe_Payment__ExpirationYearIsInvalid_verifyErrorMessage" time="14.682" classname="testscript.Stage_web_new_member_offer"/>
  <system-out/>
  <testcase name="new_Member_enterEmail_password_Dothe_Payment__ExpirationYearIsInvalid_verifyErrorMessage" time="14.648" classname="testscript.Stage_web_new_member_offer"/>
  <system-out/>
  <testcase name="new_Member_enterEmail_password_Dothe_Payment__ExpirationYearIsInvalid_verifyErrorMessage" time="14.942" classname="testscript.Stage_web_new_member_offer"/>
  <system-out/>
  <testcase name="new_Member_enterEmail_password_Dothe_Payment__ExpirationYearIsInvalid_verifyErrorMessage" time="16.609" classname="testscript.Stage_web_new_member_offer"/>
  <system-out/>
  <testcase name="new_Member_enterEmail_password_Dothe_Payment__ExpirationYearIsInvalid_verifyErrorMessage" time="14.689" classname="testscript.Stage_web_new_member_offer"/>
  <system-out/>
  <testcase name="new_Member_enterEmail_password_Dothe_Payment__ExpirationYearIsInvalid_verifyErrorMessage" time="15.104" classname="testscript.Stage_web_new_member_offer"/>
  <system-out/>
  <testcase name="new_Member_enterEmail_password_Dothe_Payment__ExpirationYearIsInvalid_verifyErrorMessage" time="14.636" classname="testscript.Stage_web_new_member_offer"/>
  <system-out/>
  <testcase name="new_Member_enterEmail_password_Dothe_Payment__ExpirationYearIsInvalid_verifyErrorMessage" time="15.713" classname="testscript.Stage_web_new_member_offer"/>
  <system-out/>
  <testcase name="new_Member_enterEmail_password_Dothe_Payment__ExpirationYearIsInvalid_verifyErrorMessage" time="14.714" classname="testscript.Stage_web_new_member_offer"/>
  <system-out/>
  <testcase name="new_Member_enterEmail_password_Dothe_Payment__ExpirationYearIsInvalid_verifyErrorMessage" time="15.249" classname="testscript.Stage_web_new_member_offer"/>
  <system-out/>
  <testcase name="new_Member_enterEmail_password_Dothe_Payment__ExpirationYearIsInvalid_verifyErrorMessage" time="15.120" classname="testscript.Stage_web_new_member_offer"/>
  <system-out/>
  <testcase name="new_Member_enterEmail_password_Dothe_Payment__ExpirationYearIsInvalid_verifyErrorMessage" time="15.107" classname="testscript.Stage_web_new_member_offer"/>
  <system-out/>
  <testcase name="new_Member_enterEmail_password_Dothe_Payment__ExpirationYearIsInvalid_verifyErrorMessage" time="14.646" classname="testscript.Stage_web_new_member_offer"/>
  <system-out/>
  <testcase name="new_Member_enterEmail_password_Dothe_Payment__ExpirationYearIsInvalid_verifyErrorMessage" time="15.821" classname="testscript.Stage_web_new_member_offer"/>
  <system-out/>
  <testcase name="new_Member_enterEmail_password_Dothe_Payment__ExpirationYearIsInvalid_verifyErrorMessage" time="14.846" classname="testscript.Stage_web_new_member_offer"/>
  <system-out/>
  <testcase name="new_Member_enterEmail_password_Dothe_Payment__ExpirationYearIsInvalid_verifyErrorMessage" time="14.881" classname="testscript.Stage_web_new_member_offer"/>
  <system-out/>
  <testcase name="new_Member_enterEmail_password_Dothe_Payment__ExpirationYearIsInvalid_verifyErrorMessage" time="15.626" classname="testscript.Stage_web_new_member_offer"/>
  <system-out/>
  <testcase name="new_Member_enterEmail_password_Dothe_Payment__ExpirationYearIsInvalid_verifyErrorMessage" time="14.545" classname="testscript.Stage_web_new_member_offer"/>
  <system-out/>
  <testcase name="new_Member_enterEmail_password_Dothe_Payment__ExpirationYearIsInvalid_verifyErrorMessage" time="14.559" classname="testscript.Stage_web_new_member_offer"/>
  <system-out/>
  <testcase name="new_Member_enterEmail_password_Dothe_Payment__ExpirationYearIsInvalid_verifyErrorMessage" time="14.759" classname="testscript.Stage_web_new_member_offer"/>
  <system-out/>
  <testcase name="new_Member_enterEmail_password_Dothe_Payment__ExpirationYearIsInvalid_verifyErrorMessage" time="14.797" classname="testscript.Stage_web_new_member_offer"/>
  <system-out/>
  <testcase name="new_Member_enterEmail_password_Dothe_Payment__ExpirationYearIsInvalid_verifyErrorMessage" time="16.007" classname="testscript.Stage_web_new_member_offer"/>
  <system-out/>
  <testcase name="new_Member_enterEmail_password_Dothe_Payment__ExpirationYearIsInvalid_verifyErrorMessage" time="14.813" classname="testscript.Stage_web_new_member_offer"/>
  <system-out/>
  <testcase name="new_Member_enterEmail_password_Dothe_Payment__ExpirationYearIsInvalid_verifyErrorMessage" time="14.982" classname="testscript.Stage_web_new_member_offer"/>
  <system-out/>
  <testcase name="new_Member_enterEmail_password_Dothe_Payment__ExpirationYearIsInvalid_verifyErrorMessage" time="16.040" classname="testscript.Stage_web_new_member_offer"/>
  <system-out/>
  <testcase name="new_Member_enterEmail_password_Dothe_Payment__ExpirationYearIsInvalid_verifyErrorMessage" time="15.597" classname="testscript.Stage_web_new_member_offer"/>
  <system-out/>
  <testcase name="new_Member_enterEmail_password_Dothe_Payment__ExpirationYearIsInvalid_verifyErrorMessage" time="14.511" classname="testscript.Stage_web_new_member_offer"/>
  <system-out/>
  <testcase name="new_Member_enterEmail_password_Dothe_Payment__ExpirationYearIsInvalid_verifyErrorMessage" time="14.804" classname="testscript.Stage_web_new_member_offer"/>
  <system-out/>
  <testcase name="new_Member_enterEmail_password_Dothe_Payment__ExpirationYearIsInvalid_verifyErrorMessage" time="15.151" classname="testscript.Stage_web_new_member_offer"/>
  <system-out/>
  <testcase name="new_Member_enterEmail_password_Dothe_Payment__ExpirationYearIsInvalid_verifyErrorMessage" time="14.900" classname="testscript.Stage_web_new_member_offer"/>
  <system-out/>
  <testcase name="new_Member_enterEmail_password_Dothe_Payment__ExpirationYearIsInvalid_verifyErrorMessage" time="17.843" classname="testscript.Stage_web_new_member_offer"/>
  <system-out/>
  <testcase name="new_Member_enterEmail_password_Dothe_Payment__ExpirationYearIsInvalid_verifyErrorMessage" time="16.369" classname="testscript.Stage_web_new_member_offer"/>
  <system-out/>
  <testcase name="new_Member_enterEmail_password_Dothe_Payment__ExpirationYearIsInvalid_verifyErrorMessage" time="15.465" classname="testscript.Stage_web_new_member_offer"/>
  <system-out/>
  <testcase name="new_Member_enterEmail_password_Dothe_Payment__ExpirationYearIsInvalid_verifyErrorMessage" time="16.037" classname="testscript.Stage_web_new_member_offer"/>
  <system-out/>
  <testcase name="new_Member_enterEmail_password_Dothe_Payment__ExpirationYearIsInvalid_verifyErrorMessage" time="14.969" classname="testscript.Stage_web_new_member_offer"/>
  <system-out/>
  <testcase name="new_Member_enterEmail_password_Dothe_Payment__ExpirationYearIsInvalid_verifyErrorMessage" time="14.631" classname="testscript.Stage_web_new_member_offer"/>
  <system-out/>
  <testcase name="new_Member_enterEmail_password_Dothe_Payment__ExpirationYearIsInvalid_verifyErrorMessage" time="14.881" classname="testscript.Stage_web_new_member_offer"/>
  <system-out/>
  <testcase name="new_Member_enterEmail_password_Dothe_Payment__ExpirationYearIsInvalid_verifyErrorMessage" time="14.579" classname="testscript.Stage_web_new_member_offer"/>
  <system-out/>
  <testcase name="new_Member_enterEmail_password_Dothe_Payment__ExpirationYearIsInvalid_verifyErrorMessage" time="15.062" classname="testscript.Stage_web_new_member_offer"/>
  <system-out/>
  <testcase name="new_Member_enterEmail_password_Dothe_Payment__ExpirationYearIsInvalid_verifyErrorMessage" time="14.023" classname="testscript.Stage_web_new_member_offer">
    <error type="org.openqa.selenium.WebDriverException" message="disconnected: Unable to receive message from renderer
  (Session info: chrome=87.0.4280.66)
Build info: version: &#039;3.141.59&#039;, revision: &#039;e82be7d358&#039;, time: &#039;2018-11-14T08:17:03&#039;
System info: host: &#039;DESKTOP-1819MVE&#039;, ip: &#039;192.168.1.6&#039;, os.name: &#039;Windows 8.1&#039;, os.arch: &#039;amd64&#039;, os.version: &#039;6.3&#039;, java.version: &#039;1.8.0_20-ea&#039;
Driver info: org.openqa.selenium.chrome.ChromeDriver
Capabilities {acceptInsecureCerts: false, browserName: chrome, browserVersion: 87.0.4280.66, chrome: {chromedriverVersion: 87.0.4280.20 (c99e81631faa0..., userDataDir: C:\Users\dell\AppData\Local...}, goog:chromeOptions: {debuggerAddress: localhost:64165}, javascriptEnabled: true, networkConnectionEnabled: false, pageLoadStrategy: normal, platform: WINDOWS, platformName: WINDOWS, proxy: Proxy(), setWindowRect: true, strictFileInteractability: false, timeouts: {implicit: 0, pageLoad: 300000, script: 30000}, unhandledPromptBehavior: dismiss and notify, webauthn:virtualAuthenticators: true}
Session ID: 2dc6a6cfa53a84538a9593c64463f9f1">
      <![CDATA[org.openqa.selenium.WebDriverException: disconnected: Unable to receive message from renderer
  (Session info: chrome=87.0.4280.66)
Build info: version: '3.141.59', revision: 'e82be7d358', time: '2018-11-14T08:17:03'
System info: host: 'DESKTOP-1819MVE', ip: '192.168.1.6', os.name: 'Windows 8.1', os.arch: 'amd64', os.version: '6.3', java.version: '1.8.0_20-ea'
Driver info: org.openqa.selenium.chrome.ChromeDriver
Capabilities {acceptInsecureCerts: false, browserName: chrome, browserVersion: 87.0.4280.66, chrome: {chromedriverVersion: 87.0.4280.20 (c99e81631faa0..., userDataDir: C:\Users\dell\AppData\Local...}, goog:chromeOptions: {debuggerAddress: localhost:64165}, javascriptEnabled: true, networkConnectionEnabled: false, pageLoadStrategy: normal, platform: WINDOWS, platformName: WINDOWS, proxy: Proxy(), setWindowRect: true, strictFileInteractability: false, timeouts: {implicit: 0, pageLoad: 300000, script: 30000}, unhandledPromptBehavior: dismiss and notify, webauthn:virtualAuthenticators: true}
Session ID: 2dc6a6cfa53a84538a9593c64463f9f1
at sun.reflect.NativeConstructorAccessorImpl.newInstance0(Native Method)
at sun.reflect.NativeConstructorAccessorImpl.newInstance(Unknown Source)
at sun.reflect.DelegatingConstructorAccessorImpl.newInstance(Unknown Source)
at java.lang.reflect.Constructor.newInstance(Unknown Source)
at org.openqa.selenium.remote.http.W3CHttpResponseCodec.createException(W3CHttpResponseCodec.java:187)
at org.openqa.selenium.remote.http.W3CHttpResponseCodec.decode(W3CHttpResponseCodec.java:122)
at org.openqa.selenium.remote.http.W3CHttpResponseCodec.decode(W3CHttpResponseCodec.java:49)
at org.openqa.selenium.remote.HttpCommandExecutor.execute(HttpCommandExecutor.java:158)
at org.openqa.selenium.remote.service.DriverCommandExecutor.execute(DriverCommandExecutor.java:83)
at org.openqa.selenium.remote.RemoteWebDriver.execute(RemoteWebDriver.java:552)
at org.openqa.selenium.remote.RemoteWebElement.execute(RemoteWebElement.java:285)
at org.openqa.selenium.remote.RemoteWebElement.sendKeys(RemoteWebElement.java:106)
at sun.reflect.GeneratedMethodAccessor4.invoke(Unknown Source)
at sun.reflect.DelegatingMethodAccessorImpl.invoke(Unknown Source)
at java.lang.reflect.Method.invoke(Unknown Source)
at org.openqa.selenium.support.pagefactory.internal.LocatingElementHandler.invoke(LocatingElementHandler.java:51)
at com.sun.proxy.$Proxy9.sendKeys(Unknown Source)
at pom.Auro_new_member_offer.setMailid(Auro_new_member_offer.java:45)
at testscript.Stage_web_new_member_offer.new_Member_enterEmail_password_Dothe_Payment__ExpirationYearIsInvalid_verifyErrorMessage(Stage_web_new_member_offer.java:340)
at sun.reflect.GeneratedMethodAccessor9.invoke(Unknown Source)
at sun.reflect.DelegatingMethodAccessorImpl.invoke(Unknown Source)
at java.lang.reflect.Method.invoke(Unknown Source)
at org.testng.internal.MethodInvocationHelper.invokeMethod(MethodInvocationHelper.java:132)
at org.testng.internal.TestInvoker.invokeMethod(TestInvoker.java:599)
at org.testng.internal.TestInvoker.invokeTestMethod(TestInvoker.java:174)
at org.testng.internal.MethodRunner.runInSequence(MethodRunner.java:46)
at org.testng.internal.TestInvoker$MethodInvocationAgent.invoke(TestInvoker.java:822)
at org.testng.internal.TestInvoker.invokeTestMethods(TestInvoker.java:147)
at org.testng.internal.TestMethodWorker.invokeTestMethods(TestMethodWorker.java:146)
at org.testng.internal.TestMethodWorker.run(TestMethodWorker.java:128)
at org.testng.TestRunner$$Lambda$51/1810742349.accept(Unknown Source)
at java.util.ArrayList.forEach(Unknown Source)
at org.testng.TestRunner.privateRun(TestRunner.java:764)
at org.testng.TestRunner.run(TestRunner.java:585)
at org.testng.SuiteRunner.runTest(SuiteRunner.java:384)
at org.testng.SuiteRunner.runSequentially(SuiteRunner.java:378)
at org.testng.SuiteRunner.privateRun(SuiteRunner.java:337)
at org.testng.SuiteRunner.run(SuiteRunner.java:286)
at org.testng.SuiteRunnerWorker.runSuite(SuiteRunnerWorker.java:53)
at org.testng.SuiteRunnerWorker.run(SuiteRunnerWorker.java:96)
at org.testng.TestNG.runSuitesSequentially(TestNG.java:1218)
at org.testng.TestNG.runSuitesLocally(TestNG.java:1140)
at org.testng.TestNG.runSuites(TestNG.java:1069)
at org.testng.TestNG.run(TestNG.java:1037)
at org.testng.remote.AbstractRemoteTestNG.run(AbstractRemoteTestNG.java:115)
at org.testng.remote.RemoteTestNG.initAndRun(RemoteTestNG.java:251)
at org.testng.remote.RemoteTestNG.main(RemoteTestNG.java:77)
]]>
    </error>
  </testcase> <!-- new_Member_enterEmail_password_Dothe_Payment__ExpirationYearIsInvalid_verifyErrorMessage -->
  <system-out/>
  <testcase name="new_Member_enterEmail_password_Dothe_Payment__ExpirationYearIsInvalid_verifyErrorMessage" time="14.774" classname="testscript.Stage_web_new_member_offer"/>
  <system-out/>
  <testcase name="new_Member_enterEmail_password_Dothe_Payment__ExpirationYearIsInvalid_verifyErrorMessage" time="14.830" classname="testscript.Stage_web_new_member_offer"/>
  <system-out/>
  <testcase name="new_Member_enterEmail_password_Dothe_Payment__ExpirationYearIsInvalid_verifyErrorMessage" time="14.827" classname="testscript.Stage_web_new_member_offer"/>
  <system-out/>
  <testcase name="new_Member_enterEmail_password_Dothe_Payment__ExpirationYearIsInvalid_verifyErrorMessage" time="14.694" classname="testscript.Stage_web_new_member_offer"/>
  <system-out/>
  <testcase name="new_Member_enterEmail_password_Dothe_Payment__ExpirationYearIsInvalid_verifyErrorMessage" time="14.641" classname="testscript.Stage_web_new_member_offer"/>
  <system-out/>
  <testcase name="new_Member_enterEmail_password_Dothe_Payment__ExpirationYearIsInvalid_verifyErrorMessage" time="14.780" classname="testscript.Stage_web_new_member_offer"/>
  <system-out/>
  <testcase name="new_Member_enterEmail_password_Dothe_Payment__ExpirationYearIsInvalid_verifyErrorMessage" time="15.056" classname="testscript.Stage_web_new_member_offer"/>
  <system-out/>
  <testcase name="new_Member_enterEmail_password_Dothe_Payment__ExpirationYearIsInvalid_verifyErrorMessage" time="14.617" classname="testscript.Stage_web_new_member_offer"/>
  <system-out/>
  <testcase name="new_Member_enterEmail_password_Dothe_Payment__ExpirationYearIsInvalid_verifyErrorMessage" time="15.530" classname="testscript.Stage_web_new_member_offer"/>
  <system-out/>
  <testcase name="new_Member_enterEmail_password_Dothe_Payment__ExpirationYearIsInvalid_verifyErrorMessage" time="14.845" classname="testscript.Stage_web_new_member_offer"/>
  <system-out/>
  <testcase name="new_Member_enterEmail_password_Dothe_Payment__ExpirationYearIsInvalid_verifyErrorMessage" time="15.581" classname="testscript.Stage_web_new_member_offer"/>
  <system-out/>
  <testcase name="new_Member_enterEmail_password_Dothe_Payment__ExpirationYearIsInvalid_verifyErrorMessage" time="15.339" classname="testscript.Stage_web_new_member_offer"/>
  <system-out/>
  <testcase name="new_Member_enterEmail_password_Dothe_Payment__ExpirationYearIsInvalid_verifyErrorMessage" time="15.021" classname="testscript.Stage_web_new_member_offer"/>
  <system-out/>
  <testcase name="new_Member_enterEmail_password_Dothe_Payment__ExpirationYearIsInvalid_verifyErrorMessage" time="14.833" classname="testscript.Stage_web_new_member_offer"/>
  <system-out/>
  <testcase name="new_Member_enterEmail_password_Dothe_Payment__ExpirationYearIsInvalid_verifyErrorMessage" time="14.783" classname="testscript.Stage_web_new_member_offer"/>
  <system-out/>
  <testcase name="new_Member_enterEmail_password_Dothe_Payment__ExpirationYearIsInvalid_verifyErrorMessage" time="15.974" classname="testscript.Stage_web_new_member_offer"/>
  <system-out/>
  <testcase name="new_Member_enterEmail_password_Dothe_Payment__ExpirationYearIsInvalid_verifyErrorMessage" time="15.008" classname="testscript.Stage_web_new_member_offer"/>
  <system-out/>
  <testcase name="new_Member_enterEmail_password_Dothe_Payment__ExpirationYearIsInvalid_verifyErrorMessage" time="14.991" classname="testscript.Stage_web_new_member_offer"/>
  <system-out/>
  <testcase name="new_Member_enterEmail_password_Dothe_Payment__ExpirationYearIsInvalid_verifyErrorMessage" time="14.764" classname="testscript.Stage_web_new_member_offer"/>
  <system-out/>
  <testcase name="new_Member_enterEmail_password_Dothe_Payment__ExpirationYearIsInvalid_verifyErrorMessage" time="15.513" classname="testscript.Stage_web_new_member_offer"/>
  <system-out/>
  <testcase name="new_Member_enterEmail_password_Dothe_Payment__ExpirationYearIsInvalid_verifyErrorMessage" time="14.686" classname="testscript.Stage_web_new_member_offer"/>
  <system-out/>
  <testcase name="new_Member_enterEmail_password_Dothe_Payment__ExpirationYearIsInvalid_verifyErrorMessage" time="14.520" classname="testscript.Stage_web_new_member_offer"/>
  <system-out/>
  <testcase name="new_Member_enterEmail_password_Dothe_Payment__ExpirationYearIsInvalid_verifyErrorMessage" time="14.816" classname="testscript.Stage_web_new_member_offer"/>
  <system-out/>
  <testcase name="new_Member_enterEmail_password_Dothe_Payment__ExpirationYearIsInvalid_verifyErrorMessage" time="14.972" classname="testscript.Stage_web_new_member_offer"/>
  <system-out/>
  <testcase name="new_Member_enterEmail_password_Dothe_Payment__ExpirationYearIsInvalid_verifyErrorMessage" time="15.059" classname="testscript.Stage_web_new_member_offer"/>
  <system-out/>
  <testcase name="new_Member_enterEmail_password_Dothe_Payment__ExpirationYearIsInvalid_verifyErrorMessage" time="14.644" classname="testscript.Stage_web_new_member_offer"/>
  <system-out/>
  <testcase name="new_Member_enterEmail_password_Dothe_Payment__ExpirationYearIsInvalid_verifyErrorMessage" time="14.905" classname="testscript.Stage_web_new_member_offer"/>
  <system-out/>
  <testcase name="new_Member_enterEmail_password_Dothe_Payment__ExpirationYearIsInvalid_verifyErrorMessage" time="16.773" classname="testscript.Stage_web_new_member_offer"/>
  <system-out/>
  <testcase name="new_Member_enterEmail_password_Dothe_Payment__ExpirationYearIsInvalid_verifyErrorMessage" time="14.813" classname="testscript.Stage_web_new_member_offer"/>
  <system-out/>
  <testcase name="new_Member_enterEmail_password_Dothe_Payment__ExpirationYearIsInvalid_verifyErrorMessage" time="15.385" classname="testscript.Stage_web_new_member_offer"/>
  <system-out/>
  <testcase name="new_Member_enterEmail_password_Dothe_Payment__ExpirationYearIsInvalid_verifyErrorMessage" time="17.654" classname="testscript.Stage_web_new_member_offer"/>
  <system-out/>
  <testcase name="new_Member_enterEmail_password_Dothe_Payment__ExpirationYearIsInvalid_verifyErrorMessage" time="14.713" classname="testscript.Stage_web_new_member_offer"/>
  <system-out/>
  <testcase name="new_Member_enterEmail_password_Dothe_Payment__ExpirationYearIsInvalid_verifyErrorMessage" time="15.015" classname="testscript.Stage_web_new_member_offer"/>
  <system-out/>
  <testcase name="new_Member_enterEmail_password_Dothe_Payment__ExpirationYearIsInvalid_verifyErrorMessage" time="14.841" classname="testscript.Stage_web_new_member_offer"/>
  <system-out/>
  <testcase name="new_Member_enterEmail_password_Dothe_Payment__ExpirationYearIsInvalid_verifyErrorMessage" time="14.767" classname="testscript.Stage_web_new_member_offer"/>
  <system-out/>
  <testcase name="new_Member_enterEmail_password_Dothe_Payment__ExpirationYearIsInvalid_verifyErrorMessage" time="15.296" classname="testscript.Stage_web_new_member_offer"/>
  <system-out/>
  <testcase name="new_Member_enterEmail_password_Dothe_Payment__ExpirationYearIsInvalid_verifyErrorMessage" time="14.890" classname="testscript.Stage_web_new_member_offer"/>
  <system-out/>
  <testcase name="new_Member_enterEmail_password_Dothe_Payment__ExpirationYearIsInvalid_verifyErrorMessage" time="15.143" classname="testscript.Stage_web_new_member_offer"/>
  <system-out/>
  <testcase name="new_Member_enterEmail_password_Dothe_Payment__ExpirationYearIsInvalid_verifyErrorMessage" time="18.085" classname="testscript.Stage_web_new_member_offer"/>
  <system-out/>
  <testcase name="new_Member_enterEmail_password_Dothe_Payment__ExpirationYearIsInvalid_verifyErrorMessage" time="14.573" classname="testscript.Stage_web_new_member_offer"/>
  <system-out/>
  <testcase name="new_Member_enterEmail_password_Dothe_Payment__ExpirationYearIsInvalid_verifyErrorMessage" time="14.446" classname="testscript.Stage_web_new_member_offer"/>
  <system-out/>
  <testcase name="new_Member_enterEmail_password_Dothe_Payment__ExpirationYearIsInvalid_verifyErrorMessage" time="14.900" classname="testscript.Stage_web_new_member_offer"/>
  <system-out/>
  <testcase name="new_Member_enterEmail_password_Dothe_Payment__ExpirationYearIsInvalid_verifyErrorMessage" time="14.949" classname="testscript.Stage_web_new_member_offer"/>
  <system-out/>
  <testcase name="new_Member_enterEmail_password_Dothe_Payment__ExpirationYearIsInvalid_verifyErrorMessage" time="15.996" classname="testscript.Stage_web_new_member_offer"/>
  <system-out/>
  <testcase name="new_Member_enterEmail_password_Dothe_Payment__ExpirationYearIsInvalid_verifyErrorMessage" time="16.183" classname="testscript.Stage_web_new_member_offer"/>
  <system-out/>
  <testcase name="new_Member_enterEmail_password_Dothe_Payment__ExpirationYearIsInvalid_verifyErrorMessage" time="14.901" classname="testscript.Stage_web_new_member_offer"/>
  <system-out/>
  <testcase name="new_Member_enterEmail_password_Dothe_Payment__ExpirationYearIsInvalid_verifyErrorMessage" time="15.046" classname="testscript.Stage_web_new_member_offer"/>
  <system-out/>
  <testcase name="new_Member_enterEmail_password_Dothe_Payment__ExpirationYearIsInvalid_verifyErrorMessage" time="15.220" classname="testscript.Stage_web_new_member_offer"/>
  <system-out/>
  <testcase name="new_Member_enterEmail_password_Dothe_Payment__ExpirationYearIsInvalid_verifyErrorMessage" time="15.165" classname="testscript.Stage_web_new_member_offer"/>
  <system-out/>
  <testcase name="new_Member_enterEmail_password_Dothe_Payment__ExpirationYearIsInvalid_verifyErrorMessage" time="14.613" classname="testscript.Stage_web_new_member_offer"/>
  <system-out/>
  <testcase name="new_Member_enterEmail_password_Dothe_Payment__ExpirationYearIsInvalid_verifyErrorMessage" time="14.669" classname="testscript.Stage_web_new_member_offer"/>
  <system-out/>
  <testcase name="new_Member_enterEmail_password_Dothe_Payment__ExpirationYearIsInvalid_verifyErrorMessage" time="15.517" classname="testscript.Stage_web_new_member_offer"/>
  <system-out/>
  <testcase name="new_Member_enterEmail_password_Dothe_Payment__ExpirationYearIsInvalid_verifyErrorMessage" time="14.845" classname="testscript.Stage_web_new_member_offer"/>
  <system-out/>
  <testcase name="new_Member_enterEmail_password_Dothe_Payment__ExpirationYearIsInvalid_verifyErrorMessage" time="15.286" classname="testscript.Stage_web_new_member_offer"/>
  <system-out/>
</testsuite> <!-- testscript.Stage_web_new_member_offer -->
