<?xml version="1.0" encoding="UTF-8"?>
<!-- Generated by org.testng.reporters.JUnitReportReporter -->
<testsuite skipped="0" hostname="DESKTOP-1819MVE" name="testscript.Stage_web_aurofit_Snatch_Login" tests="100" failures="4" timestamp="2020-11-06T18:08:06 IST" time="4072.161" errors="2">
  <testcase name="stage_web_aurofit_Snatch_select_LoseWeight_Beginner_Spin_VALID_LOGIN" time="44.407" classname="testscript.Stage_web_aurofit_Snatch_Login"/>
  <system-out/>
  <testcase name="stage_web_aurofit_Snatch_select_LoseWeight_Beginner_Spin_VALID_LOGIN" time="41.285" classname="testscript.Stage_web_aurofit_Snatch_Login"/>
  <system-out/>
  <testcase name="stage_web_aurofit_Snatch_select_LoseWeight_Beginner_Spin_VALID_LOGIN" time="35.669" classname="testscript.Stage_web_aurofit_Snatch_Login"/>
  <system-out/>
  <testcase name="stage_web_aurofit_Snatch_select_LoseWeight_Beginner_Spin_VALID_LOGIN" time="36.739" classname="testscript.Stage_web_aurofit_Snatch_Login"/>
  <system-out/>
  <testcase name="stage_web_aurofit_Snatch_select_LoseWeight_Beginner_Spin_VALID_LOGIN" time="30.771" classname="testscript.Stage_web_aurofit_Snatch_Login"/>
  <system-out/>
  <testcase name="stage_web_aurofit_Snatch_select_LoseWeight_Beginner_Spin_VALID_LOGIN" time="36.672" classname="testscript.Stage_web_aurofit_Snatch_Login"/>
  <system-out/>
  <testcase name="stage_web_aurofit_Snatch_select_LoseWeight_Beginner_Spin_VALID_LOGIN" time="35.452" classname="testscript.Stage_web_aurofit_Snatch_Login"/>
  <system-out/>
  <testcase name="stage_web_aurofit_Snatch_select_LoseWeight_Beginner_Spin_VALID_LOGIN" time="47.099" classname="testscript.Stage_web_aurofit_Snatch_Login"/>
  <system-out/>
  <testcase name="stage_web_aurofit_Snatch_select_LoseWeight_Beginner_Spin_VALID_LOGIN" time="39.442" classname="testscript.Stage_web_aurofit_Snatch_Login">
    <failure type="junit.framework.ComparisonFailure" message="expected:&lt;...eb.auro.fit/profile/[menu]?mpt=f9c7e6ad53bd304...&gt; but was:&lt;...eb.auro.fit/profile/[account-details]?mpt=f9c7e6ad53bd304...&gt;">
      <![CDATA[junit.framework.ComparisonFailure: expected:<...eb.auro.fit/profile/[menu]?mpt=f9c7e6ad53bd304...> but was:<...eb.auro.fit/profile/[account-details]?mpt=f9c7e6ad53bd304...>
at junit.framework.Assert.assertEquals(Assert.java:100)
at junit.framework.Assert.assertEquals(Assert.java:107)
at testscript.Stage_web_aurofit_Snatch_Login.stage_web_aurofit_Snatch_select_LoseWeight_Beginner_Spin_VALID_LOGIN(Stage_web_aurofit_Snatch_Login.java:57)
at sun.reflect.GeneratedMethodAccessor4.invoke(Unknown Source)
at sun.reflect.DelegatingMethodAccessorImpl.invoke(Unknown Source)
at java.lang.reflect.Method.invoke(Unknown Source)
at org.testng.internal.MethodInvocationHelper.invokeMethod(MethodInvocationHelper.java:132)
at org.testng.internal.TestInvoker.invokeMethod(TestInvoker.java:599)
at org.testng.internal.TestInvoker.invokeTestMethod(TestInvoker.java:174)
at org.testng.internal.MethodRunner.runInSequence(MethodRunner.java:46)
at org.testng.internal.TestInvoker$MethodInvocationAgent.invoke(TestInvoker.java:822)
at org.testng.internal.TestInvoker.invokeTestMethods(TestInvoker.java:147)
at org.testng.internal.TestMethodWorker.invokeTestMethods(TestMethodWorker.java:146)
at org.testng.internal.TestMethodWorker.run(TestMethodWorker.java:128)
at org.testng.TestRunner$$Lambda$51/1765795529.accept(Unknown Source)
at java.util.ArrayList.forEach(Unknown Source)
at org.testng.TestRunner.privateRun(TestRunner.java:764)
at org.testng.TestRunner.run(TestRunner.java:585)
at org.testng.SuiteRunner.runTest(SuiteRunner.java:384)
at org.testng.SuiteRunner.runSequentially(SuiteRunner.java:378)
at org.testng.SuiteRunner.privateRun(SuiteRunner.java:337)
at org.testng.SuiteRunner.run(SuiteRunner.java:286)
at org.testng.SuiteRunnerWorker.runSuite(SuiteRunnerWorker.java:53)
at org.testng.SuiteRunnerWorker.run(SuiteRunnerWorker.java:96)
at org.testng.TestNG.runSuitesSequentially(TestNG.java:1218)
at org.testng.TestNG.runSuitesLocally(TestNG.java:1140)
at org.testng.TestNG.runSuites(TestNG.java:1069)
at org.testng.TestNG.run(TestNG.java:1037)
at org.testng.remote.AbstractRemoteTestNG.run(AbstractRemoteTestNG.java:115)
at org.testng.remote.RemoteTestNG.initAndRun(RemoteTestNG.java:251)
at org.testng.remote.RemoteTestNG.main(RemoteTestNG.java:77)
]]>
    </failure>
  </testcase> <!-- stage_web_aurofit_Snatch_select_LoseWeight_Beginner_Spin_VALID_LOGIN -->
  <system-out/>
  <testcase name="stage_web_aurofit_Snatch_select_LoseWeight_Beginner_Spin_VALID_LOGIN" time="138.916" classname="testscript.Stage_web_aurofit_Snatch_Login">
    <error type="org.openqa.selenium.ElementNotInteractableException" message="element not interactable
  (Session info: chrome=86.0.4240.183)
Build info: version: &#039;3.141.59&#039;, revision: &#039;e82be7d358&#039;, time: &#039;2018-11-14T08:17:03&#039;
System info: host: &#039;DESKTOP-1819MVE&#039;, ip: &#039;192.168.1.3&#039;, os.name: &#039;Windows 8.1&#039;, os.arch: &#039;amd64&#039;, os.version: &#039;6.3&#039;, java.version: &#039;1.8.0_20-ea&#039;
Driver info: org.openqa.selenium.chrome.ChromeDriver
Capabilities {acceptInsecureCerts: false, browserName: chrome, browserVersion: 86.0.4240.183, chrome: {chromedriverVersion: 85.0.4183.87 (cd6713ebf92fa..., userDataDir: C:\Users\dell\AppData\Local...}, goog:chromeOptions: {debuggerAddress: localhost:58163}, javascriptEnabled: true, networkConnectionEnabled: false, pageLoadStrategy: normal, platform: WINDOWS, platformName: WINDOWS, proxy: Proxy(), setWindowRect: true, strictFileInteractability: false, timeouts: {implicit: 0, pageLoad: 300000, script: 30000}, unhandledPromptBehavior: dismiss and notify, webauthn:virtualAuthenticators: true}
Session ID: 2332f7e91c0535c2710b46ea502e891a">
      <![CDATA[org.openqa.selenium.ElementNotInteractableException: element not interactable
  (Session info: chrome=86.0.4240.183)
Build info: version: '3.141.59', revision: 'e82be7d358', time: '2018-11-14T08:17:03'
System info: host: 'DESKTOP-1819MVE', ip: '192.168.1.3', os.name: 'Windows 8.1', os.arch: 'amd64', os.version: '6.3', java.version: '1.8.0_20-ea'
Driver info: org.openqa.selenium.chrome.ChromeDriver
Capabilities {acceptInsecureCerts: false, browserName: chrome, browserVersion: 86.0.4240.183, chrome: {chromedriverVersion: 85.0.4183.87 (cd6713ebf92fa..., userDataDir: C:\Users\dell\AppData\Local...}, goog:chromeOptions: {debuggerAddress: localhost:58163}, javascriptEnabled: true, networkConnectionEnabled: false, pageLoadStrategy: normal, platform: WINDOWS, platformName: WINDOWS, proxy: Proxy(), setWindowRect: true, strictFileInteractability: false, timeouts: {implicit: 0, pageLoad: 300000, script: 30000}, unhandledPromptBehavior: dismiss and notify, webauthn:virtualAuthenticators: true}
Session ID: 2332f7e91c0535c2710b46ea502e891a
at sun.reflect.NativeConstructorAccessorImpl.newInstance0(Native Method)
at sun.reflect.NativeConstructorAccessorImpl.newInstance(Unknown Source)
at sun.reflect.DelegatingConstructorAccessorImpl.newInstance(Unknown Source)
at java.lang.reflect.Constructor.newInstance(Unknown Source)
at org.openqa.selenium.remote.http.W3CHttpResponseCodec.createException(W3CHttpResponseCodec.java:187)
at org.openqa.selenium.remote.http.W3CHttpResponseCodec.decode(W3CHttpResponseCodec.java:122)
at org.openqa.selenium.remote.http.W3CHttpResponseCodec.decode(W3CHttpResponseCodec.java:49)
at org.openqa.selenium.remote.HttpCommandExecutor.execute(HttpCommandExecutor.java:158)
at org.openqa.selenium.remote.service.DriverCommandExecutor.execute(DriverCommandExecutor.java:83)
at org.openqa.selenium.remote.RemoteWebDriver.execute(RemoteWebDriver.java:552)
at org.openqa.selenium.remote.RemoteWebElement.execute(RemoteWebElement.java:285)
at org.openqa.selenium.remote.RemoteWebElement.click(RemoteWebElement.java:84)
at sun.reflect.GeneratedMethodAccessor1.invoke(Unknown Source)
at sun.reflect.DelegatingMethodAccessorImpl.invoke(Unknown Source)
at java.lang.reflect.Method.invoke(Unknown Source)
at org.openqa.selenium.support.pagefactory.internal.LocatingElementHandler.invoke(LocatingElementHandler.java:51)
at com.sun.proxy.$Proxy9.click(Unknown Source)
at pom.Login_Page.clickEmail(Login_Page.java:41)
at testscript.Stage_web_aurofit_Snatch_Login.stage_web_aurofit_Snatch_select_LoseWeight_Beginner_Spin_VALID_LOGIN(Stage_web_aurofit_Snatch_Login.java:48)
at sun.reflect.GeneratedMethodAccessor4.invoke(Unknown Source)
at sun.reflect.DelegatingMethodAccessorImpl.invoke(Unknown Source)
at java.lang.reflect.Method.invoke(Unknown Source)
at org.testng.internal.MethodInvocationHelper.invokeMethod(MethodInvocationHelper.java:132)
at org.testng.internal.TestInvoker.invokeMethod(TestInvoker.java:599)
at org.testng.internal.TestInvoker.invokeTestMethod(TestInvoker.java:174)
at org.testng.internal.MethodRunner.runInSequence(MethodRunner.java:46)
at org.testng.internal.TestInvoker$MethodInvocationAgent.invoke(TestInvoker.java:822)
at org.testng.internal.TestInvoker.invokeTestMethods(TestInvoker.java:147)
at org.testng.internal.TestMethodWorker.invokeTestMethods(TestMethodWorker.java:146)
at org.testng.internal.TestMethodWorker.run(TestMethodWorker.java:128)
at org.testng.TestRunner$$Lambda$51/1765795529.accept(Unknown Source)
at java.util.ArrayList.forEach(Unknown Source)
at org.testng.TestRunner.privateRun(TestRunner.java:764)
at org.testng.TestRunner.run(TestRunner.java:585)
at org.testng.SuiteRunner.runTest(SuiteRunner.java:384)
at org.testng.SuiteRunner.runSequentially(SuiteRunner.java:378)
at org.testng.SuiteRunner.privateRun(SuiteRunner.java:337)
at org.testng.SuiteRunner.run(SuiteRunner.java:286)
at org.testng.SuiteRunnerWorker.runSuite(SuiteRunnerWorker.java:53)
at org.testng.SuiteRunnerWorker.run(SuiteRunnerWorker.java:96)
at org.testng.TestNG.runSuitesSequentially(TestNG.java:1218)
at org.testng.TestNG.runSuitesLocally(TestNG.java:1140)
at org.testng.TestNG.runSuites(TestNG.java:1069)
at org.testng.TestNG.run(TestNG.java:1037)
at org.testng.remote.AbstractRemoteTestNG.run(AbstractRemoteTestNG.java:115)
at org.testng.remote.RemoteTestNG.initAndRun(RemoteTestNG.java:251)
at org.testng.remote.RemoteTestNG.main(RemoteTestNG.java:77)
]]>
    </error>
  </testcase> <!-- stage_web_aurofit_Snatch_select_LoseWeight_Beginner_Spin_VALID_LOGIN -->
  <system-out/>
  <testcase name="stage_web_aurofit_Snatch_select_LoseWeight_Beginner_Spin_VALID_LOGIN" time="41.986" classname="testscript.Stage_web_aurofit_Snatch_Login"/>
  <system-out/>
  <testcase name="stage_web_aurofit_Snatch_select_LoseWeight_Beginner_Spin_VALID_LOGIN" time="56.482" classname="testscript.Stage_web_aurofit_Snatch_Login"/>
  <system-out/>
  <testcase name="stage_web_aurofit_Snatch_select_LoseWeight_Beginner_Spin_VALID_LOGIN" time="30.207" classname="testscript.Stage_web_aurofit_Snatch_Login"/>
  <system-out/>
  <testcase name="stage_web_aurofit_Snatch_select_LoseWeight_Beginner_Spin_VALID_LOGIN" time="40.170" classname="testscript.Stage_web_aurofit_Snatch_Login"/>
  <system-out/>
  <testcase name="stage_web_aurofit_Snatch_select_LoseWeight_Beginner_Spin_VALID_LOGIN" time="36.042" classname="testscript.Stage_web_aurofit_Snatch_Login"/>
  <system-out/>
  <testcase name="stage_web_aurofit_Snatch_select_LoseWeight_Beginner_Spin_VALID_LOGIN" time="33.893" classname="testscript.Stage_web_aurofit_Snatch_Login">
    <failure type="junit.framework.ComparisonFailure" message="expected:&lt;.../stage-web.auro.fit/[snatch-signup/#account]&gt; but was:&lt;.../stage-web.auro.fit/[profile/account-details?mpt=f9c7e6ad53bd304ee4ec3a9dc1354509c09f09deef2e98c00fa77e99e9177b05]&gt;">
      <![CDATA[junit.framework.ComparisonFailure: expected:<.../stage-web.auro.fit/[snatch-signup/#account]> but was:<.../stage-web.auro.fit/[profile/account-details?mpt=f9c7e6ad53bd304ee4ec3a9dc1354509c09f09deef2e98c00fa77e99e9177b05]>
at junit.framework.Assert.assertEquals(Assert.java:100)
at junit.framework.Assert.assertEquals(Assert.java:107)
at testscript.Stage_web_aurofit_Snatch_Login.stage_web_aurofit_Snatch_select_LoseWeight_Beginner_Spin_VALID_LOGIN(Stage_web_aurofit_Snatch_Login.java:57)
at sun.reflect.GeneratedMethodAccessor4.invoke(Unknown Source)
at sun.reflect.DelegatingMethodAccessorImpl.invoke(Unknown Source)
at java.lang.reflect.Method.invoke(Unknown Source)
at org.testng.internal.MethodInvocationHelper.invokeMethod(MethodInvocationHelper.java:132)
at org.testng.internal.TestInvoker.invokeMethod(TestInvoker.java:599)
at org.testng.internal.TestInvoker.invokeTestMethod(TestInvoker.java:174)
at org.testng.internal.MethodRunner.runInSequence(MethodRunner.java:46)
at org.testng.internal.TestInvoker$MethodInvocationAgent.invoke(TestInvoker.java:822)
at org.testng.internal.TestInvoker.invokeTestMethods(TestInvoker.java:147)
at org.testng.internal.TestMethodWorker.invokeTestMethods(TestMethodWorker.java:146)
at org.testng.internal.TestMethodWorker.run(TestMethodWorker.java:128)
at org.testng.TestRunner$$Lambda$51/1765795529.accept(Unknown Source)
at java.util.ArrayList.forEach(Unknown Source)
at org.testng.TestRunner.privateRun(TestRunner.java:764)
at org.testng.TestRunner.run(TestRunner.java:585)
at org.testng.SuiteRunner.runTest(SuiteRunner.java:384)
at org.testng.SuiteRunner.runSequentially(SuiteRunner.java:378)
at org.testng.SuiteRunner.privateRun(SuiteRunner.java:337)
at org.testng.SuiteRunner.run(SuiteRunner.java:286)
at org.testng.SuiteRunnerWorker.runSuite(SuiteRunnerWorker.java:53)
at org.testng.SuiteRunnerWorker.run(SuiteRunnerWorker.java:96)
at org.testng.TestNG.runSuitesSequentially(TestNG.java:1218)
at org.testng.TestNG.runSuitesLocally(TestNG.java:1140)
at org.testng.TestNG.runSuites(TestNG.java:1069)
at org.testng.TestNG.run(TestNG.java:1037)
at org.testng.remote.AbstractRemoteTestNG.run(AbstractRemoteTestNG.java:115)
at org.testng.remote.RemoteTestNG.initAndRun(RemoteTestNG.java:251)
at org.testng.remote.RemoteTestNG.main(RemoteTestNG.java:77)
]]>
    </failure>
  </testcase> <!-- stage_web_aurofit_Snatch_select_LoseWeight_Beginner_Spin_VALID_LOGIN -->
  <system-out/>
  <testcase name="stage_web_aurofit_Snatch_select_LoseWeight_Beginner_Spin_VALID_LOGIN" time="43.569" classname="testscript.Stage_web_aurofit_Snatch_Login"/>
  <system-out/>
  <testcase name="stage_web_aurofit_Snatch_select_LoseWeight_Beginner_Spin_VALID_LOGIN" time="161.682" classname="testscript.Stage_web_aurofit_Snatch_Login"/>
  <system-out/>
  <testcase name="stage_web_aurofit_Snatch_select_LoseWeight_Beginner_Spin_VALID_LOGIN" time="35.858" classname="testscript.Stage_web_aurofit_Snatch_Login"/>
  <system-out/>
  <testcase name="stage_web_aurofit_Snatch_select_LoseWeight_Beginner_Spin_VALID_LOGIN" time="30.796" classname="testscript.Stage_web_aurofit_Snatch_Login"/>
  <system-out/>
  <testcase name="stage_web_aurofit_Snatch_select_LoseWeight_Beginner_Spin_VALID_LOGIN" time="35.830" classname="testscript.Stage_web_aurofit_Snatch_Login"/>
  <system-out/>
  <testcase name="stage_web_aurofit_Snatch_select_LoseWeight_Beginner_Spin_VALID_LOGIN" time="36.260" classname="testscript.Stage_web_aurofit_Snatch_Login"/>
  <system-out/>
  <testcase name="stage_web_aurofit_Snatch_select_LoseWeight_Beginner_Spin_VALID_LOGIN" time="36.704" classname="testscript.Stage_web_aurofit_Snatch_Login"/>
  <system-out/>
  <testcase name="stage_web_aurofit_Snatch_select_LoseWeight_Beginner_Spin_VALID_LOGIN" time="54.188" classname="testscript.Stage_web_aurofit_Snatch_Login"/>
  <system-out/>
  <testcase name="stage_web_aurofit_Snatch_select_LoseWeight_Beginner_Spin_VALID_LOGIN" time="36.574" classname="testscript.Stage_web_aurofit_Snatch_Login"/>
  <system-out/>
  <testcase name="stage_web_aurofit_Snatch_select_LoseWeight_Beginner_Spin_VALID_LOGIN" time="36.029" classname="testscript.Stage_web_aurofit_Snatch_Login"/>
  <system-out/>
  <testcase name="stage_web_aurofit_Snatch_select_LoseWeight_Beginner_Spin_VALID_LOGIN" time="37.246" classname="testscript.Stage_web_aurofit_Snatch_Login"/>
  <system-out/>
  <testcase name="stage_web_aurofit_Snatch_select_LoseWeight_Beginner_Spin_VALID_LOGIN" time="36.230" classname="testscript.Stage_web_aurofit_Snatch_Login"/>
  <system-out/>
  <testcase name="stage_web_aurofit_Snatch_select_LoseWeight_Beginner_Spin_VALID_LOGIN" time="36.483" classname="testscript.Stage_web_aurofit_Snatch_Login"/>
  <system-out/>
  <testcase name="stage_web_aurofit_Snatch_select_LoseWeight_Beginner_Spin_VALID_LOGIN" time="39.736" classname="testscript.Stage_web_aurofit_Snatch_Login"/>
  <system-out/>
  <testcase name="stage_web_aurofit_Snatch_select_LoseWeight_Beginner_Spin_VALID_LOGIN" time="31.705" classname="testscript.Stage_web_aurofit_Snatch_Login"/>
  <system-out/>
  <testcase name="stage_web_aurofit_Snatch_select_LoseWeight_Beginner_Spin_VALID_LOGIN" time="35.429" classname="testscript.Stage_web_aurofit_Snatch_Login"/>
  <system-out/>
  <testcase name="stage_web_aurofit_Snatch_select_LoseWeight_Beginner_Spin_VALID_LOGIN" time="29.680" classname="testscript.Stage_web_aurofit_Snatch_Login"/>
  <system-out/>
  <testcase name="stage_web_aurofit_Snatch_select_LoseWeight_Beginner_Spin_VALID_LOGIN" time="38.108" classname="testscript.Stage_web_aurofit_Snatch_Login"/>
  <system-out/>
  <testcase name="stage_web_aurofit_Snatch_select_LoseWeight_Beginner_Spin_VALID_LOGIN" time="33.968" classname="testscript.Stage_web_aurofit_Snatch_Login"/>
  <system-out/>
  <testcase name="stage_web_aurofit_Snatch_select_LoseWeight_Beginner_Spin_VALID_LOGIN" time="35.178" classname="testscript.Stage_web_aurofit_Snatch_Login"/>
  <system-out/>
  <testcase name="stage_web_aurofit_Snatch_select_LoseWeight_Beginner_Spin_VALID_LOGIN" time="44.028" classname="testscript.Stage_web_aurofit_Snatch_Login"/>
  <system-out/>
  <testcase name="stage_web_aurofit_Snatch_select_LoseWeight_Beginner_Spin_VALID_LOGIN" time="46.440" classname="testscript.Stage_web_aurofit_Snatch_Login"/>
  <system-out/>
  <testcase name="stage_web_aurofit_Snatch_select_LoseWeight_Beginner_Spin_VALID_LOGIN" time="31.090" classname="testscript.Stage_web_aurofit_Snatch_Login"/>
  <system-out/>
  <testcase name="stage_web_aurofit_Snatch_select_LoseWeight_Beginner_Spin_VALID_LOGIN" time="34.973" classname="testscript.Stage_web_aurofit_Snatch_Login"/>
  <system-out/>
  <testcase name="stage_web_aurofit_Snatch_select_LoseWeight_Beginner_Spin_VALID_LOGIN" time="35.323" classname="testscript.Stage_web_aurofit_Snatch_Login"/>
  <system-out/>
  <testcase name="stage_web_aurofit_Snatch_select_LoseWeight_Beginner_Spin_VALID_LOGIN" time="34.391" classname="testscript.Stage_web_aurofit_Snatch_Login"/>
  <system-out/>
  <testcase name="stage_web_aurofit_Snatch_select_LoseWeight_Beginner_Spin_VALID_LOGIN" time="33.654" classname="testscript.Stage_web_aurofit_Snatch_Login"/>
  <system-out/>
  <testcase name="stage_web_aurofit_Snatch_select_LoseWeight_Beginner_Spin_VALID_LOGIN" time="50.205" classname="testscript.Stage_web_aurofit_Snatch_Login"/>
  <system-out/>
  <testcase name="stage_web_aurofit_Snatch_select_LoseWeight_Beginner_Spin_VALID_LOGIN" time="36.141" classname="testscript.Stage_web_aurofit_Snatch_Login"/>
  <system-out/>
  <testcase name="stage_web_aurofit_Snatch_select_LoseWeight_Beginner_Spin_VALID_LOGIN" time="40.891" classname="testscript.Stage_web_aurofit_Snatch_Login"/>
  <system-out/>
  <testcase name="stage_web_aurofit_Snatch_select_LoseWeight_Beginner_Spin_VALID_LOGIN" time="33.615" classname="testscript.Stage_web_aurofit_Snatch_Login"/>
  <system-out/>
  <testcase name="stage_web_aurofit_Snatch_select_LoseWeight_Beginner_Spin_VALID_LOGIN" time="46.571" classname="testscript.Stage_web_aurofit_Snatch_Login"/>
  <system-out/>
  <testcase name="stage_web_aurofit_Snatch_select_LoseWeight_Beginner_Spin_VALID_LOGIN" time="50.263" classname="testscript.Stage_web_aurofit_Snatch_Login"/>
  <system-out/>
  <testcase name="stage_web_aurofit_Snatch_select_LoseWeight_Beginner_Spin_VALID_LOGIN" time="96.945" classname="testscript.Stage_web_aurofit_Snatch_Login"/>
  <system-out/>
  <testcase name="stage_web_aurofit_Snatch_select_LoseWeight_Beginner_Spin_VALID_LOGIN" time="37.706" classname="testscript.Stage_web_aurofit_Snatch_Login"/>
  <system-out/>
  <testcase name="stage_web_aurofit_Snatch_select_LoseWeight_Beginner_Spin_VALID_LOGIN" time="30.993" classname="testscript.Stage_web_aurofit_Snatch_Login"/>
  <system-out/>
  <testcase name="stage_web_aurofit_Snatch_select_LoseWeight_Beginner_Spin_VALID_LOGIN" time="36.119" classname="testscript.Stage_web_aurofit_Snatch_Login"/>
  <system-out/>
  <testcase name="stage_web_aurofit_Snatch_select_LoseWeight_Beginner_Spin_VALID_LOGIN" time="31.042" classname="testscript.Stage_web_aurofit_Snatch_Login"/>
  <system-out/>
  <testcase name="stage_web_aurofit_Snatch_select_LoseWeight_Beginner_Spin_VALID_LOGIN" time="38.217" classname="testscript.Stage_web_aurofit_Snatch_Login">
    <error type="org.openqa.selenium.ElementNotInteractableException" message="element not interactable
  (Session info: chrome=86.0.4240.183)
Build info: version: &#039;3.141.59&#039;, revision: &#039;e82be7d358&#039;, time: &#039;2018-11-14T08:17:03&#039;
System info: host: &#039;DESKTOP-1819MVE&#039;, ip: &#039;192.168.1.3&#039;, os.name: &#039;Windows 8.1&#039;, os.arch: &#039;amd64&#039;, os.version: &#039;6.3&#039;, java.version: &#039;1.8.0_20-ea&#039;
Driver info: org.openqa.selenium.chrome.ChromeDriver
Capabilities {acceptInsecureCerts: false, browserName: chrome, browserVersion: 86.0.4240.183, chrome: {chromedriverVersion: 85.0.4183.87 (cd6713ebf92fa..., userDataDir: C:\Users\dell\AppData\Local...}, goog:chromeOptions: {debuggerAddress: localhost:56434}, javascriptEnabled: true, networkConnectionEnabled: false, pageLoadStrategy: normal, platform: WINDOWS, platformName: WINDOWS, proxy: Proxy(), setWindowRect: true, strictFileInteractability: false, timeouts: {implicit: 0, pageLoad: 300000, script: 30000}, unhandledPromptBehavior: dismiss and notify, webauthn:virtualAuthenticators: true}
Session ID: c94a868f70655704cadc6ea6e61af0cf">
      <![CDATA[org.openqa.selenium.ElementNotInteractableException: element not interactable
  (Session info: chrome=86.0.4240.183)
Build info: version: '3.141.59', revision: 'e82be7d358', time: '2018-11-14T08:17:03'
System info: host: 'DESKTOP-1819MVE', ip: '192.168.1.3', os.name: 'Windows 8.1', os.arch: 'amd64', os.version: '6.3', java.version: '1.8.0_20-ea'
Driver info: org.openqa.selenium.chrome.ChromeDriver
Capabilities {acceptInsecureCerts: false, browserName: chrome, browserVersion: 86.0.4240.183, chrome: {chromedriverVersion: 85.0.4183.87 (cd6713ebf92fa..., userDataDir: C:\Users\dell\AppData\Local...}, goog:chromeOptions: {debuggerAddress: localhost:56434}, javascriptEnabled: true, networkConnectionEnabled: false, pageLoadStrategy: normal, platform: WINDOWS, platformName: WINDOWS, proxy: Proxy(), setWindowRect: true, strictFileInteractability: false, timeouts: {implicit: 0, pageLoad: 300000, script: 30000}, unhandledPromptBehavior: dismiss and notify, webauthn:virtualAuthenticators: true}
Session ID: c94a868f70655704cadc6ea6e61af0cf
at sun.reflect.NativeConstructorAccessorImpl.newInstance0(Native Method)
at sun.reflect.NativeConstructorAccessorImpl.newInstance(Unknown Source)
at sun.reflect.DelegatingConstructorAccessorImpl.newInstance(Unknown Source)
at java.lang.reflect.Constructor.newInstance(Unknown Source)
at org.openqa.selenium.remote.http.W3CHttpResponseCodec.createException(W3CHttpResponseCodec.java:187)
at org.openqa.selenium.remote.http.W3CHttpResponseCodec.decode(W3CHttpResponseCodec.java:122)
at org.openqa.selenium.remote.http.W3CHttpResponseCodec.decode(W3CHttpResponseCodec.java:49)
at org.openqa.selenium.remote.HttpCommandExecutor.execute(HttpCommandExecutor.java:158)
at org.openqa.selenium.remote.service.DriverCommandExecutor.execute(DriverCommandExecutor.java:83)
at org.openqa.selenium.remote.RemoteWebDriver.execute(RemoteWebDriver.java:552)
at org.openqa.selenium.remote.RemoteWebElement.execute(RemoteWebElement.java:285)
at org.openqa.selenium.remote.RemoteWebElement.click(RemoteWebElement.java:84)
at sun.reflect.GeneratedMethodAccessor1.invoke(Unknown Source)
at sun.reflect.DelegatingMethodAccessorImpl.invoke(Unknown Source)
at java.lang.reflect.Method.invoke(Unknown Source)
at org.openqa.selenium.support.pagefactory.internal.LocatingElementHandler.invoke(LocatingElementHandler.java:51)
at com.sun.proxy.$Proxy9.click(Unknown Source)
at pom.Auro_Level_Page.selectBeginner(Auro_Level_Page.java:23)
at testscript.Stage_web_aurofit_Snatch_Login.stage_web_aurofit_Snatch_select_LoseWeight_Beginner_Spin_VALID_LOGIN(Stage_web_aurofit_Snatch_Login.java:34)
at sun.reflect.GeneratedMethodAccessor4.invoke(Unknown Source)
at sun.reflect.DelegatingMethodAccessorImpl.invoke(Unknown Source)
at java.lang.reflect.Method.invoke(Unknown Source)
at org.testng.internal.MethodInvocationHelper.invokeMethod(MethodInvocationHelper.java:132)
at org.testng.internal.TestInvoker.invokeMethod(TestInvoker.java:599)
at org.testng.internal.TestInvoker.invokeTestMethod(TestInvoker.java:174)
at org.testng.internal.MethodRunner.runInSequence(MethodRunner.java:46)
at org.testng.internal.TestInvoker$MethodInvocationAgent.invoke(TestInvoker.java:822)
at org.testng.internal.TestInvoker.invokeTestMethods(TestInvoker.java:147)
at org.testng.internal.TestMethodWorker.invokeTestMethods(TestMethodWorker.java:146)
at org.testng.internal.TestMethodWorker.run(TestMethodWorker.java:128)
at org.testng.TestRunner$$Lambda$51/1765795529.accept(Unknown Source)
at java.util.ArrayList.forEach(Unknown Source)
at org.testng.TestRunner.privateRun(TestRunner.java:764)
at org.testng.TestRunner.run(TestRunner.java:585)
at org.testng.SuiteRunner.runTest(SuiteRunner.java:384)
at org.testng.SuiteRunner.runSequentially(SuiteRunner.java:378)
at org.testng.SuiteRunner.privateRun(SuiteRunner.java:337)
at org.testng.SuiteRunner.run(SuiteRunner.java:286)
at org.testng.SuiteRunnerWorker.runSuite(SuiteRunnerWorker.java:53)
at org.testng.SuiteRunnerWorker.run(SuiteRunnerWorker.java:96)
at org.testng.TestNG.runSuitesSequentially(TestNG.java:1218)
at org.testng.TestNG.runSuitesLocally(TestNG.java:1140)
at org.testng.TestNG.runSuites(TestNG.java:1069)
at org.testng.TestNG.run(TestNG.java:1037)
at org.testng.remote.AbstractRemoteTestNG.run(AbstractRemoteTestNG.java:115)
at org.testng.remote.RemoteTestNG.initAndRun(RemoteTestNG.java:251)
at org.testng.remote.RemoteTestNG.main(RemoteTestNG.java:77)
]]>
    </error>
  </testcase> <!-- stage_web_aurofit_Snatch_select_LoseWeight_Beginner_Spin_VALID_LOGIN -->
  <system-out/>
  <testcase name="stage_web_aurofit_Snatch_select_LoseWeight_Beginner_Spin_VALID_LOGIN" time="33.007" classname="testscript.Stage_web_aurofit_Snatch_Login"/>
  <system-out/>
  <testcase name="stage_web_aurofit_Snatch_select_LoseWeight_Beginner_Spin_VALID_LOGIN" time="36.696" classname="testscript.Stage_web_aurofit_Snatch_Login"/>
  <system-out/>
  <testcase name="stage_web_aurofit_Snatch_select_LoseWeight_Beginner_Spin_VALID_LOGIN" time="37.301" classname="testscript.Stage_web_aurofit_Snatch_Login">
    <failure type="junit.framework.ComparisonFailure" message="expected:&lt;.../stage-web.auro.fit/[snatch-signup/#account]&gt; but was:&lt;.../stage-web.auro.fit/[profile/account-details?mpt=f9c7e6ad53bd304ee4ec3a9dc1354509c09f09deef2e98c00fa77e99e9177b05]&gt;">
      <![CDATA[junit.framework.ComparisonFailure: expected:<.../stage-web.auro.fit/[snatch-signup/#account]> but was:<.../stage-web.auro.fit/[profile/account-details?mpt=f9c7e6ad53bd304ee4ec3a9dc1354509c09f09deef2e98c00fa77e99e9177b05]>
at junit.framework.Assert.assertEquals(Assert.java:100)
at junit.framework.Assert.assertEquals(Assert.java:107)
at testscript.Stage_web_aurofit_Snatch_Login.stage_web_aurofit_Snatch_select_LoseWeight_Beginner_Spin_VALID_LOGIN(Stage_web_aurofit_Snatch_Login.java:57)
at sun.reflect.GeneratedMethodAccessor4.invoke(Unknown Source)
at sun.reflect.DelegatingMethodAccessorImpl.invoke(Unknown Source)
at java.lang.reflect.Method.invoke(Unknown Source)
at org.testng.internal.MethodInvocationHelper.invokeMethod(MethodInvocationHelper.java:132)
at org.testng.internal.TestInvoker.invokeMethod(TestInvoker.java:599)
at org.testng.internal.TestInvoker.invokeTestMethod(TestInvoker.java:174)
at org.testng.internal.MethodRunner.runInSequence(MethodRunner.java:46)
at org.testng.internal.TestInvoker$MethodInvocationAgent.invoke(TestInvoker.java:822)
at org.testng.internal.TestInvoker.invokeTestMethods(TestInvoker.java:147)
at org.testng.internal.TestMethodWorker.invokeTestMethods(TestMethodWorker.java:146)
at org.testng.internal.TestMethodWorker.run(TestMethodWorker.java:128)
at org.testng.TestRunner$$Lambda$51/1765795529.accept(Unknown Source)
at java.util.ArrayList.forEach(Unknown Source)
at org.testng.TestRunner.privateRun(TestRunner.java:764)
at org.testng.TestRunner.run(TestRunner.java:585)
at org.testng.SuiteRunner.runTest(SuiteRunner.java:384)
at org.testng.SuiteRunner.runSequentially(SuiteRunner.java:378)
at org.testng.SuiteRunner.privateRun(SuiteRunner.java:337)
at org.testng.SuiteRunner.run(SuiteRunner.java:286)
at org.testng.SuiteRunnerWorker.runSuite(SuiteRunnerWorker.java:53)
at org.testng.SuiteRunnerWorker.run(SuiteRunnerWorker.java:96)
at org.testng.TestNG.runSuitesSequentially(TestNG.java:1218)
at org.testng.TestNG.runSuitesLocally(TestNG.java:1140)
at org.testng.TestNG.runSuites(TestNG.java:1069)
at org.testng.TestNG.run(TestNG.java:1037)
at org.testng.remote.AbstractRemoteTestNG.run(AbstractRemoteTestNG.java:115)
at org.testng.remote.RemoteTestNG.initAndRun(RemoteTestNG.java:251)
at org.testng.remote.RemoteTestNG.main(RemoteTestNG.java:77)
]]>
    </failure>
  </testcase> <!-- stage_web_aurofit_Snatch_select_LoseWeight_Beginner_Spin_VALID_LOGIN -->
  <system-out/>
  <testcase name="stage_web_aurofit_Snatch_select_LoseWeight_Beginner_Spin_VALID_LOGIN" time="30.727" classname="testscript.Stage_web_aurofit_Snatch_Login"/>
  <system-out/>
  <testcase name="stage_web_aurofit_Snatch_select_LoseWeight_Beginner_Spin_VALID_LOGIN" time="36.796" classname="testscript.Stage_web_aurofit_Snatch_Login"/>
  <system-out/>
  <testcase name="stage_web_aurofit_Snatch_select_LoseWeight_Beginner_Spin_VALID_LOGIN" time="37.727" classname="testscript.Stage_web_aurofit_Snatch_Login"/>
  <system-out/>
  <testcase name="stage_web_aurofit_Snatch_select_LoseWeight_Beginner_Spin_VALID_LOGIN" time="43.276" classname="testscript.Stage_web_aurofit_Snatch_Login">
    <failure type="junit.framework.ComparisonFailure" message="expected:&lt;.../stage-web.auro.fit/[snatch-signup/#account]&gt; but was:&lt;.../stage-web.auro.fit/[profile/account-details?mpt=f9c7e6ad53bd304ee4ec3a9dc1354509c09f09deef2e98c00fa77e99e9177b05]&gt;">
      <![CDATA[junit.framework.ComparisonFailure: expected:<.../stage-web.auro.fit/[snatch-signup/#account]> but was:<.../stage-web.auro.fit/[profile/account-details?mpt=f9c7e6ad53bd304ee4ec3a9dc1354509c09f09deef2e98c00fa77e99e9177b05]>
at junit.framework.Assert.assertEquals(Assert.java:100)
at junit.framework.Assert.assertEquals(Assert.java:107)
at testscript.Stage_web_aurofit_Snatch_Login.stage_web_aurofit_Snatch_select_LoseWeight_Beginner_Spin_VALID_LOGIN(Stage_web_aurofit_Snatch_Login.java:57)
at sun.reflect.GeneratedMethodAccessor4.invoke(Unknown Source)
at sun.reflect.DelegatingMethodAccessorImpl.invoke(Unknown Source)
at java.lang.reflect.Method.invoke(Unknown Source)
at org.testng.internal.MethodInvocationHelper.invokeMethod(MethodInvocationHelper.java:132)
at org.testng.internal.TestInvoker.invokeMethod(TestInvoker.java:599)
at org.testng.internal.TestInvoker.invokeTestMethod(TestInvoker.java:174)
at org.testng.internal.MethodRunner.runInSequence(MethodRunner.java:46)
at org.testng.internal.TestInvoker$MethodInvocationAgent.invoke(TestInvoker.java:822)
at org.testng.internal.TestInvoker.invokeTestMethods(TestInvoker.java:147)
at org.testng.internal.TestMethodWorker.invokeTestMethods(TestMethodWorker.java:146)
at org.testng.internal.TestMethodWorker.run(TestMethodWorker.java:128)
at org.testng.TestRunner$$Lambda$51/1765795529.accept(Unknown Source)
at java.util.ArrayList.forEach(Unknown Source)
at org.testng.TestRunner.privateRun(TestRunner.java:764)
at org.testng.TestRunner.run(TestRunner.java:585)
at org.testng.SuiteRunner.runTest(SuiteRunner.java:384)
at org.testng.SuiteRunner.runSequentially(SuiteRunner.java:378)
at org.testng.SuiteRunner.privateRun(SuiteRunner.java:337)
at org.testng.SuiteRunner.run(SuiteRunner.java:286)
at org.testng.SuiteRunnerWorker.runSuite(SuiteRunnerWorker.java:53)
at org.testng.SuiteRunnerWorker.run(SuiteRunnerWorker.java:96)
at org.testng.TestNG.runSuitesSequentially(TestNG.java:1218)
at org.testng.TestNG.runSuitesLocally(TestNG.java:1140)
at org.testng.TestNG.runSuites(TestNG.java:1069)
at org.testng.TestNG.run(TestNG.java:1037)
at org.testng.remote.AbstractRemoteTestNG.run(AbstractRemoteTestNG.java:115)
at org.testng.remote.RemoteTestNG.initAndRun(RemoteTestNG.java:251)
at org.testng.remote.RemoteTestNG.main(RemoteTestNG.java:77)
]]>
    </failure>
  </testcase> <!-- stage_web_aurofit_Snatch_select_LoseWeight_Beginner_Spin_VALID_LOGIN -->
  <system-out/>
  <testcase name="stage_web_aurofit_Snatch_select_LoseWeight_Beginner_Spin_VALID_LOGIN" time="34.525" classname="testscript.Stage_web_aurofit_Snatch_Login"/>
  <system-out/>
  <testcase name="stage_web_aurofit_Snatch_select_LoseWeight_Beginner_Spin_VALID_LOGIN" time="36.198" classname="testscript.Stage_web_aurofit_Snatch_Login"/>
  <system-out/>
  <testcase name="stage_web_aurofit_Snatch_select_LoseWeight_Beginner_Spin_VALID_LOGIN" time="36.173" classname="testscript.Stage_web_aurofit_Snatch_Login"/>
  <system-out/>
  <testcase name="stage_web_aurofit_Snatch_select_LoseWeight_Beginner_Spin_VALID_LOGIN" time="39.122" classname="testscript.Stage_web_aurofit_Snatch_Login"/>
  <system-out/>
  <testcase name="stage_web_aurofit_Snatch_select_LoseWeight_Beginner_Spin_VALID_LOGIN" time="59.435" classname="testscript.Stage_web_aurofit_Snatch_Login"/>
  <system-out/>
  <testcase name="stage_web_aurofit_Snatch_select_LoseWeight_Beginner_Spin_VALID_LOGIN" time="38.009" classname="testscript.Stage_web_aurofit_Snatch_Login"/>
  <system-out/>
  <testcase name="stage_web_aurofit_Snatch_select_LoseWeight_Beginner_Spin_VALID_LOGIN" time="77.159" classname="testscript.Stage_web_aurofit_Snatch_Login"/>
  <system-out/>
  <testcase name="stage_web_aurofit_Snatch_select_LoseWeight_Beginner_Spin_VALID_LOGIN" time="29.870" classname="testscript.Stage_web_aurofit_Snatch_Login"/>
  <system-out/>
  <testcase name="stage_web_aurofit_Snatch_select_LoseWeight_Beginner_Spin_VALID_LOGIN" time="44.884" classname="testscript.Stage_web_aurofit_Snatch_Login"/>
  <system-out/>
  <testcase name="stage_web_aurofit_Snatch_select_LoseWeight_Beginner_Spin_VALID_LOGIN" time="30.903" classname="testscript.Stage_web_aurofit_Snatch_Login"/>
  <system-out/>
  <testcase name="stage_web_aurofit_Snatch_select_LoseWeight_Beginner_Spin_VALID_LOGIN" time="41.594" classname="testscript.Stage_web_aurofit_Snatch_Login"/>
  <system-out/>
  <testcase name="stage_web_aurofit_Snatch_select_LoseWeight_Beginner_Spin_VALID_LOGIN" time="29.773" classname="testscript.Stage_web_aurofit_Snatch_Login"/>
  <system-out/>
  <testcase name="stage_web_aurofit_Snatch_select_LoseWeight_Beginner_Spin_VALID_LOGIN" time="32.813" classname="testscript.Stage_web_aurofit_Snatch_Login"/>
  <system-out/>
  <testcase name="stage_web_aurofit_Snatch_select_LoseWeight_Beginner_Spin_VALID_LOGIN" time="35.340" classname="testscript.Stage_web_aurofit_Snatch_Login"/>
  <system-out/>
  <testcase name="stage_web_aurofit_Snatch_select_LoseWeight_Beginner_Spin_VALID_LOGIN" time="36.635" classname="testscript.Stage_web_aurofit_Snatch_Login"/>
  <system-out/>
  <testcase name="stage_web_aurofit_Snatch_select_LoseWeight_Beginner_Spin_VALID_LOGIN" time="36.527" classname="testscript.Stage_web_aurofit_Snatch_Login"/>
  <system-out/>
  <testcase name="stage_web_aurofit_Snatch_select_LoseWeight_Beginner_Spin_VALID_LOGIN" time="36.591" classname="testscript.Stage_web_aurofit_Snatch_Login"/>
  <system-out/>
  <testcase name="stage_web_aurofit_Snatch_select_LoseWeight_Beginner_Spin_VALID_LOGIN" time="33.850" classname="testscript.Stage_web_aurofit_Snatch_Login"/>
  <system-out/>
  <testcase name="stage_web_aurofit_Snatch_select_LoseWeight_Beginner_Spin_VALID_LOGIN" time="39.726" classname="testscript.Stage_web_aurofit_Snatch_Login"/>
  <system-out/>
  <testcase name="stage_web_aurofit_Snatch_select_LoseWeight_Beginner_Spin_VALID_LOGIN" time="32.336" classname="testscript.Stage_web_aurofit_Snatch_Login"/>
  <system-out/>
  <testcase name="stage_web_aurofit_Snatch_select_LoseWeight_Beginner_Spin_VALID_LOGIN" time="35.112" classname="testscript.Stage_web_aurofit_Snatch_Login"/>
  <system-out/>
  <testcase name="stage_web_aurofit_Snatch_select_LoseWeight_Beginner_Spin_VALID_LOGIN" time="32.047" classname="testscript.Stage_web_aurofit_Snatch_Login"/>
  <system-out/>
  <testcase name="stage_web_aurofit_Snatch_select_LoseWeight_Beginner_Spin_VALID_LOGIN" time="35.476" classname="testscript.Stage_web_aurofit_Snatch_Login"/>
  <system-out/>
  <testcase name="stage_web_aurofit_Snatch_select_LoseWeight_Beginner_Spin_VALID_LOGIN" time="35.234" classname="testscript.Stage_web_aurofit_Snatch_Login"/>
  <system-out/>
  <testcase name="stage_web_aurofit_Snatch_select_LoseWeight_Beginner_Spin_VALID_LOGIN" time="70.611" classname="testscript.Stage_web_aurofit_Snatch_Login"/>
  <system-out/>
  <testcase name="stage_web_aurofit_Snatch_select_LoseWeight_Beginner_Spin_VALID_LOGIN" time="34.835" classname="testscript.Stage_web_aurofit_Snatch_Login"/>
  <system-out/>
  <testcase name="stage_web_aurofit_Snatch_select_LoseWeight_Beginner_Spin_VALID_LOGIN" time="35.241" classname="testscript.Stage_web_aurofit_Snatch_Login"/>
  <system-out/>
  <testcase name="stage_web_aurofit_Snatch_select_LoseWeight_Beginner_Spin_VALID_LOGIN" time="30.568" classname="testscript.Stage_web_aurofit_Snatch_Login"/>
  <system-out/>
  <testcase name="stage_web_aurofit_Snatch_select_LoseWeight_Beginner_Spin_VALID_LOGIN" time="33.383" classname="testscript.Stage_web_aurofit_Snatch_Login"/>
  <system-out/>
  <testcase name="stage_web_aurofit_Snatch_select_LoseWeight_Beginner_Spin_VALID_LOGIN" time="35.339" classname="testscript.Stage_web_aurofit_Snatch_Login"/>
  <system-out/>
  <testcase name="stage_web_aurofit_Snatch_select_LoseWeight_Beginner_Spin_VALID_LOGIN" time="34.525" classname="testscript.Stage_web_aurofit_Snatch_Login"/>
  <system-out/>
  <testcase name="stage_web_aurofit_Snatch_select_LoseWeight_Beginner_Spin_VALID_LOGIN" time="32.189" classname="testscript.Stage_web_aurofit_Snatch_Login"/>
  <system-out/>
  <testcase name="stage_web_aurofit_Snatch_select_LoseWeight_Beginner_Spin_VALID_LOGIN" time="36.358" classname="testscript.Stage_web_aurofit_Snatch_Login"/>
  <system-out/>
  <testcase name="stage_web_aurofit_Snatch_select_LoseWeight_Beginner_Spin_VALID_LOGIN" time="34.558" classname="testscript.Stage_web_aurofit_Snatch_Login"/>
  <system-out/>
  <testcase name="stage_web_aurofit_Snatch_select_LoseWeight_Beginner_Spin_VALID_LOGIN" time="36.782" classname="testscript.Stage_web_aurofit_Snatch_Login"/>
  <system-out/>
  <testcase name="stage_web_aurofit_Snatch_select_LoseWeight_Beginner_Spin_VALID_LOGIN" time="36.639" classname="testscript.Stage_web_aurofit_Snatch_Login"/>
  <system-out/>
  <testcase name="stage_web_aurofit_Snatch_select_LoseWeight_Beginner_Spin_VALID_LOGIN" time="35.463" classname="testscript.Stage_web_aurofit_Snatch_Login"/>
  <system-out/>
  <testcase name="stage_web_aurofit_Snatch_select_LoseWeight_Beginner_Spin_VALID_LOGIN" time="35.716" classname="testscript.Stage_web_aurofit_Snatch_Login"/>
  <system-out/>
</testsuite> <!-- testscript.Stage_web_aurofit_Snatch_Login -->
